{"C:\\Users\\aleli\\OneDrive\\Desktop\\SW Eng II\\Participium\\polito-se2-participium\\server\\constants\\reportCategories.js": {"path":"C:\\Users\\aleli\\OneDrive\\Desktop\\SW Eng II\\Participium\\polito-se2-participium\\server\\constants\\reportCategories.js","statementMap":{"0":{"start":{"line":1,"column":26},"end":{"line":11,"column":1}},"1":{"start":{"line":13,"column":0},"end":{"line":15,"column":2}}},"fnMap":{},"branchMap":{},"s":{"0":3,"1":3},"f":{},"b":{},"_coverageSchema":"1a1c01bbd47fc00a2c39e90264f33305004495a9","hash":"9d7a06dfea2b0c5bcbc2b0b5a3600dc9bfcf286f"}
,"C:\\Users\\aleli\\OneDrive\\Desktop\\SW Eng II\\Participium\\polito-se2-participium\\server\\constants\\reportStatus.js": {"path":"C:\\Users\\aleli\\OneDrive\\Desktop\\SW Eng II\\Participium\\polito-se2-participium\\server\\constants\\reportStatus.js","statementMap":{"0":{"start":{"line":1,"column":24},"end":{"line":5,"column":1}},"1":{"start":{"line":7,"column":0},"end":{"line":7,"column":33}}},"fnMap":{},"branchMap":{},"s":{"0":3,"1":3},"f":{},"b":{},"_coverageSchema":"1a1c01bbd47fc00a2c39e90264f33305004495a9","hash":"c93425b6d27a4ada2fd3514af02ba1fc0eb7fb7e"}
,"C:\\Users\\aleli\\OneDrive\\Desktop\\SW Eng II\\Participium\\polito-se2-participium\\server\\constants\\roles.js": {"path":"C:\\Users\\aleli\\OneDrive\\Desktop\\SW Eng II\\Participium\\polito-se2-participium\\server\\constants\\roles.js","statementMap":{"0":{"start":{"line":7,"column":22},"end":{"line":24,"column":1}},"1":{"start":{"line":27,"column":22},"end":{"line":43,"column":1}},"2":{"start":{"line":45,"column":31},"end":{"line":54,"column":1}},"3":{"start":{"line":56,"column":0},"end":{"line":60,"column":2}}},"fnMap":{},"branchMap":{},"s":{"0":6,"1":6,"2":6,"3":6},"f":{},"b":{},"_coverageSchema":"1a1c01bbd47fc00a2c39e90264f33305004495a9","hash":"ee3a80c06507d66c5213e5c1a2934e83c6e6426b"}
,"C:\\Users\\aleli\\OneDrive\\Desktop\\SW Eng II\\Participium\\polito-se2-participium\\server\\controller\\reportController.js": {"path":"C:\\Users\\aleli\\OneDrive\\Desktop\\SW Eng II\\Participium\\polito-se2-participium\\server\\controller\\reportController.js","statementMap":{"0":{"start":{"line":4,"column":25},"end":{"line":4,"column":66}},"1":{"start":{"line":5,"column":17},"end":{"line":5,"column":46}},"2":{"start":{"line":6,"column":13},"end":{"line":6,"column":28}},"3":{"start":{"line":13,"column":0},"end":{"line":77,"column":2}},"4":{"start":{"line":14,"column":2},"end":{"line":76,"column":3}},"5":{"start":{"line":22,"column":8},"end":{"line":22,"column":22}},"6":{"start":{"line":24,"column":4},"end":{"line":26,"column":5}},"7":{"start":{"line":25,"column":6},"end":{"line":25,"column":72}},"8":{"start":{"line":28,"column":16},"end":{"line":28,"column":36}},"9":{"start":{"line":29,"column":16},"end":{"line":29,"column":37}},"10":{"start":{"line":30,"column":4},"end":{"line":32,"column":5}},"11":{"start":{"line":31,"column":6},"end":{"line":31,"column":75}},"12":{"start":{"line":34,"column":20},"end":{"line":34,"column":22}},"13":{"start":{"line":36,"column":4},"end":{"line":42,"column":5}},"14":{"start":{"line":37,"column":6},"end":{"line":37,"column":78}},"15":{"start":{"line":37,"column":42},"end":{"line":37,"column":76}},"16":{"start":{"line":38,"column":11},"end":{"line":42,"column":5}},"17":{"start":{"line":39,"column":6},"end":{"line":39,"column":25}},"18":{"start":{"line":40,"column":11},"end":{"line":42,"column":5}},"19":{"start":{"line":41,"column":6},"end":{"line":41,"column":34}},"20":{"start":{"line":44,"column":4},"end":{"line":46,"column":5}},"21":{"start":{"line":45,"column":6},"end":{"line":45,"column":79}},"22":{"start":{"line":48,"column":23},"end":{"line":56,"column":5}},"23":{"start":{"line":58,"column":20},"end":{"line":58,"column":67}},"24":{"start":{"line":59,"column":4},"end":{"line":59,"column":41}},"25":{"start":{"line":61,"column":4},"end":{"line":63,"column":5}},"26":{"start":{"line":62,"column":6},"end":{"line":62,"column":69}},"27":{"start":{"line":64,"column":4},"end":{"line":72,"column":5}},"28":{"start":{"line":71,"column":6},"end":{"line":71,"column":58}},"29":{"start":{"line":74,"column":4},"end":{"line":74,"column":60}},"30":{"start":{"line":75,"column":4},"end":{"line":75,"column":68}},"31":{"start":{"line":82,"column":0},"end":{"line":97,"column":2}},"32":{"start":{"line":83,"column":2},"end":{"line":96,"column":3}},"33":{"start":{"line":84,"column":21},"end":{"line":84,"column":42}},"34":{"start":{"line":85,"column":4},"end":{"line":87,"column":5}},"35":{"start":{"line":86,"column":6},"end":{"line":86,"column":66}},"36":{"start":{"line":89,"column":19},"end":{"line":89,"column":65}},"37":{"start":{"line":90,"column":4},"end":{"line":90,"column":40}},"38":{"start":{"line":92,"column":4},"end":{"line":94,"column":5}},"39":{"start":{"line":93,"column":6},"end":{"line":93,"column":69}},"40":{"start":{"line":95,"column":4},"end":{"line":95,"column":68}},"41":{"start":{"line":102,"column":0},"end":{"line":131,"column":2}},"42":{"start":{"line":103,"column":2},"end":{"line":130,"column":3}},"43":{"start":{"line":104,"column":20},"end":{"line":104,"column":62}},"44":{"start":{"line":106,"column":20},"end":{"line":106,"column":58}},"45":{"start":{"line":109,"column":21},"end":{"line":121,"column":6}},"46":{"start":{"line":110,"column":24},"end":{"line":115,"column":8}},"47":{"start":{"line":112,"column":25},"end":{"line":112,"column":41}},"48":{"start":{"line":114,"column":8},"end":{"line":114,"column":55}},"49":{"start":{"line":117,"column":6},"end":{"line":120,"column":8}},"50":{"start":{"line":123,"column":4},"end":{"line":123,"column":42}},"51":{"start":{"line":125,"column":4},"end":{"line":127,"column":5}},"52":{"start":{"line":126,"column":6},"end":{"line":126,"column":69}},"53":{"start":{"line":128,"column":4},"end":{"line":128,"column":65}},"54":{"start":{"line":129,"column":4},"end":{"line":129,"column":68}},"55":{"start":{"line":140,"column":0},"end":{"line":163,"column":2}},"56":{"start":{"line":141,"column":2},"end":{"line":162,"column":3}},"57":{"start":{"line":142,"column":21},"end":{"line":142,"column":42}},"58":{"start":{"line":143,"column":4},"end":{"line":145,"column":5}},"59":{"start":{"line":144,"column":6},"end":{"line":144,"column":66}},"60":{"start":{"line":147,"column":53},"end":{"line":147,"column":67}},"61":{"start":{"line":149,"column":20},"end":{"line":153,"column":6}},"62":{"start":{"line":155,"column":4},"end":{"line":155,"column":41}},"63":{"start":{"line":157,"column":4},"end":{"line":159,"column":5}},"64":{"start":{"line":158,"column":6},"end":{"line":158,"column":69}},"65":{"start":{"line":160,"column":4},"end":{"line":160,"column":60}},"66":{"start":{"line":161,"column":4},"end":{"line":161,"column":68}}},"fnMap":{"0":{"name":"(anonymous_0)","decl":{"start":{"line":13,"column":23},"end":{"line":13,"column":24}},"loc":{"start":{"line":13,"column":43},"end":{"line":77,"column":1}},"line":13},"1":{"name":"(anonymous_1)","decl":{"start":{"line":37,"column":32},"end":{"line":37,"column":33}},"loc":{"start":{"line":37,"column":42},"end":{"line":37,"column":76}},"line":37},"2":{"name":"(anonymous_2)","decl":{"start":{"line":82,"column":24},"end":{"line":82,"column":25}},"loc":{"start":{"line":82,"column":44},"end":{"line":97,"column":1}},"line":82},"3":{"name":"(anonymous_3)","decl":{"start":{"line":102,"column":28},"end":{"line":102,"column":29}},"loc":{"start":{"line":102,"column":48},"end":{"line":131,"column":1}},"line":102},"4":{"name":"(anonymous_4)","decl":{"start":{"line":109,"column":33},"end":{"line":109,"column":34}},"loc":{"start":{"line":109,"column":40},"end":{"line":121,"column":5}},"line":109},"5":{"name":"(anonymous_5)","decl":{"start":{"line":110,"column":45},"end":{"line":110,"column":46}},"loc":{"start":{"line":110,"column":52},"end":{"line":115,"column":7}},"line":110},"6":{"name":"(anonymous_6)","decl":{"start":{"line":140,"column":23},"end":{"line":140,"column":24}},"loc":{"start":{"line":140,"column":43},"end":{"line":163,"column":1}},"line":140}},"branchMap":{"0":{"loc":{"start":{"line":22,"column":8},"end":{"line":22,"column":22}},"type":"binary-expr","locations":[{"start":{"line":22,"column":8},"end":{"line":22,"column":16}},{"start":{"line":22,"column":20},"end":{"line":22,"column":22}}],"line":22},"1":{"loc":{"start":{"line":24,"column":4},"end":{"line":26,"column":5}},"type":"if","locations":[{"start":{"line":24,"column":4},"end":{"line":26,"column":5}},{"start":{},"end":{}}],"line":24},"2":{"loc":{"start":{"line":24,"column":8},"end":{"line":24,"column":33}},"type":"binary-expr","locations":[{"start":{"line":24,"column":8},"end":{"line":24,"column":17}},{"start":{"line":24,"column":21},"end":{"line":24,"column":33}}],"line":24},"3":{"loc":{"start":{"line":30,"column":4},"end":{"line":32,"column":5}},"type":"if","locations":[{"start":{"line":30,"column":4},"end":{"line":32,"column":5}},{"start":{},"end":{}}],"line":30},"4":{"loc":{"start":{"line":30,"column":8},"end":{"line":30,"column":54}},"type":"binary-expr","locations":[{"start":{"line":30,"column":8},"end":{"line":30,"column":29}},{"start":{"line":30,"column":33},"end":{"line":30,"column":54}}],"line":30},"5":{"loc":{"start":{"line":36,"column":4},"end":{"line":42,"column":5}},"type":"if","locations":[{"start":{"line":36,"column":4},"end":{"line":42,"column":5}},{"start":{"line":38,"column":11},"end":{"line":42,"column":5}}],"line":36},"6":{"loc":{"start":{"line":36,"column":8},"end":{"line":36,"column":56}},"type":"binary-expr","locations":[{"start":{"line":36,"column":8},"end":{"line":36,"column":32}},{"start":{"line":36,"column":36},"end":{"line":36,"column":56}}],"line":36},"7":{"loc":{"start":{"line":38,"column":11},"end":{"line":42,"column":5}},"type":"if","locations":[{"start":{"line":38,"column":11},"end":{"line":42,"column":5}},{"start":{"line":40,"column":11},"end":{"line":42,"column":5}}],"line":38},"8":{"loc":{"start":{"line":38,"column":15},"end":{"line":38,"column":57}},"type":"binary-expr","locations":[{"start":{"line":38,"column":15},"end":{"line":38,"column":36}},{"start":{"line":38,"column":40},"end":{"line":38,"column":57}}],"line":38},"9":{"loc":{"start":{"line":40,"column":11},"end":{"line":42,"column":5}},"type":"if","locations":[{"start":{"line":40,"column":11},"end":{"line":42,"column":5}},{"start":{},"end":{}}],"line":40},"10":{"loc":{"start":{"line":40,"column":15},"end":{"line":40,"column":58}},"type":"binary-expr","locations":[{"start":{"line":40,"column":15},"end":{"line":40,"column":41}},{"start":{"line":40,"column":45},"end":{"line":40,"column":58}}],"line":40},"11":{"loc":{"start":{"line":44,"column":4},"end":{"line":46,"column":5}},"type":"if","locations":[{"start":{"line":44,"column":4},"end":{"line":46,"column":5}},{"start":{},"end":{}}],"line":44},"12":{"loc":{"start":{"line":61,"column":4},"end":{"line":63,"column":5}},"type":"if","locations":[{"start":{"line":61,"column":4},"end":{"line":63,"column":5}},{"start":{},"end":{}}],"line":61},"13":{"loc":{"start":{"line":64,"column":4},"end":{"line":72,"column":5}},"type":"if","locations":[{"start":{"line":64,"column":4},"end":{"line":72,"column":5}},{"start":{},"end":{}}],"line":64},"14":{"loc":{"start":{"line":65,"column":6},"end":{"line":69,"column":47}},"type":"binary-expr","locations":[{"start":{"line":65,"column":6},"end":{"line":65,"column":9}},{"start":{"line":66,"column":6},"end":{"line":66,"column":37}},{"start":{"line":67,"column":7},"end":{"line":67,"column":48}},{"start":{"line":68,"column":8},"end":{"line":68,"column":46}},{"start":{"line":69,"column":8},"end":{"line":69,"column":46}}],"line":65},"15":{"loc":{"start":{"line":85,"column":4},"end":{"line":87,"column":5}},"type":"if","locations":[{"start":{"line":85,"column":4},"end":{"line":87,"column":5}},{"start":{},"end":{}}],"line":85},"16":{"loc":{"start":{"line":92,"column":4},"end":{"line":94,"column":5}},"type":"if","locations":[{"start":{"line":92,"column":4},"end":{"line":94,"column":5}},{"start":{},"end":{}}],"line":92},"17":{"loc":{"start":{"line":110,"column":25},"end":{"line":110,"column":39}},"type":"binary-expr","locations":[{"start":{"line":110,"column":25},"end":{"line":110,"column":33}},{"start":{"line":110,"column":37},"end":{"line":110,"column":39}}],"line":110},"18":{"loc":{"start":{"line":125,"column":4},"end":{"line":127,"column":5}},"type":"if","locations":[{"start":{"line":125,"column":4},"end":{"line":127,"column":5}},{"start":{},"end":{}}],"line":125},"19":{"loc":{"start":{"line":143,"column":4},"end":{"line":145,"column":5}},"type":"if","locations":[{"start":{"line":143,"column":4},"end":{"line":145,"column":5}},{"start":{},"end":{}}],"line":143},"20":{"loc":{"start":{"line":147,"column":53},"end":{"line":147,"column":67}},"type":"binary-expr","locations":[{"start":{"line":147,"column":53},"end":{"line":147,"column":61}},{"start":{"line":147,"column":65},"end":{"line":147,"column":67}}],"line":147},"21":{"loc":{"start":{"line":157,"column":4},"end":{"line":159,"column":5}},"type":"if","locations":[{"start":{"line":157,"column":4},"end":{"line":159,"column":5}},{"start":{},"end":{}}],"line":157}},"s":{"0":3,"1":3,"2":3,"3":3,"4":10,"5":10,"6":10,"7":2,"8":8,"9":8,"10":8,"11":1,"12":7,"13":7,"14":4,"15":5,"16":3,"17":1,"18":2,"19":1,"20":7,"21":1,"22":6,"23":6,"24":3,"25":3,"26":1,"27":2,"28":1,"29":1,"30":1,"31":3,"32":4,"33":4,"34":4,"35":1,"36":3,"37":1,"38":2,"39":1,"40":1,"41":3,"42":0,"43":0,"44":0,"45":0,"46":0,"47":0,"48":0,"49":0,"50":0,"51":0,"52":0,"53":0,"54":0,"55":3,"56":0,"57":0,"58":0,"59":0,"60":0,"61":0,"62":0,"63":0,"64":0,"65":0,"66":0},"f":{"0":10,"1":5,"2":4,"3":0,"4":0,"5":0,"6":0},"b":{"0":[10,0],"1":[2,8],"2":[10,9],"3":[1,7],"4":[8,7],"5":[4,3],"6":[7,5],"7":[1,2],"8":[3,1],"9":[1,1],"10":[2,1],"11":[1,6],"12":[1,2],"13":[1,1],"14":[2,2,2,1,1],"15":[1,3],"16":[1,1],"17":[0,0],"18":[0,0],"19":[0,0],"20":[0,0],"21":[0,0]},"_coverageSchema":"1a1c01bbd47fc00a2c39e90264f33305004495a9","hash":"b34c888a054584534175d7a75b3f2071cebd79c0"}
,"C:\\Users\\aleli\\OneDrive\\Desktop\\SW Eng II\\Participium\\polito-se2-participium\\server\\controller\\sessionController.js": {"path":"C:\\Users\\aleli\\OneDrive\\Desktop\\SW Eng II\\Participium\\polito-se2-participium\\server\\controller\\sessionController.js","statementMap":{"0":{"start":{"line":2,"column":23},"end":{"line":2,"column":62}},"1":{"start":{"line":3,"column":17},"end":{"line":3,"column":46}},"2":{"start":{"line":4,"column":17},"end":{"line":4,"column":45}},"3":{"start":{"line":6,"column":0},"end":{"line":37,"column":1}},"4":{"start":{"line":7,"column":4},"end":{"line":36,"column":23}},"5":{"start":{"line":8,"column":8},"end":{"line":13,"column":9}},"6":{"start":{"line":9,"column":12},"end":{"line":11,"column":13}},"7":{"start":{"line":10,"column":16},"end":{"line":10,"column":81}},"8":{"start":{"line":12,"column":12},"end":{"line":12,"column":29}},"9":{"start":{"line":15,"column":8},"end":{"line":19,"column":9}},"10":{"start":{"line":16,"column":12},"end":{"line":18,"column":15}},"11":{"start":{"line":21,"column":8},"end":{"line":35,"column":11}},"12":{"start":{"line":22,"column":12},"end":{"line":27,"column":13}},"13":{"start":{"line":23,"column":16},"end":{"line":25,"column":17}},"14":{"start":{"line":24,"column":20},"end":{"line":24,"column":85}},"15":{"start":{"line":26,"column":16},"end":{"line":26,"column":33}},"16":{"start":{"line":28,"column":12},"end":{"line":34,"column":15}},"17":{"start":{"line":39,"column":0},"end":{"line":54,"column":2}},"18":{"start":{"line":40,"column":19},"end":{"line":40,"column":40}},"19":{"start":{"line":41,"column":4},"end":{"line":43,"column":5}},"20":{"start":{"line":42,"column":8},"end":{"line":42,"column":70}},"21":{"start":{"line":44,"column":4},"end":{"line":52,"column":7}},"22":{"start":{"line":45,"column":8},"end":{"line":50,"column":9}},"23":{"start":{"line":46,"column":12},"end":{"line":48,"column":13}},"24":{"start":{"line":47,"column":16},"end":{"line":47,"column":81}},"25":{"start":{"line":49,"column":12},"end":{"line":49,"column":29}},"26":{"start":{"line":51,"column":8},"end":{"line":51,"column":69}},"27":{"start":{"line":56,"column":0},"end":{"line":69,"column":2}},"28":{"start":{"line":57,"column":4},"end":{"line":68,"column":5}},"29":{"start":{"line":58,"column":8},"end":{"line":65,"column":11}},"30":{"start":{"line":67,"column":8},"end":{"line":67,"column":63}}},"fnMap":{"0":{"name":"(anonymous_0)","decl":{"start":{"line":6,"column":16},"end":{"line":6,"column":17}},"loc":{"start":{"line":6,"column":42},"end":{"line":37,"column":1}},"line":6},"1":{"name":"(anonymous_1)","decl":{"start":{"line":7,"column":35},"end":{"line":7,"column":36}},"loc":{"start":{"line":7,"column":56},"end":{"line":36,"column":5}},"line":7},"2":{"name":"(anonymous_2)","decl":{"start":{"line":21,"column":24},"end":{"line":21,"column":25}},"loc":{"start":{"line":21,"column":33},"end":{"line":35,"column":9}},"line":21},"3":{"name":"(anonymous_3)","decl":{"start":{"line":39,"column":17},"end":{"line":39,"column":18}},"loc":{"start":{"line":39,"column":37},"end":{"line":54,"column":1}},"line":39},"4":{"name":"(anonymous_4)","decl":{"start":{"line":44,"column":15},"end":{"line":44,"column":16}},"loc":{"start":{"line":44,"column":24},"end":{"line":52,"column":5}},"line":44},"5":{"name":"(anonymous_5)","decl":{"start":{"line":56,"column":28},"end":{"line":56,"column":29}},"loc":{"start":{"line":56,"column":42},"end":{"line":69,"column":1}},"line":56}},"branchMap":{"0":{"loc":{"start":{"line":8,"column":8},"end":{"line":13,"column":9}},"type":"if","locations":[{"start":{"line":8,"column":8},"end":{"line":13,"column":9}},{"start":{},"end":{}}],"line":8},"1":{"loc":{"start":{"line":9,"column":12},"end":{"line":11,"column":13}},"type":"if","locations":[{"start":{"line":9,"column":12},"end":{"line":11,"column":13}},{"start":{},"end":{}}],"line":9},"2":{"loc":{"start":{"line":15,"column":8},"end":{"line":19,"column":9}},"type":"if","locations":[{"start":{"line":15,"column":8},"end":{"line":19,"column":9}},{"start":{},"end":{}}],"line":15},"3":{"loc":{"start":{"line":17,"column":25},"end":{"line":17,"column":72}},"type":"binary-expr","locations":[{"start":{"line":17,"column":25},"end":{"line":17,"column":38}},{"start":{"line":17,"column":42},"end":{"line":17,"column":72}}],"line":17},"4":{"loc":{"start":{"line":22,"column":12},"end":{"line":27,"column":13}},"type":"if","locations":[{"start":{"line":22,"column":12},"end":{"line":27,"column":13}},{"start":{},"end":{}}],"line":22},"5":{"loc":{"start":{"line":23,"column":16},"end":{"line":25,"column":17}},"type":"if","locations":[{"start":{"line":23,"column":16},"end":{"line":25,"column":17}},{"start":{},"end":{}}],"line":23},"6":{"loc":{"start":{"line":41,"column":4},"end":{"line":43,"column":5}},"type":"if","locations":[{"start":{"line":41,"column":4},"end":{"line":43,"column":5}},{"start":{},"end":{}}],"line":41},"7":{"loc":{"start":{"line":45,"column":8},"end":{"line":50,"column":9}},"type":"if","locations":[{"start":{"line":45,"column":8},"end":{"line":50,"column":9}},{"start":{},"end":{}}],"line":45},"8":{"loc":{"start":{"line":46,"column":12},"end":{"line":48,"column":13}},"type":"if","locations":[{"start":{"line":46,"column":12},"end":{"line":48,"column":13}},{"start":{},"end":{}}],"line":46},"9":{"loc":{"start":{"line":57,"column":4},"end":{"line":68,"column":5}},"type":"if","locations":[{"start":{"line":57,"column":4},"end":{"line":68,"column":5}},{"start":{"line":66,"column":11},"end":{"line":68,"column":5}}],"line":57}},"s":{"0":3,"1":3,"2":3,"3":3,"4":10,"5":10,"6":2,"7":1,"8":1,"9":8,"10":3,"11":5,"12":5,"13":2,"14":1,"15":1,"16":3,"17":3,"18":5,"19":5,"20":1,"21":4,"22":4,"23":2,"24":1,"25":1,"26":2,"27":3,"28":4,"29":2,"30":2},"f":{"0":10,"1":10,"2":5,"3":5,"4":4,"5":4},"b":{"0":[2,8],"1":[1,1],"2":[3,5],"3":[3,1],"4":[2,3],"5":[1,1],"6":[1,4],"7":[2,2],"8":[1,1],"9":[2,2]},"_coverageSchema":"1a1c01bbd47fc00a2c39e90264f33305004495a9","hash":"3b7b956b4ad5b20afdbc1d0683c765be8c3f1493"}
,"C:\\Users\\aleli\\OneDrive\\Desktop\\SW Eng II\\Participium\\polito-se2-participium\\server\\controller\\userController.js": {"path":"C:\\Users\\aleli\\OneDrive\\Desktop\\SW Eng II\\Participium\\polito-se2-participium\\server\\controller\\userController.js","statementMap":{"0":{"start":{"line":3,"column":23},"end":{"line":3,"column":62}},"1":{"start":{"line":4,"column":17},"end":{"line":4,"column":46}},"2":{"start":{"line":5,"column":41},"end":{"line":5,"column":70}},"3":{"start":{"line":10,"column":0},"end":{"line":20,"column":2}},"4":{"start":{"line":11,"column":2},"end":{"line":19,"column":3}},"5":{"start":{"line":12,"column":17},"end":{"line":12,"column":64}},"6":{"start":{"line":13,"column":4},"end":{"line":13,"column":38}},"7":{"start":{"line":15,"column":4},"end":{"line":17,"column":5}},"8":{"start":{"line":16,"column":6},"end":{"line":16,"column":69}},"9":{"start":{"line":18,"column":4},"end":{"line":18,"column":68}},"10":{"start":{"line":26,"column":0},"end":{"line":37,"column":2}},"11":{"start":{"line":27,"column":2},"end":{"line":36,"column":3}},"12":{"start":{"line":28,"column":35},"end":{"line":28,"column":49}},"13":{"start":{"line":29,"column":17},"end":{"line":29,"column":65}},"14":{"start":{"line":30,"column":4},"end":{"line":30,"column":38}},"15":{"start":{"line":32,"column":4},"end":{"line":34,"column":5}},"16":{"start":{"line":33,"column":6},"end":{"line":33,"column":69}},"17":{"start":{"line":35,"column":4},"end":{"line":35,"column":68}},"18":{"start":{"line":43,"column":0},"end":{"line":63,"column":2}},"19":{"start":{"line":44,"column":2},"end":{"line":62,"column":3}},"20":{"start":{"line":45,"column":25},"end":{"line":45,"column":46}},"21":{"start":{"line":46,"column":4},"end":{"line":48,"column":5}},"22":{"start":{"line":47,"column":6},"end":{"line":47,"column":64}},"23":{"start":{"line":50,"column":21},"end":{"line":50,"column":35}},"24":{"start":{"line":51,"column":4},"end":{"line":53,"column":5}},"25":{"start":{"line":52,"column":6},"end":{"line":52,"column":72}},"26":{"start":{"line":55,"column":20},"end":{"line":55,"column":88}},"27":{"start":{"line":56,"column":4},"end":{"line":56,"column":41}},"28":{"start":{"line":58,"column":4},"end":{"line":60,"column":5}},"29":{"start":{"line":59,"column":6},"end":{"line":59,"column":69}},"30":{"start":{"line":61,"column":4},"end":{"line":61,"column":68}},"31":{"start":{"line":68,"column":0},"end":{"line":73,"column":2}},"32":{"start":{"line":69,"column":2},"end":{"line":72,"column":5}},"33":{"start":{"line":78,"column":0},"end":{"line":88,"column":2}},"34":{"start":{"line":79,"column":2},"end":{"line":87,"column":3}},"35":{"start":{"line":80,"column":20},"end":{"line":80,"column":61}},"36":{"start":{"line":81,"column":4},"end":{"line":81,"column":41}},"37":{"start":{"line":83,"column":4},"end":{"line":85,"column":5}},"38":{"start":{"line":84,"column":6},"end":{"line":84,"column":69}},"39":{"start":{"line":86,"column":4},"end":{"line":86,"column":68}},"40":{"start":{"line":93,"column":0},"end":{"line":103,"column":2}},"41":{"start":{"line":94,"column":2},"end":{"line":102,"column":3}},"42":{"start":{"line":95,"column":20},"end":{"line":95,"column":81}},"43":{"start":{"line":96,"column":4},"end":{"line":96,"column":41}},"44":{"start":{"line":98,"column":4},"end":{"line":100,"column":5}},"45":{"start":{"line":99,"column":6},"end":{"line":99,"column":69}},"46":{"start":{"line":101,"column":4},"end":{"line":101,"column":68}},"47":{"start":{"line":108,"column":0},"end":{"line":118,"column":2}},"48":{"start":{"line":109,"column":2},"end":{"line":117,"column":3}},"49":{"start":{"line":110,"column":18},"end":{"line":110,"column":72}},"50":{"start":{"line":111,"column":4},"end":{"line":111,"column":39}},"51":{"start":{"line":113,"column":4},"end":{"line":115,"column":5}},"52":{"start":{"line":114,"column":6},"end":{"line":114,"column":69}},"53":{"start":{"line":116,"column":4},"end":{"line":116,"column":68}}},"fnMap":{"0":{"name":"(anonymous_0)","decl":{"start":{"line":10,"column":22},"end":{"line":10,"column":23}},"loc":{"start":{"line":10,"column":42},"end":{"line":20,"column":1}},"line":10},"1":{"name":"(anonymous_1)","decl":{"start":{"line":26,"column":18},"end":{"line":26,"column":19}},"loc":{"start":{"line":26,"column":38},"end":{"line":37,"column":1}},"line":26},"2":{"name":"(anonymous_2)","decl":{"start":{"line":43,"column":25},"end":{"line":43,"column":26}},"loc":{"start":{"line":43,"column":45},"end":{"line":63,"column":1}},"line":43},"3":{"name":"(anonymous_3)","decl":{"start":{"line":68,"column":26},"end":{"line":68,"column":27}},"loc":{"start":{"line":68,"column":47},"end":{"line":73,"column":1}},"line":68},"4":{"name":"(anonymous_4)","decl":{"start":{"line":78,"column":21},"end":{"line":78,"column":22}},"loc":{"start":{"line":78,"column":41},"end":{"line":88,"column":1}},"line":78},"5":{"name":"(anonymous_5)","decl":{"start":{"line":93,"column":28},"end":{"line":93,"column":29}},"loc":{"start":{"line":93,"column":48},"end":{"line":103,"column":1}},"line":93},"6":{"name":"(anonymous_6)","decl":{"start":{"line":108,"column":31},"end":{"line":108,"column":32}},"loc":{"start":{"line":108,"column":51},"end":{"line":118,"column":1}},"line":108}},"branchMap":{"0":{"loc":{"start":{"line":15,"column":4},"end":{"line":17,"column":5}},"type":"if","locations":[{"start":{"line":15,"column":4},"end":{"line":17,"column":5}},{"start":{},"end":{}}],"line":15},"1":{"loc":{"start":{"line":28,"column":35},"end":{"line":28,"column":49}},"type":"binary-expr","locations":[{"start":{"line":28,"column":35},"end":{"line":28,"column":43}},{"start":{"line":28,"column":47},"end":{"line":28,"column":49}}],"line":28},"2":{"loc":{"start":{"line":32,"column":4},"end":{"line":34,"column":5}},"type":"if","locations":[{"start":{"line":32,"column":4},"end":{"line":34,"column":5}},{"start":{},"end":{}}],"line":32},"3":{"loc":{"start":{"line":46,"column":4},"end":{"line":48,"column":5}},"type":"if","locations":[{"start":{"line":46,"column":4},"end":{"line":48,"column":5}},{"start":{},"end":{}}],"line":46},"4":{"loc":{"start":{"line":50,"column":21},"end":{"line":50,"column":35}},"type":"binary-expr","locations":[{"start":{"line":50,"column":21},"end":{"line":50,"column":29}},{"start":{"line":50,"column":33},"end":{"line":50,"column":35}}],"line":50},"5":{"loc":{"start":{"line":51,"column":4},"end":{"line":53,"column":5}},"type":"if","locations":[{"start":{"line":51,"column":4},"end":{"line":53,"column":5}},{"start":{},"end":{}}],"line":51},"6":{"loc":{"start":{"line":58,"column":4},"end":{"line":60,"column":5}},"type":"if","locations":[{"start":{"line":58,"column":4},"end":{"line":60,"column":5}},{"start":{},"end":{}}],"line":58},"7":{"loc":{"start":{"line":83,"column":4},"end":{"line":85,"column":5}},"type":"if","locations":[{"start":{"line":83,"column":4},"end":{"line":85,"column":5}},{"start":{},"end":{}}],"line":83},"8":{"loc":{"start":{"line":98,"column":4},"end":{"line":100,"column":5}},"type":"if","locations":[{"start":{"line":98,"column":4},"end":{"line":100,"column":5}},{"start":{},"end":{}}],"line":98},"9":{"loc":{"start":{"line":113,"column":4},"end":{"line":115,"column":5}},"type":"if","locations":[{"start":{"line":113,"column":4},"end":{"line":115,"column":5}},{"start":{},"end":{}}],"line":113}},"s":{"0":3,"1":3,"2":3,"3":3,"4":3,"5":3,"6":1,"7":2,"8":1,"9":1,"10":3,"11":4,"12":4,"13":4,"14":1,"15":3,"16":2,"17":1,"18":3,"19":7,"20":7,"21":7,"22":1,"23":6,"24":6,"25":2,"26":4,"27":2,"28":2,"29":1,"30":1,"31":3,"32":1,"33":3,"34":4,"35":4,"36":2,"37":2,"38":1,"39":1,"40":3,"41":4,"42":4,"43":2,"44":2,"45":1,"46":1,"47":3,"48":4,"49":4,"50":2,"51":2,"52":1,"53":1},"f":{"0":3,"1":4,"2":7,"3":1,"4":4,"5":4,"6":4},"b":{"0":[1,1],"1":[4,1],"2":[2,1],"3":[1,6],"4":[6,1],"5":[2,4],"6":[1,1],"7":[1,1],"8":[1,1],"9":[1,1]},"_coverageSchema":"1a1c01bbd47fc00a2c39e90264f33305004495a9","hash":"b2e88d09ac31bf8e7c0cba48d6adea84f8b125c5"}
,"C:\\Users\\aleli\\OneDrive\\Desktop\\SW Eng II\\Participium\\polito-se2-participium\\server\\dao\\reportDao.js": {"path":"C:\\Users\\aleli\\OneDrive\\Desktop\\SW Eng II\\Participium\\polito-se2-participium\\server\\dao\\reportDao.js","statementMap":{"0":{"start":{"line":3,"column":15},"end":{"line":3,"column":33}},"1":{"start":{"line":4,"column":13},"end":{"line":4,"column":28}},"2":{"start":{"line":7,"column":15},"end":{"line":7,"column":65}},"3":{"start":{"line":8,"column":11},"end":{"line":10,"column":2}},"4":{"start":{"line":9,"column":2},"end":{"line":9,"column":49}},"5":{"start":{"line":9,"column":11},"end":{"line":9,"column":49}},"6":{"start":{"line":17,"column":0},"end":{"line":48,"column":2}},"7":{"start":{"line":18,"column":2},"end":{"line":47,"column":5}},"8":{"start":{"line":19,"column":37},"end":{"line":23,"column":5}},"9":{"start":{"line":25,"column":22},"end":{"line":26,"column":58}},"10":{"start":{"line":27,"column":4},"end":{"line":46,"column":6}},"11":{"start":{"line":31,"column":8},"end":{"line":35,"column":9}},"12":{"start":{"line":32,"column":10},"end":{"line":32,"column":62}},"13":{"start":{"line":33,"column":10},"end":{"line":33,"column":28}},"14":{"start":{"line":34,"column":10},"end":{"line":34,"column":17}},"15":{"start":{"line":37,"column":26},"end":{"line":37,"column":62}},"16":{"start":{"line":38,"column":8},"end":{"line":44,"column":11}},"17":{"start":{"line":39,"column":10},"end":{"line":42,"column":11}},"18":{"start":{"line":40,"column":12},"end":{"line":40,"column":24}},"19":{"start":{"line":41,"column":12},"end":{"line":41,"column":19}},"20":{"start":{"line":43,"column":10},"end":{"line":43,"column":23}},"21":{"start":{"line":55,"column":0},"end":{"line":66,"column":2}},"22":{"start":{"line":56,"column":2},"end":{"line":65,"column":5}},"23":{"start":{"line":57,"column":16},"end":{"line":57,"column":52}},"24":{"start":{"line":58,"column":4},"end":{"line":64,"column":7}},"25":{"start":{"line":59,"column":6},"end":{"line":62,"column":7}},"26":{"start":{"line":60,"column":8},"end":{"line":60,"column":20}},"27":{"start":{"line":61,"column":8},"end":{"line":61,"column":15}},"28":{"start":{"line":63,"column":6},"end":{"line":63,"column":19}},"29":{"start":{"line":74,"column":0},"end":{"line":100,"column":2}},"30":{"start":{"line":75,"column":2},"end":{"line":99,"column":5}},"31":{"start":{"line":76,"column":16},"end":{"line":83,"column":5}},"32":{"start":{"line":84,"column":4},"end":{"line":98,"column":7}},"33":{"start":{"line":85,"column":6},"end":{"line":87,"column":7}},"34":{"start":{"line":86,"column":8},"end":{"line":86,"column":27}},"35":{"start":{"line":88,"column":6},"end":{"line":91,"column":7}},"36":{"start":{"line":90,"column":8},"end":{"line":90,"column":29}},"37":{"start":{"line":92,"column":6},"end":{"line":97,"column":9}},"38":{"start":{"line":93,"column":8},"end":{"line":95,"column":9}},"39":{"start":{"line":94,"column":10},"end":{"line":94,"column":30}},"40":{"start":{"line":96,"column":8},"end":{"line":96,"column":21}},"41":{"start":{"line":107,"column":0},"end":{"line":143,"column":2}},"42":{"start":{"line":108,"column":2},"end":{"line":142,"column":5}},"43":{"start":{"line":109,"column":16},"end":{"line":135,"column":5}},"44":{"start":{"line":136,"column":4},"end":{"line":141,"column":7}},"45":{"start":{"line":137,"column":6},"end":{"line":139,"column":7}},"46":{"start":{"line":138,"column":8},"end":{"line":138,"column":27}},"47":{"start":{"line":140,"column":6},"end":{"line":140,"column":26}}},"fnMap":{"0":{"name":"(anonymous_0)","decl":{"start":{"line":8,"column":39},"end":{"line":8,"column":40}},"loc":{"start":{"line":8,"column":48},"end":{"line":10,"column":1}},"line":8},"1":{"name":"(anonymous_1)","decl":{"start":{"line":17,"column":23},"end":{"line":17,"column":24}},"loc":{"start":{"line":17,"column":98},"end":{"line":48,"column":1}},"line":17},"2":{"name":"(anonymous_2)","decl":{"start":{"line":18,"column":21},"end":{"line":18,"column":22}},"loc":{"start":{"line":18,"column":42},"end":{"line":47,"column":3}},"line":18},"3":{"name":"(anonymous_3)","decl":{"start":{"line":30,"column":6},"end":{"line":30,"column":7}},"loc":{"start":{"line":30,"column":27},"end":{"line":45,"column":7}},"line":30},"4":{"name":"(anonymous_4)","decl":{"start":{"line":38,"column":41},"end":{"line":38,"column":42}},"loc":{"start":{"line":38,"column":55},"end":{"line":44,"column":9}},"line":38},"5":{"name":"(anonymous_5)","decl":{"start":{"line":55,"column":24},"end":{"line":55,"column":25}},"loc":{"start":{"line":55,"column":38},"end":{"line":66,"column":1}},"line":55},"6":{"name":"(anonymous_6)","decl":{"start":{"line":56,"column":21},"end":{"line":56,"column":22}},"loc":{"start":{"line":56,"column":42},"end":{"line":65,"column":3}},"line":56},"7":{"name":"(anonymous_7)","decl":{"start":{"line":58,"column":28},"end":{"line":58,"column":29}},"loc":{"start":{"line":58,"column":42},"end":{"line":64,"column":5}},"line":58},"8":{"name":"(anonymous_8)","decl":{"start":{"line":74,"column":29},"end":{"line":74,"column":30}},"loc":{"start":{"line":74,"column":103},"end":{"line":100,"column":1}},"line":74},"9":{"name":"(anonymous_9)","decl":{"start":{"line":75,"column":21},"end":{"line":75,"column":22}},"loc":{"start":{"line":75,"column":42},"end":{"line":99,"column":3}},"line":75},"10":{"name":"(anonymous_10)","decl":{"start":{"line":84,"column":70},"end":{"line":84,"column":71}},"loc":{"start":{"line":84,"column":85},"end":{"line":98,"column":5}},"line":84},"11":{"name":"(anonymous_11)","decl":{"start":{"line":92,"column":63},"end":{"line":92,"column":64}},"loc":{"start":{"line":92,"column":78},"end":{"line":97,"column":7}},"line":92},"12":{"name":"(anonymous_12)","decl":{"start":{"line":107,"column":29},"end":{"line":107,"column":30}},"loc":{"start":{"line":107,"column":41},"end":{"line":143,"column":1}},"line":107},"13":{"name":"(anonymous_13)","decl":{"start":{"line":108,"column":21},"end":{"line":108,"column":22}},"loc":{"start":{"line":108,"column":42},"end":{"line":142,"column":3}},"line":108},"14":{"name":"(anonymous_14)","decl":{"start":{"line":136,"column":26},"end":{"line":136,"column":27}},"loc":{"start":{"line":136,"column":41},"end":{"line":141,"column":5}},"line":136}},"branchMap":{"0":{"loc":{"start":{"line":9,"column":2},"end":{"line":9,"column":49}},"type":"if","locations":[{"start":{"line":9,"column":2},"end":{"line":9,"column":49}},{"start":{},"end":{}}],"line":9},"1":{"loc":{"start":{"line":21,"column":6},"end":{"line":21,"column":23}},"type":"binary-expr","locations":[{"start":{"line":21,"column":6},"end":{"line":21,"column":15}},{"start":{"line":21,"column":19},"end":{"line":21,"column":23}}],"line":21},"2":{"loc":{"start":{"line":22,"column":6},"end":{"line":22,"column":23}},"type":"binary-expr","locations":[{"start":{"line":22,"column":6},"end":{"line":22,"column":15}},{"start":{"line":22,"column":19},"end":{"line":22,"column":23}}],"line":22},"3":{"loc":{"start":{"line":31,"column":8},"end":{"line":35,"column":9}},"type":"if","locations":[{"start":{"line":31,"column":8},"end":{"line":35,"column":9}},{"start":{},"end":{}}],"line":31},"4":{"loc":{"start":{"line":39,"column":10},"end":{"line":42,"column":11}},"type":"if","locations":[{"start":{"line":39,"column":10},"end":{"line":42,"column":11}},{"start":{},"end":{}}],"line":39},"5":{"loc":{"start":{"line":59,"column":6},"end":{"line":62,"column":7}},"type":"if","locations":[{"start":{"line":59,"column":6},"end":{"line":62,"column":7}},{"start":{},"end":{}}],"line":59},"6":{"loc":{"start":{"line":74,"column":50},"end":{"line":74,"column":72}},"type":"default-arg","locations":[{"start":{"line":74,"column":68},"end":{"line":74,"column":72}}],"line":74},"7":{"loc":{"start":{"line":74,"column":74},"end":{"line":74,"column":96}},"type":"default-arg","locations":[{"start":{"line":74,"column":92},"end":{"line":74,"column":96}}],"line":74},"8":{"loc":{"start":{"line":85,"column":6},"end":{"line":87,"column":7}},"type":"if","locations":[{"start":{"line":85,"column":6},"end":{"line":87,"column":7}},{"start":{},"end":{}}],"line":85},"9":{"loc":{"start":{"line":88,"column":6},"end":{"line":91,"column":7}},"type":"if","locations":[{"start":{"line":88,"column":6},"end":{"line":91,"column":7}},{"start":{},"end":{}}],"line":88},"10":{"loc":{"start":{"line":93,"column":8},"end":{"line":95,"column":9}},"type":"if","locations":[{"start":{"line":93,"column":8},"end":{"line":95,"column":9}},{"start":{},"end":{}}],"line":93},"11":{"loc":{"start":{"line":137,"column":6},"end":{"line":139,"column":7}},"type":"if","locations":[{"start":{"line":137,"column":6},"end":{"line":139,"column":7}},{"start":{},"end":{}}],"line":137},"12":{"loc":{"start":{"line":140,"column":14},"end":{"line":140,"column":24}},"type":"binary-expr","locations":[{"start":{"line":140,"column":14},"end":{"line":140,"column":18}},{"start":{"line":140,"column":22},"end":{"line":140,"column":24}}],"line":140}},"s":{"0":8,"1":8,"2":8,"3":8,"4":8,"5":0,"6":8,"7":1,"8":1,"9":1,"10":1,"11":0,"12":0,"13":0,"14":0,"15":0,"16":0,"17":0,"18":0,"19":0,"20":0,"21":8,"22":1,"23":1,"24":1,"25":0,"26":0,"27":0,"28":0,"29":8,"30":2,"31":2,"32":2,"33":0,"34":0,"35":0,"36":0,"37":0,"38":0,"39":0,"40":0,"41":8,"42":1,"43":1,"44":1,"45":0,"46":0,"47":0},"f":{"0":8,"1":1,"2":1,"3":0,"4":0,"5":1,"6":1,"7":0,"8":2,"9":2,"10":0,"11":0,"12":1,"13":1,"14":0},"b":{"0":[0,8],"1":[1,1],"2":[1,1],"3":[0,0],"4":[0,0],"5":[0,0],"6":[0],"7":[0],"8":[0,0],"9":[0,0],"10":[0,0],"11":[0,0],"12":[0,0]},"_coverageSchema":"1a1c01bbd47fc00a2c39e90264f33305004495a9","hash":"9400df6a4f8a39c225a41049195e0a61930370db"}
,"C:\\Users\\aleli\\OneDrive\\Desktop\\SW Eng II\\Participium\\polito-se2-participium\\server\\dao\\userDao.js": {"path":"C:\\Users\\aleli\\OneDrive\\Desktop\\SW Eng II\\Participium\\polito-se2-participium\\server\\dao\\userDao.js","statementMap":{"0":{"start":{"line":3,"column":15},"end":{"line":3,"column":33}},"1":{"start":{"line":4,"column":15},"end":{"line":4,"column":32}},"2":{"start":{"line":5,"column":13},"end":{"line":5,"column":28}},"3":{"start":{"line":6,"column":26},"end":{"line":6,"column":55}},"4":{"start":{"line":9,"column":15},"end":{"line":9,"column":65}},"5":{"start":{"line":10,"column":11},"end":{"line":12,"column":2}},"6":{"start":{"line":11,"column":2},"end":{"line":11,"column":21}},"7":{"start":{"line":11,"column":11},"end":{"line":11,"column":21}},"8":{"start":{"line":20,"column":0},"end":{"line":57,"column":2}},"9":{"start":{"line":21,"column":2},"end":{"line":56,"column":5}},"10":{"start":{"line":22,"column":16},"end":{"line":22,"column":56}},"11":{"start":{"line":23,"column":4},"end":{"line":55,"column":7}},"12":{"start":{"line":24,"column":6},"end":{"line":27,"column":7}},"13":{"start":{"line":25,"column":8},"end":{"line":25,"column":20}},"14":{"start":{"line":26,"column":8},"end":{"line":26,"column":15}},"15":{"start":{"line":29,"column":6},"end":{"line":32,"column":7}},"16":{"start":{"line":30,"column":8},"end":{"line":30,"column":23}},"17":{"start":{"line":31,"column":8},"end":{"line":31,"column":15}},"18":{"start":{"line":35,"column":6},"end":{"line":54,"column":9}},"19":{"start":{"line":36,"column":8},"end":{"line":39,"column":9}},"20":{"start":{"line":37,"column":10},"end":{"line":37,"column":22}},"21":{"start":{"line":38,"column":10},"end":{"line":38,"column":17}},"22":{"start":{"line":41,"column":8},"end":{"line":53,"column":9}},"23":{"start":{"line":43,"column":23},"end":{"line":49,"column":11}},"24":{"start":{"line":50,"column":10},"end":{"line":50,"column":24}},"25":{"start":{"line":52,"column":10},"end":{"line":52,"column":25}},"26":{"start":{"line":64,"column":0},"end":{"line":75,"column":2}},"27":{"start":{"line":65,"column":2},"end":{"line":74,"column":5}},"28":{"start":{"line":66,"column":16},"end":{"line":66,"column":89}},"29":{"start":{"line":67,"column":4},"end":{"line":73,"column":7}},"30":{"start":{"line":68,"column":6},"end":{"line":71,"column":7}},"31":{"start":{"line":69,"column":8},"end":{"line":69,"column":20}},"32":{"start":{"line":70,"column":8},"end":{"line":70,"column":15}},"33":{"start":{"line":72,"column":6},"end":{"line":72,"column":19}},"34":{"start":{"line":82,"column":0},"end":{"line":93,"column":2}},"35":{"start":{"line":83,"column":2},"end":{"line":92,"column":5}},"36":{"start":{"line":84,"column":16},"end":{"line":84,"column":57}},"37":{"start":{"line":85,"column":4},"end":{"line":91,"column":7}},"38":{"start":{"line":86,"column":6},"end":{"line":89,"column":7}},"39":{"start":{"line":87,"column":8},"end":{"line":87,"column":20}},"40":{"start":{"line":88,"column":8},"end":{"line":88,"column":15}},"41":{"start":{"line":90,"column":6},"end":{"line":90,"column":19}},"42":{"start":{"line":100,"column":0},"end":{"line":111,"column":2}},"43":{"start":{"line":101,"column":2},"end":{"line":110,"column":5}},"44":{"start":{"line":102,"column":16},"end":{"line":102,"column":54}},"45":{"start":{"line":103,"column":4},"end":{"line":109,"column":7}},"46":{"start":{"line":104,"column":6},"end":{"line":107,"column":7}},"47":{"start":{"line":105,"column":8},"end":{"line":105,"column":20}},"48":{"start":{"line":106,"column":8},"end":{"line":106,"column":15}},"49":{"start":{"line":108,"column":6},"end":{"line":108,"column":19}},"50":{"start":{"line":118,"column":0},"end":{"line":140,"column":2}},"51":{"start":{"line":119,"column":2},"end":{"line":139,"column":5}},"52":{"start":{"line":120,"column":4},"end":{"line":138,"column":5}},"53":{"start":{"line":122,"column":25},"end":{"line":122,"column":27}},"54":{"start":{"line":123,"column":19},"end":{"line":123,"column":51}},"55":{"start":{"line":124,"column":19},"end":{"line":124,"column":52}},"56":{"start":{"line":126,"column":24},"end":{"line":127,"column":54}},"57":{"start":{"line":128,"column":6},"end":{"line":135,"column":9}},"58":{"start":{"line":129,"column":8},"end":{"line":133,"column":9}},"59":{"start":{"line":130,"column":10},"end":{"line":130,"column":60}},"60":{"start":{"line":131,"column":10},"end":{"line":131,"column":28}},"61":{"start":{"line":132,"column":10},"end":{"line":132,"column":17}},"62":{"start":{"line":134,"column":8},"end":{"line":134,"column":75}},"63":{"start":{"line":137,"column":6},"end":{"line":137,"column":16}},"64":{"start":{"line":148,"column":0},"end":{"line":167,"column":2}},"65":{"start":{"line":149,"column":2},"end":{"line":166,"column":5}},"66":{"start":{"line":150,"column":4},"end":{"line":153,"column":5}},"67":{"start":{"line":151,"column":6},"end":{"line":151,"column":40}},"68":{"start":{"line":152,"column":6},"end":{"line":152,"column":13}},"69":{"start":{"line":154,"column":16},"end":{"line":154,"column":88}},"70":{"start":{"line":155,"column":4},"end":{"line":165,"column":7}},"71":{"start":{"line":156,"column":6},"end":{"line":159,"column":7}},"72":{"start":{"line":157,"column":8},"end":{"line":157,"column":20}},"73":{"start":{"line":158,"column":8},"end":{"line":158,"column":15}},"74":{"start":{"line":160,"column":6},"end":{"line":163,"column":7}},"75":{"start":{"line":161,"column":8},"end":{"line":161,"column":22}},"76":{"start":{"line":162,"column":8},"end":{"line":162,"column":15}},"77":{"start":{"line":164,"column":6},"end":{"line":164,"column":45}},"78":{"start":{"line":172,"column":0},"end":{"line":185,"column":2}},"79":{"start":{"line":173,"column":2},"end":{"line":184,"column":5}},"80":{"start":{"line":174,"column":16},"end":{"line":179,"column":5}},"81":{"start":{"line":180,"column":4},"end":{"line":183,"column":7}},"82":{"start":{"line":181,"column":6},"end":{"line":181,"column":34}},"83":{"start":{"line":181,"column":15},"end":{"line":181,"column":34}},"84":{"start":{"line":182,"column":6},"end":{"line":182,"column":26}}},"fnMap":{"0":{"name":"(anonymous_0)","decl":{"start":{"line":10,"column":39},"end":{"line":10,"column":40}},"loc":{"start":{"line":10,"column":48},"end":{"line":12,"column":1}},"line":10},"1":{"name":"(anonymous_1)","decl":{"start":{"line":20,"column":18},"end":{"line":20,"column":19}},"loc":{"start":{"line":20,"column":42},"end":{"line":57,"column":1}},"line":20},"2":{"name":"(anonymous_2)","decl":{"start":{"line":21,"column":21},"end":{"line":21,"column":22}},"loc":{"start":{"line":21,"column":42},"end":{"line":56,"column":3}},"line":21},"3":{"name":"(anonymous_3)","decl":{"start":{"line":23,"column":28},"end":{"line":23,"column":29}},"loc":{"start":{"line":23,"column":42},"end":{"line":55,"column":5}},"line":23},"4":{"name":"(anonymous_4)","decl":{"start":{"line":35,"column":45},"end":{"line":35,"column":46}},"loc":{"start":{"line":35,"column":63},"end":{"line":54,"column":7}},"line":35},"5":{"name":"(anonymous_5)","decl":{"start":{"line":64,"column":22},"end":{"line":64,"column":23}},"loc":{"start":{"line":64,"column":30},"end":{"line":75,"column":1}},"line":64},"6":{"name":"(anonymous_6)","decl":{"start":{"line":65,"column":21},"end":{"line":65,"column":22}},"loc":{"start":{"line":65,"column":42},"end":{"line":74,"column":3}},"line":65},"7":{"name":"(anonymous_7)","decl":{"start":{"line":67,"column":22},"end":{"line":67,"column":23}},"loc":{"start":{"line":67,"column":36},"end":{"line":73,"column":5}},"line":67},"8":{"name":"(anonymous_8)","decl":{"start":{"line":82,"column":28},"end":{"line":82,"column":29}},"loc":{"start":{"line":82,"column":42},"end":{"line":93,"column":1}},"line":82},"9":{"name":"(anonymous_9)","decl":{"start":{"line":83,"column":21},"end":{"line":83,"column":22}},"loc":{"start":{"line":83,"column":42},"end":{"line":92,"column":3}},"line":83},"10":{"name":"(anonymous_10)","decl":{"start":{"line":85,"column":28},"end":{"line":85,"column":29}},"loc":{"start":{"line":85,"column":42},"end":{"line":91,"column":5}},"line":85},"11":{"name":"(anonymous_11)","decl":{"start":{"line":100,"column":25},"end":{"line":100,"column":26}},"loc":{"start":{"line":100,"column":36},"end":{"line":111,"column":1}},"line":100},"12":{"name":"(anonymous_12)","decl":{"start":{"line":101,"column":21},"end":{"line":101,"column":22}},"loc":{"start":{"line":101,"column":42},"end":{"line":110,"column":3}},"line":101},"13":{"name":"(anonymous_13)","decl":{"start":{"line":103,"column":25},"end":{"line":103,"column":26}},"loc":{"start":{"line":103,"column":39},"end":{"line":109,"column":5}},"line":103},"14":{"name":"(anonymous_14)","decl":{"start":{"line":118,"column":21},"end":{"line":118,"column":22}},"loc":{"start":{"line":118,"column":89},"end":{"line":140,"column":1}},"line":118},"15":{"name":"(anonymous_15)","decl":{"start":{"line":119,"column":21},"end":{"line":119,"column":22}},"loc":{"start":{"line":119,"column":48},"end":{"line":139,"column":3}},"line":119},"16":{"name":"(anonymous_16)","decl":{"start":{"line":128,"column":76},"end":{"line":128,"column":77}},"loc":{"start":{"line":128,"column":97},"end":{"line":135,"column":7}},"line":128},"17":{"name":"(anonymous_17)","decl":{"start":{"line":148,"column":29},"end":{"line":148,"column":30}},"loc":{"start":{"line":148,"column":50},"end":{"line":167,"column":1}},"line":148},"18":{"name":"(anonymous_18)","decl":{"start":{"line":149,"column":21},"end":{"line":149,"column":22}},"loc":{"start":{"line":149,"column":42},"end":{"line":166,"column":3}},"line":149},"19":{"name":"(anonymous_19)","decl":{"start":{"line":155,"column":35},"end":{"line":155,"column":36}},"loc":{"start":{"line":155,"column":50},"end":{"line":165,"column":5}},"line":155},"20":{"name":"(anonymous_20)","decl":{"start":{"line":172,"column":32},"end":{"line":172,"column":33}},"loc":{"start":{"line":172,"column":38},"end":{"line":185,"column":1}},"line":172},"21":{"name":"(anonymous_21)","decl":{"start":{"line":173,"column":21},"end":{"line":173,"column":22}},"loc":{"start":{"line":173,"column":42},"end":{"line":184,"column":3}},"line":173},"22":{"name":"(anonymous_22)","decl":{"start":{"line":180,"column":20},"end":{"line":180,"column":21}},"loc":{"start":{"line":180,"column":35},"end":{"line":183,"column":5}},"line":180}},"branchMap":{"0":{"loc":{"start":{"line":11,"column":2},"end":{"line":11,"column":21}},"type":"if","locations":[{"start":{"line":11,"column":2},"end":{"line":11,"column":21}},{"start":{},"end":{}}],"line":11},"1":{"loc":{"start":{"line":24,"column":6},"end":{"line":27,"column":7}},"type":"if","locations":[{"start":{"line":24,"column":6},"end":{"line":27,"column":7}},{"start":{},"end":{}}],"line":24},"2":{"loc":{"start":{"line":29,"column":6},"end":{"line":32,"column":7}},"type":"if","locations":[{"start":{"line":29,"column":6},"end":{"line":32,"column":7}},{"start":{},"end":{}}],"line":29},"3":{"loc":{"start":{"line":36,"column":8},"end":{"line":39,"column":9}},"type":"if","locations":[{"start":{"line":36,"column":8},"end":{"line":39,"column":9}},{"start":{},"end":{}}],"line":36},"4":{"loc":{"start":{"line":41,"column":8},"end":{"line":53,"column":9}},"type":"if","locations":[{"start":{"line":41,"column":8},"end":{"line":53,"column":9}},{"start":{"line":51,"column":15},"end":{"line":53,"column":9}}],"line":41},"5":{"loc":{"start":{"line":68,"column":6},"end":{"line":71,"column":7}},"type":"if","locations":[{"start":{"line":68,"column":6},"end":{"line":71,"column":7}},{"start":{},"end":{}}],"line":68},"6":{"loc":{"start":{"line":86,"column":6},"end":{"line":89,"column":7}},"type":"if","locations":[{"start":{"line":86,"column":6},"end":{"line":89,"column":7}},{"start":{},"end":{}}],"line":86},"7":{"loc":{"start":{"line":104,"column":6},"end":{"line":107,"column":7}},"type":"if","locations":[{"start":{"line":104,"column":6},"end":{"line":107,"column":7}},{"start":{},"end":{}}],"line":104},"8":{"loc":{"start":{"line":118,"column":66},"end":{"line":118,"column":82}},"type":"default-arg","locations":[{"start":{"line":118,"column":73},"end":{"line":118,"column":82}}],"line":118},"9":{"loc":{"start":{"line":129,"column":8},"end":{"line":133,"column":9}},"type":"if","locations":[{"start":{"line":129,"column":8},"end":{"line":133,"column":9}},{"start":{},"end":{}}],"line":129},"10":{"loc":{"start":{"line":150,"column":4},"end":{"line":153,"column":5}},"type":"if","locations":[{"start":{"line":150,"column":4},"end":{"line":153,"column":5}},{"start":{},"end":{}}],"line":150},"11":{"loc":{"start":{"line":156,"column":6},"end":{"line":159,"column":7}},"type":"if","locations":[{"start":{"line":156,"column":6},"end":{"line":159,"column":7}},{"start":{},"end":{}}],"line":156},"12":{"loc":{"start":{"line":160,"column":6},"end":{"line":163,"column":7}},"type":"if","locations":[{"start":{"line":160,"column":6},"end":{"line":163,"column":7}},{"start":{},"end":{}}],"line":160},"13":{"loc":{"start":{"line":181,"column":6},"end":{"line":181,"column":34}},"type":"if","locations":[{"start":{"line":181,"column":6},"end":{"line":181,"column":34}},{"start":{},"end":{}}],"line":181},"14":{"loc":{"start":{"line":182,"column":14},"end":{"line":182,"column":24}},"type":"binary-expr","locations":[{"start":{"line":182,"column":14},"end":{"line":182,"column":18}},{"start":{"line":182,"column":22},"end":{"line":182,"column":24}}],"line":182}},"s":{"0":3,"1":3,"2":3,"3":3,"4":3,"5":3,"6":2,"7":0,"8":3,"9":3,"10":3,"11":3,"12":3,"13":0,"14":0,"15":3,"16":1,"17":1,"18":2,"19":2,"20":0,"21":0,"22":2,"23":2,"24":2,"25":0,"26":3,"27":9,"28":9,"29":9,"30":9,"31":0,"32":0,"33":9,"34":3,"35":2,"36":2,"37":2,"38":2,"39":0,"40":0,"41":2,"42":3,"43":2,"44":2,"45":2,"46":2,"47":0,"48":0,"49":2,"50":3,"51":4,"52":4,"53":4,"54":4,"55":4,"56":4,"57":4,"58":4,"59":0,"60":0,"61":0,"62":4,"63":0,"64":3,"65":1,"66":1,"67":0,"68":0,"69":1,"70":1,"71":1,"72":0,"73":0,"74":1,"75":0,"76":0,"77":1,"78":3,"79":1,"80":1,"81":1,"82":1,"83":0,"84":1},"f":{"0":2,"1":3,"2":3,"3":3,"4":2,"5":9,"6":9,"7":9,"8":2,"9":2,"10":2,"11":2,"12":2,"13":2,"14":4,"15":4,"16":4,"17":1,"18":1,"19":1,"20":1,"21":1,"22":1},"b":{"0":[0,2],"1":[0,3],"2":[1,2],"3":[0,2],"4":[2,0],"5":[0,9],"6":[0,2],"7":[0,2],"8":[2],"9":[0,4],"10":[0,1],"11":[0,1],"12":[0,1],"13":[0,1],"14":[1,0]},"_coverageSchema":"1a1c01bbd47fc00a2c39e90264f33305004495a9","hash":"7ca3bb013be301950172141bea6692bb0c31fc29"}
,"C:\\Users\\aleli\\OneDrive\\Desktop\\SW Eng II\\Participium\\polito-se2-participium\\server\\errors\\AppError.js": {"path":"C:\\Users\\aleli\\OneDrive\\Desktop\\SW Eng II\\Participium\\polito-se2-participium\\server\\errors\\AppError.js","statementMap":{"0":{"start":{"line":6,"column":4},"end":{"line":6,"column":19}},"1":{"start":{"line":7,"column":4},"end":{"line":7,"column":28}},"2":{"start":{"line":8,"column":4},"end":{"line":8,"column":52}},"3":{"start":{"line":12,"column":0},"end":{"line":12,"column":26}}},"fnMap":{"0":{"name":"(anonymous_0)","decl":{"start":{"line":2,"column":2},"end":{"line":2,"column":3}},"loc":{"start":{"line":5,"column":4},"end":{"line":9,"column":3}},"line":5}},"branchMap":{},"s":{"0":50,"1":50,"2":50,"3":9},"f":{"0":50},"b":{},"_coverageSchema":"1a1c01bbd47fc00a2c39e90264f33305004495a9","hash":"3e09a58f4d7fb5f4e26a78abd7cced59e0902e3f"}
,"C:\\Users\\aleli\\OneDrive\\Desktop\\SW Eng II\\Participium\\polito-se2-participium\\server\\errors\\BadRequestError.js": {"path":"C:\\Users\\aleli\\OneDrive\\Desktop\\SW Eng II\\Participium\\polito-se2-participium\\server\\errors\\BadRequestError.js","statementMap":{"0":{"start":{"line":1,"column":17},"end":{"line":1,"column":38}},"1":{"start":{"line":5,"column":4},"end":{"line":5,"column":19}},"2":{"start":{"line":6,"column":4},"end":{"line":6,"column":26}},"3":{"start":{"line":7,"column":4},"end":{"line":7,"column":34}},"4":{"start":{"line":11,"column":0},"end":{"line":11,"column":32}}},"fnMap":{"0":{"name":"(anonymous_0)","decl":{"start":{"line":4,"column":2},"end":{"line":4,"column":3}},"loc":{"start":{"line":4,"column":23},"end":{"line":8,"column":3}},"line":4}},"branchMap":{},"s":{"0":6,"1":19,"2":19,"3":19,"4":6},"f":{"0":19},"b":{},"_coverageSchema":"1a1c01bbd47fc00a2c39e90264f33305004495a9","hash":"c1c1e8833ff77b988a486e7c3b8663192668024a"}
,"C:\\Users\\aleli\\OneDrive\\Desktop\\SW Eng II\\Participium\\polito-se2-participium\\server\\errors\\ConflictError.js": {"path":"C:\\Users\\aleli\\OneDrive\\Desktop\\SW Eng II\\Participium\\polito-se2-participium\\server\\errors\\ConflictError.js","statementMap":{"0":{"start":{"line":1,"column":17},"end":{"line":1,"column":38}},"1":{"start":{"line":5,"column":4},"end":{"line":5,"column":19}},"2":{"start":{"line":6,"column":4},"end":{"line":6,"column":26}},"3":{"start":{"line":7,"column":4},"end":{"line":7,"column":32}},"4":{"start":{"line":11,"column":0},"end":{"line":11,"column":30}}},"fnMap":{"0":{"name":"(anonymous_0)","decl":{"start":{"line":4,"column":2},"end":{"line":4,"column":3}},"loc":{"start":{"line":4,"column":23},"end":{"line":8,"column":3}},"line":4}},"branchMap":{},"s":{"0":5,"1":4,"2":4,"3":4,"4":5},"f":{"0":4},"b":{},"_coverageSchema":"1a1c01bbd47fc00a2c39e90264f33305004495a9","hash":"1da30e9c9dfc3bcc8b7bed196f67cfdaf9dfa536"}
,"C:\\Users\\aleli\\OneDrive\\Desktop\\SW Eng II\\Participium\\polito-se2-participium\\server\\errors\\NotFoundError.js": {"path":"C:\\Users\\aleli\\OneDrive\\Desktop\\SW Eng II\\Participium\\polito-se2-participium\\server\\errors\\NotFoundError.js","statementMap":{"0":{"start":{"line":1,"column":17},"end":{"line":1,"column":38}},"1":{"start":{"line":5,"column":4},"end":{"line":5,"column":19}},"2":{"start":{"line":6,"column":4},"end":{"line":6,"column":26}},"3":{"start":{"line":7,"column":4},"end":{"line":7,"column":32}},"4":{"start":{"line":11,"column":0},"end":{"line":11,"column":30}}},"fnMap":{"0":{"name":"(anonymous_0)","decl":{"start":{"line":4,"column":2},"end":{"line":4,"column":3}},"loc":{"start":{"line":4,"column":23},"end":{"line":8,"column":3}},"line":4}},"branchMap":{},"s":{"0":6,"1":7,"2":7,"3":7,"4":6},"f":{"0":7},"b":{},"_coverageSchema":"1a1c01bbd47fc00a2c39e90264f33305004495a9","hash":"45d293a1a248bc0dda3acf4d25d24ea55bf7b5c7"}
,"C:\\Users\\aleli\\OneDrive\\Desktop\\SW Eng II\\Participium\\polito-se2-participium\\server\\errors\\UnauthorizedError.js": {"path":"C:\\Users\\aleli\\OneDrive\\Desktop\\SW Eng II\\Participium\\polito-se2-participium\\server\\errors\\UnauthorizedError.js","statementMap":{"0":{"start":{"line":1,"column":17},"end":{"line":1,"column":38}},"1":{"start":{"line":5,"column":4},"end":{"line":5,"column":19}},"2":{"start":{"line":6,"column":4},"end":{"line":6,"column":26}},"3":{"start":{"line":7,"column":4},"end":{"line":7,"column":36}},"4":{"start":{"line":11,"column":0},"end":{"line":11,"column":35}}},"fnMap":{"0":{"name":"(anonymous_0)","decl":{"start":{"line":4,"column":2},"end":{"line":4,"column":3}},"loc":{"start":{"line":4,"column":23},"end":{"line":8,"column":3}},"line":4}},"branchMap":{},"s":{"0":5,"1":7,"2":7,"3":7,"4":5},"f":{"0":7},"b":{},"_coverageSchema":"1a1c01bbd47fc00a2c39e90264f33305004495a9","hash":"2ab406bc31fd3a3a58f84d02f6815fc0f8b2a27d"}
,"C:\\Users\\aleli\\OneDrive\\Desktop\\SW Eng II\\Participium\\polito-se2-participium\\server\\middlewares\\authMiddleware.js": {"path":"C:\\Users\\aleli\\OneDrive\\Desktop\\SW Eng II\\Participium\\polito-se2-participium\\server\\middlewares\\authMiddleware.js","statementMap":{"0":{"start":{"line":1,"column":22},"end":{"line":1,"column":56}},"1":{"start":{"line":2,"column":22},"end":{"line":2,"column":56}},"2":{"start":{"line":3,"column":24},"end":{"line":3,"column":60}},"3":{"start":{"line":4,"column":26},"end":{"line":4,"column":64}},"4":{"start":{"line":6,"column":0},"end":{"line":12,"column":1}},"5":{"start":{"line":7,"column":4},"end":{"line":11,"column":5}},"6":{"start":{"line":8,"column":8},"end":{"line":8,"column":22}},"7":{"start":{"line":10,"column":8},"end":{"line":10,"column":69}},"8":{"start":{"line":14,"column":0},"end":{"line":24,"column":1}},"9":{"start":{"line":15,"column":4},"end":{"line":23,"column":5}},"10":{"start":{"line":16,"column":8},"end":{"line":20,"column":9}},"11":{"start":{"line":17,"column":12},"end":{"line":17,"column":26}},"12":{"start":{"line":19,"column":12},"end":{"line":19,"column":68}},"13":{"start":{"line":22,"column":8},"end":{"line":22,"column":69}},"14":{"start":{"line":25,"column":0},"end":{"line":35,"column":1}},"15":{"start":{"line":26,"column":4},"end":{"line":34,"column":5}},"16":{"start":{"line":27,"column":8},"end":{"line":31,"column":9}},"17":{"start":{"line":28,"column":12},"end":{"line":28,"column":26}},"18":{"start":{"line":30,"column":12},"end":{"line":30,"column":68}},"19":{"start":{"line":33,"column":8},"end":{"line":33,"column":69}}},"fnMap":{"0":{"name":"(anonymous_0)","decl":{"start":{"line":6,"column":21},"end":{"line":6,"column":22}},"loc":{"start":{"line":6,"column":41},"end":{"line":12,"column":1}},"line":6},"1":{"name":"(anonymous_1)","decl":{"start":{"line":14,"column":18},"end":{"line":14,"column":19}},"loc":{"start":{"line":14,"column":38},"end":{"line":24,"column":1}},"line":14},"2":{"name":"(anonymous_2)","decl":{"start":{"line":25,"column":47},"end":{"line":25,"column":48}},"loc":{"start":{"line":25,"column":67},"end":{"line":35,"column":1}},"line":25}},"branchMap":{"0":{"loc":{"start":{"line":7,"column":4},"end":{"line":11,"column":5}},"type":"if","locations":[{"start":{"line":7,"column":4},"end":{"line":11,"column":5}},{"start":{"line":9,"column":11},"end":{"line":11,"column":5}}],"line":7},"1":{"loc":{"start":{"line":15,"column":4},"end":{"line":23,"column":5}},"type":"if","locations":[{"start":{"line":15,"column":4},"end":{"line":23,"column":5}},{"start":{"line":21,"column":11},"end":{"line":23,"column":5}}],"line":15},"2":{"loc":{"start":{"line":16,"column":8},"end":{"line":20,"column":9}},"type":"if","locations":[{"start":{"line":16,"column":8},"end":{"line":20,"column":9}},{"start":{"line":18,"column":15},"end":{"line":20,"column":9}}],"line":16},"3":{"loc":{"start":{"line":26,"column":4},"end":{"line":34,"column":5}},"type":"if","locations":[{"start":{"line":26,"column":4},"end":{"line":34,"column":5}},{"start":{"line":32,"column":11},"end":{"line":34,"column":5}}],"line":26},"4":{"loc":{"start":{"line":27,"column":8},"end":{"line":31,"column":9}},"type":"if","locations":[{"start":{"line":27,"column":8},"end":{"line":31,"column":9}},{"start":{"line":29,"column":15},"end":{"line":31,"column":9}}],"line":27}},"s":{"0":3,"1":3,"2":3,"3":3,"4":3,"5":5,"6":4,"7":1,"8":3,"9":6,"10":5,"11":4,"12":1,"13":1,"14":3,"15":0,"16":0,"17":0,"18":0,"19":0},"f":{"0":5,"1":6,"2":0},"b":{"0":[4,1],"1":[5,1],"2":[4,1],"3":[0,0],"4":[0,0]},"_coverageSchema":"1a1c01bbd47fc00a2c39e90264f33305004495a9","hash":"e624a4b1c945e7aa1b6283ecdd07a41a1eb77045"}
,"C:\\Users\\aleli\\OneDrive\\Desktop\\SW Eng II\\Participium\\polito-se2-participium\\server\\middlewares\\errorMiddleware.js": {"path":"C:\\Users\\aleli\\OneDrive\\Desktop\\SW Eng II\\Participium\\polito-se2-participium\\server\\middlewares\\errorMiddleware.js","statementMap":{"0":{"start":{"line":1,"column":17},"end":{"line":1,"column":46}},"1":{"start":{"line":3,"column":0},"end":{"line":8,"column":2}},"2":{"start":{"line":4,"column":4},"end":{"line":6,"column":5}},"3":{"start":{"line":5,"column":8},"end":{"line":5,"column":71}},"4":{"start":{"line":7,"column":4},"end":{"line":7,"column":68}}},"fnMap":{"0":{"name":"(anonymous_0)","decl":{"start":{"line":3,"column":23},"end":{"line":3,"column":24}},"loc":{"start":{"line":3,"column":48},"end":{"line":8,"column":1}},"line":3}},"branchMap":{"0":{"loc":{"start":{"line":4,"column":4},"end":{"line":6,"column":5}},"type":"if","locations":[{"start":{"line":4,"column":4},"end":{"line":6,"column":5}},{"start":{},"end":{}}],"line":4}},"s":{"0":3,"1":3,"2":2,"3":1,"4":1},"f":{"0":2},"b":{"0":[1,1]},"_coverageSchema":"1a1c01bbd47fc00a2c39e90264f33305004495a9","hash":"40e5d3945d0095d813ce5b4e358e3de74ea8f2af"}
,"C:\\Users\\aleli\\OneDrive\\Desktop\\SW Eng II\\Participium\\polito-se2-participium\\server\\middlewares\\uploadMiddleware.js": {"path":"C:\\Users\\aleli\\OneDrive\\Desktop\\SW Eng II\\Participium\\polito-se2-participium\\server\\middlewares\\uploadMiddleware.js","statementMap":{"0":{"start":{"line":3,"column":15},"end":{"line":3,"column":32}},"1":{"start":{"line":4,"column":13},"end":{"line":4,"column":28}},"2":{"start":{"line":5,"column":11},"end":{"line":5,"column":24}},"3":{"start":{"line":9,"column":18},"end":{"line":9,"column":65}},"4":{"start":{"line":12,"column":0},"end":{"line":14,"column":1}},"5":{"start":{"line":13,"column":2},"end":{"line":13,"column":47}},"6":{"start":{"line":17,"column":16},"end":{"line":29,"column":2}},"7":{"start":{"line":20,"column":4},"end":{"line":20,"column":24}},"8":{"start":{"line":25,"column":25},"end":{"line":25,"column":75}},"9":{"start":{"line":26,"column":22},"end":{"line":26,"column":53}},"10":{"start":{"line":27,"column":4},"end":{"line":27,"column":62}},"11":{"start":{"line":32,"column":19},"end":{"line":38,"column":1}},"12":{"start":{"line":33,"column":2},"end":{"line":37,"column":3}},"13":{"start":{"line":34,"column":4},"end":{"line":34,"column":19}},"14":{"start":{"line":36,"column":4},"end":{"line":36,"column":72}},"15":{"start":{"line":41,"column":15},"end":{"line":45,"column":2}},"16":{"start":{"line":51,"column":0},"end":{"line":51,"column":43}}},"fnMap":{"0":{"name":"(anonymous_0)","decl":{"start":{"line":19,"column":15},"end":{"line":19,"column":16}},"loc":{"start":{"line":19,"column":40},"end":{"line":21,"column":3}},"line":19},"1":{"name":"(anonymous_1)","decl":{"start":{"line":23,"column":12},"end":{"line":23,"column":13}},"loc":{"start":{"line":23,"column":37},"end":{"line":28,"column":3}},"line":23},"2":{"name":"(anonymous_2)","decl":{"start":{"line":32,"column":19},"end":{"line":32,"column":20}},"loc":{"start":{"line":32,"column":38},"end":{"line":38,"column":1}},"line":32}},"branchMap":{"0":{"loc":{"start":{"line":12,"column":0},"end":{"line":14,"column":1}},"type":"if","locations":[{"start":{"line":12,"column":0},"end":{"line":14,"column":1}},{"start":{},"end":{}}],"line":12},"1":{"loc":{"start":{"line":33,"column":2},"end":{"line":37,"column":3}},"type":"if","locations":[{"start":{"line":33,"column":2},"end":{"line":37,"column":3}},{"start":{"line":35,"column":9},"end":{"line":37,"column":3}}],"line":33}},"s":{"0":3,"1":3,"2":3,"3":3,"4":3,"5":1,"6":3,"7":1,"8":1,"9":1,"10":1,"11":3,"12":2,"13":1,"14":1,"15":3,"16":3},"f":{"0":1,"1":1,"2":2},"b":{"0":[1,2],"1":[1,1]},"_coverageSchema":"1a1c01bbd47fc00a2c39e90264f33305004495a9","hash":"42083f1c03709961083874a9f3bcd03dce80aaac"}
,"C:\\Users\\aleli\\OneDrive\\Desktop\\SW Eng II\\Participium\\polito-se2-participium\\server\\repository\\reportRepository.js": {"path":"C:\\Users\\aleli\\OneDrive\\Desktop\\SW Eng II\\Participium\\polito-se2-participium\\server\\repository\\reportRepository.js","statementMap":{"0":{"start":{"line":1,"column":18},"end":{"line":1,"column":45}},"1":{"start":{"line":2,"column":22},"end":{"line":2,"column":56}},"2":{"start":{"line":3,"column":24},"end":{"line":3,"column":60}},"3":{"start":{"line":4,"column":30},"end":{"line":4,"column":70}},"4":{"start":{"line":6,"column":36},"end":{"line":6,"column":65}},"5":{"start":{"line":7,"column":24},"end":{"line":7,"column":60}},"6":{"start":{"line":12,"column":21},"end":{"line":41,"column":1}},"7":{"start":{"line":13,"column":23},"end":{"line":17,"column":19}},"8":{"start":{"line":19,"column":2},"end":{"line":40,"column":4}},"9":{"start":{"line":48,"column":0},"end":{"line":119,"column":2}},"10":{"start":{"line":49,"column":2},"end":{"line":118,"column":3}},"11":{"start":{"line":58,"column":8},"end":{"line":58,"column":24}},"12":{"start":{"line":60,"column":4},"end":{"line":62,"column":5}},"13":{"start":{"line":61,"column":6},"end":{"line":61,"column":81}},"14":{"start":{"line":65,"column":4},"end":{"line":67,"column":5}},"15":{"start":{"line":66,"column":6},"end":{"line":66,"column":80}},"16":{"start":{"line":70,"column":4},"end":{"line":72,"column":5}},"17":{"start":{"line":71,"column":6},"end":{"line":71,"column":83}},"18":{"start":{"line":74,"column":4},"end":{"line":76,"column":5}},"19":{"start":{"line":75,"column":6},"end":{"line":75,"column":53}},"20":{"start":{"line":78,"column":4},"end":{"line":80,"column":5}},"21":{"start":{"line":79,"column":6},"end":{"line":79,"column":59}},"22":{"start":{"line":82,"column":4},"end":{"line":84,"column":5}},"23":{"start":{"line":83,"column":6},"end":{"line":83,"column":55}},"24":{"start":{"line":86,"column":4},"end":{"line":88,"column":5}},"25":{"start":{"line":87,"column":6},"end":{"line":87,"column":59}},"26":{"start":{"line":90,"column":4},"end":{"line":92,"column":5}},"27":{"start":{"line":91,"column":6},"end":{"line":91,"column":83}},"28":{"start":{"line":94,"column":26},"end":{"line":99,"column":6}},"29":{"start":{"line":95,"column":6},"end":{"line":97,"column":7}},"30":{"start":{"line":96,"column":8},"end":{"line":96,"column":75}},"31":{"start":{"line":98,"column":6},"end":{"line":98,"column":26}},"32":{"start":{"line":101,"column":19},"end":{"line":109,"column":6}},"33":{"start":{"line":110,"column":4},"end":{"line":112,"column":5}},"34":{"start":{"line":111,"column":6},"end":{"line":111,"column":59}},"35":{"start":{"line":114,"column":4},"end":{"line":114,"column":32}},"36":{"start":{"line":116,"column":4},"end":{"line":116,"column":60}},"37":{"start":{"line":117,"column":4},"end":{"line":117,"column":14}},"38":{"start":{"line":126,"column":0},"end":{"line":140,"column":2}},"39":{"start":{"line":127,"column":2},"end":{"line":139,"column":3}},"40":{"start":{"line":128,"column":4},"end":{"line":130,"column":5}},"41":{"start":{"line":129,"column":6},"end":{"line":129,"column":57}},"42":{"start":{"line":131,"column":19},"end":{"line":131,"column":58}},"43":{"start":{"line":132,"column":4},"end":{"line":134,"column":5}},"44":{"start":{"line":133,"column":6},"end":{"line":133,"column":50}},"45":{"start":{"line":136,"column":4},"end":{"line":136,"column":32}},"46":{"start":{"line":138,"column":4},"end":{"line":138,"column":14}},"47":{"start":{"line":148,"column":0},"end":{"line":207,"column":2}},"48":{"start":{"line":149,"column":2},"end":{"line":206,"column":3}},"49":{"start":{"line":150,"column":4},"end":{"line":152,"column":5}},"50":{"start":{"line":151,"column":6},"end":{"line":151,"column":57}},"51":{"start":{"line":154,"column":53},"end":{"line":154,"column":63}},"52":{"start":{"line":156,"column":4},"end":{"line":158,"column":5}},"53":{"start":{"line":157,"column":6},"end":{"line":157,"column":54}},"54":{"start":{"line":160,"column":29},"end":{"line":160,"column":56}},"55":{"start":{"line":162,"column":4},"end":{"line":164,"column":5}},"56":{"start":{"line":163,"column":6},"end":{"line":163,"column":75}},"57":{"start":{"line":166,"column":21},"end":{"line":166,"column":60}},"58":{"start":{"line":167,"column":4},"end":{"line":169,"column":5}},"59":{"start":{"line":168,"column":6},"end":{"line":168,"column":50}},"60":{"start":{"line":171,"column":4},"end":{"line":173,"column":5}},"61":{"start":{"line":172,"column":6},"end":{"line":172,"column":72}},"62":{"start":{"line":175,"column":26},"end":{"line":175,"column":30}},"63":{"start":{"line":176,"column":31},"end":{"line":176,"column":35}},"64":{"start":{"line":178,"column":4},"end":{"line":190,"column":5}},"65":{"start":{"line":179,"column":6},"end":{"line":181,"column":7}},"66":{"start":{"line":180,"column":8},"end":{"line":180,"column":85}},"67":{"start":{"line":182,"column":6},"end":{"line":182,"column":43}},"68":{"start":{"line":183,"column":6},"end":{"line":183,"column":34}},"69":{"start":{"line":184,"column":11},"end":{"line":190,"column":5}},"70":{"start":{"line":186,"column":6},"end":{"line":188,"column":7}},"71":{"start":{"line":187,"column":8},"end":{"line":187,"column":98}},"72":{"start":{"line":189,"column":6},"end":{"line":189,"column":45}},"73":{"start":{"line":192,"column":20},"end":{"line":196,"column":6}},"74":{"start":{"line":198,"column":4},"end":{"line":200,"column":5}},"75":{"start":{"line":199,"column":6},"end":{"line":199,"column":50}},"76":{"start":{"line":202,"column":4},"end":{"line":202,"column":33}},"77":{"start":{"line":204,"column":4},"end":{"line":204,"column":60}},"78":{"start":{"line":205,"column":4},"end":{"line":205,"column":14}},"79":{"start":{"line":212,"column":0},"end":{"line":232,"column":2}},"80":{"start":{"line":213,"column":2},"end":{"line":231,"column":3}},"81":{"start":{"line":214,"column":4},"end":{"line":216,"column":5}},"82":{"start":{"line":215,"column":6},"end":{"line":215,"column":54}},"83":{"start":{"line":217,"column":23},"end":{"line":217,"column":50}},"84":{"start":{"line":218,"column":20},"end":{"line":222,"column":5}},"85":{"start":{"line":223,"column":4},"end":{"line":225,"column":5}},"86":{"start":{"line":224,"column":6},"end":{"line":224,"column":57}},"87":{"start":{"line":227,"column":17},"end":{"line":227,"column":63}},"88":{"start":{"line":228,"column":4},"end":{"line":228,"column":34}},"89":{"start":{"line":230,"column":4},"end":{"line":230,"column":14}},"90":{"start":{"line":237,"column":0},"end":{"line":239,"column":2}},"91":{"start":{"line":238,"column":2},"end":{"line":238,"column":61}}},"fnMap":{"0":{"name":"(anonymous_0)","decl":{"start":{"line":12,"column":21},"end":{"line":12,"column":22}},"loc":{"start":{"line":12,"column":30},"end":{"line":41,"column":1}},"line":12},"1":{"name":"(anonymous_1)","decl":{"start":{"line":48,"column":23},"end":{"line":48,"column":24}},"loc":{"start":{"line":48,"column":45},"end":{"line":119,"column":1}},"line":48},"2":{"name":"(anonymous_2)","decl":{"start":{"line":94,"column":37},"end":{"line":94,"column":38}},"loc":{"start":{"line":94,"column":48},"end":{"line":99,"column":5}},"line":94},"3":{"name":"(anonymous_3)","decl":{"start":{"line":126,"column":24},"end":{"line":126,"column":25}},"loc":{"start":{"line":126,"column":44},"end":{"line":140,"column":1}},"line":126},"4":{"name":"(anonymous_4)","decl":{"start":{"line":148,"column":23},"end":{"line":148,"column":24}},"loc":{"start":{"line":148,"column":60},"end":{"line":207,"column":1}},"line":148},"5":{"name":"(anonymous_5)","decl":{"start":{"line":212,"column":29},"end":{"line":212,"column":30}},"loc":{"start":{"line":212,"column":47},"end":{"line":232,"column":1}},"line":212},"6":{"name":"(anonymous_6)","decl":{"start":{"line":237,"column":28},"end":{"line":237,"column":29}},"loc":{"start":{"line":237,"column":40},"end":{"line":239,"column":1}},"line":237}},"branchMap":{"0":{"loc":{"start":{"line":28,"column":22},"end":{"line":28,"column":50}},"type":"binary-expr","locations":[{"start":{"line":28,"column":22},"end":{"line":28,"column":42}},{"start":{"line":28,"column":46},"end":{"line":28,"column":50}}],"line":28},"1":{"loc":{"start":{"line":29,"column":22},"end":{"line":29,"column":50}},"type":"binary-expr","locations":[{"start":{"line":29,"column":22},"end":{"line":29,"column":42}},{"start":{"line":29,"column":46},"end":{"line":29,"column":50}}],"line":29},"2":{"loc":{"start":{"line":58,"column":8},"end":{"line":58,"column":24}},"type":"binary-expr","locations":[{"start":{"line":58,"column":8},"end":{"line":58,"column":18}},{"start":{"line":58,"column":22},"end":{"line":58,"column":24}}],"line":58},"3":{"loc":{"start":{"line":60,"column":4},"end":{"line":62,"column":5}},"type":"if","locations":[{"start":{"line":60,"column":4},"end":{"line":62,"column":5}},{"start":{},"end":{}}],"line":60},"4":{"loc":{"start":{"line":60,"column":8},"end":{"line":60,"column":68}},"type":"binary-expr","locations":[{"start":{"line":60,"column":8},"end":{"line":60,"column":15}},{"start":{"line":60,"column":19},"end":{"line":60,"column":41}},{"start":{"line":60,"column":45},"end":{"line":60,"column":68}}],"line":60},"5":{"loc":{"start":{"line":65,"column":4},"end":{"line":67,"column":5}},"type":"if","locations":[{"start":{"line":65,"column":4},"end":{"line":67,"column":5}},{"start":{},"end":{}}],"line":65},"6":{"loc":{"start":{"line":65,"column":8},"end":{"line":65,"column":71}},"type":"binary-expr","locations":[{"start":{"line":65,"column":8},"end":{"line":65,"column":36}},{"start":{"line":65,"column":40},"end":{"line":65,"column":54}},{"start":{"line":65,"column":58},"end":{"line":65,"column":71}}],"line":65},"7":{"loc":{"start":{"line":70,"column":4},"end":{"line":72,"column":5}},"type":"if","locations":[{"start":{"line":70,"column":4},"end":{"line":72,"column":5}},{"start":{},"end":{}}],"line":70},"8":{"loc":{"start":{"line":70,"column":8},"end":{"line":70,"column":76}},"type":"binary-expr","locations":[{"start":{"line":70,"column":8},"end":{"line":70,"column":37}},{"start":{"line":70,"column":41},"end":{"line":70,"column":57}},{"start":{"line":70,"column":61},"end":{"line":70,"column":76}}],"line":70},"9":{"loc":{"start":{"line":74,"column":4},"end":{"line":76,"column":5}},"type":"if","locations":[{"start":{"line":74,"column":4},"end":{"line":76,"column":5}},{"start":{},"end":{}}],"line":74},"10":{"loc":{"start":{"line":74,"column":8},"end":{"line":74,"column":62}},"type":"binary-expr","locations":[{"start":{"line":74,"column":8},"end":{"line":74,"column":33}},{"start":{"line":74,"column":37},"end":{"line":74,"column":62}}],"line":74},"11":{"loc":{"start":{"line":78,"column":4},"end":{"line":80,"column":5}},"type":"if","locations":[{"start":{"line":78,"column":4},"end":{"line":80,"column":5}},{"start":{},"end":{}}],"line":78},"12":{"loc":{"start":{"line":78,"column":8},"end":{"line":78,"column":74}},"type":"binary-expr","locations":[{"start":{"line":78,"column":8},"end":{"line":78,"column":39}},{"start":{"line":78,"column":43},"end":{"line":78,"column":74}}],"line":78},"13":{"loc":{"start":{"line":82,"column":4},"end":{"line":84,"column":5}},"type":"if","locations":[{"start":{"line":82,"column":4},"end":{"line":84,"column":5}},{"start":{},"end":{}}],"line":82},"14":{"loc":{"start":{"line":82,"column":8},"end":{"line":82,"column":77}},"type":"binary-expr","locations":[{"start":{"line":82,"column":8},"end":{"line":82,"column":36}},{"start":{"line":82,"column":40},"end":{"line":82,"column":77}}],"line":82},"15":{"loc":{"start":{"line":86,"column":4},"end":{"line":88,"column":5}},"type":"if","locations":[{"start":{"line":86,"column":4},"end":{"line":88,"column":5}},{"start":{},"end":{}}],"line":86},"16":{"loc":{"start":{"line":90,"column":4},"end":{"line":92,"column":5}},"type":"if","locations":[{"start":{"line":90,"column":4},"end":{"line":92,"column":5}},{"start":{},"end":{}}],"line":90},"17":{"loc":{"start":{"line":90,"column":8},"end":{"line":90,"column":46}},"type":"binary-expr","locations":[{"start":{"line":90,"column":8},"end":{"line":90,"column":25}},{"start":{"line":90,"column":29},"end":{"line":90,"column":46}}],"line":90},"18":{"loc":{"start":{"line":95,"column":6},"end":{"line":97,"column":7}},"type":"if","locations":[{"start":{"line":95,"column":6},"end":{"line":97,"column":7}},{"start":{},"end":{}}],"line":95},"19":{"loc":{"start":{"line":95,"column":10},"end":{"line":95,"column":64}},"type":"binary-expr","locations":[{"start":{"line":95,"column":10},"end":{"line":95,"column":35}},{"start":{"line":95,"column":39},"end":{"line":95,"column":64}}],"line":95},"20":{"loc":{"start":{"line":110,"column":4},"end":{"line":112,"column":5}},"type":"if","locations":[{"start":{"line":110,"column":4},"end":{"line":112,"column":5}},{"start":{},"end":{}}],"line":110},"21":{"loc":{"start":{"line":128,"column":4},"end":{"line":130,"column":5}},"type":"if","locations":[{"start":{"line":128,"column":4},"end":{"line":130,"column":5}},{"start":{},"end":{}}],"line":128},"22":{"loc":{"start":{"line":132,"column":4},"end":{"line":134,"column":5}},"type":"if","locations":[{"start":{"line":132,"column":4},"end":{"line":134,"column":5}},{"start":{},"end":{}}],"line":132},"23":{"loc":{"start":{"line":148,"column":40},"end":{"line":148,"column":55}},"type":"default-arg","locations":[{"start":{"line":148,"column":53},"end":{"line":148,"column":55}}],"line":148},"24":{"loc":{"start":{"line":150,"column":4},"end":{"line":152,"column":5}},"type":"if","locations":[{"start":{"line":150,"column":4},"end":{"line":152,"column":5}},{"start":{},"end":{}}],"line":150},"25":{"loc":{"start":{"line":156,"column":4},"end":{"line":158,"column":5}},"type":"if","locations":[{"start":{"line":156,"column":4},"end":{"line":158,"column":5}},{"start":{},"end":{}}],"line":156},"26":{"loc":{"start":{"line":162,"column":4},"end":{"line":164,"column":5}},"type":"if","locations":[{"start":{"line":162,"column":4},"end":{"line":164,"column":5}},{"start":{},"end":{}}],"line":162},"27":{"loc":{"start":{"line":167,"column":4},"end":{"line":169,"column":5}},"type":"if","locations":[{"start":{"line":167,"column":4},"end":{"line":169,"column":5}},{"start":{},"end":{}}],"line":167},"28":{"loc":{"start":{"line":171,"column":4},"end":{"line":173,"column":5}},"type":"if","locations":[{"start":{"line":171,"column":4},"end":{"line":173,"column":5}},{"start":{},"end":{}}],"line":171},"29":{"loc":{"start":{"line":178,"column":4},"end":{"line":190,"column":5}},"type":"if","locations":[{"start":{"line":178,"column":4},"end":{"line":190,"column":5}},{"start":{"line":184,"column":11},"end":{"line":190,"column":5}}],"line":178},"30":{"loc":{"start":{"line":179,"column":6},"end":{"line":181,"column":7}},"type":"if","locations":[{"start":{"line":179,"column":6},"end":{"line":181,"column":7}},{"start":{},"end":{}}],"line":179},"31":{"loc":{"start":{"line":179,"column":10},"end":{"line":179,"column":64}},"type":"binary-expr","locations":[{"start":{"line":179,"column":10},"end":{"line":179,"column":41}},{"start":{"line":179,"column":45},"end":{"line":179,"column":64}}],"line":179},"32":{"loc":{"start":{"line":184,"column":11},"end":{"line":190,"column":5}},"type":"if","locations":[{"start":{"line":184,"column":11},"end":{"line":190,"column":5}},{"start":{},"end":{}}],"line":184},"33":{"loc":{"start":{"line":186,"column":6},"end":{"line":188,"column":7}},"type":"if","locations":[{"start":{"line":186,"column":6},"end":{"line":188,"column":7}},{"start":{},"end":{}}],"line":186},"34":{"loc":{"start":{"line":186,"column":10},"end":{"line":186,"column":99}},"type":"binary-expr","locations":[{"start":{"line":186,"column":10},"end":{"line":186,"column":45}},{"start":{"line":186,"column":49},"end":{"line":186,"column":99}}],"line":186},"35":{"loc":{"start":{"line":198,"column":4},"end":{"line":200,"column":5}},"type":"if","locations":[{"start":{"line":198,"column":4},"end":{"li
[...]
II\\Participium\\polito-se2-participium\\server\\repository\\userRepository.js","statementMap":{"0":{"start":{"line":1,"column":16},"end":{"line":1,"column":41}},"1":{"start":{"line":2,"column":22},"end":{"line":2,"column":56}},"2":{"start":{"line":3,"column":22},"end":{"line":3,"column":56}},"3":{"start":{"line":4,"column":24},"end":{"line":4,"column":60}},"4":{"start":{"line":5,"column":26},"end":{"line":5,"column":64}},"5":{"start":{"line":6,"column":26},"end":{"line":6,"column":55}},"6":{"start":{"line":9,"column":0},"end":{"line":20,"column":1}},"7":{"start":{"line":10,"column":4},"end":{"line":19,"column":5}},"8":{"start":{"line":11,"column":21},"end":{"line":11,"column":54}},"9":{"start":{"line":12,"column":8},"end":{"line":14,"column":9}},"10":{"start":{"line":13,"column":12},"end":{"line":13,"column":53}},"11":{"start":{"line":15,"column":8},"end":{"line":15,"column":19}},"12":{"start":{"line":18,"column":8},"end":{"line":18,"column":18}},"13":{"start":{"line":22,"column":0},"end":{"line":36,"column":2}},"14":{"start":{"line":23,"column":2},"end":{"line":35,"column":3}},"15":{"start":{"line":24,"column":4},"end":{"line":26,"column":5}},"16":{"start":{"line":25,"column":8},"end":{"line":25,"column":60}},"17":{"start":{"line":27,"column":17},"end":{"line":27,"column":58}},"18":{"start":{"line":28,"column":4},"end":{"line":30,"column":5}},"19":{"start":{"line":29,"column":6},"end":{"line":29,"column":64}},"20":{"start":{"line":31,"column":4},"end":{"line":31,"column":16}},"21":{"start":{"line":34,"column":8},"end":{"line":34,"column":18}},"22":{"start":{"line":38,"column":0},"end":{"line":58,"column":1}},"23":{"start":{"line":39,"column":4},"end":{"line":57,"column":5}},"24":{"start":{"line":40,"column":8},"end":{"line":42,"column":9}},"25":{"start":{"line":41,"column":12},"end":{"line":41,"column":65}},"26":{"start":{"line":43,"column":33},"end":{"line":43,"column":79}},"27":{"start":{"line":44,"column":30},"end":{"line":44,"column":70}},"28":{"start":{"line":45,"column":8},"end":{"line":47,"column":9}},"29":{"start":{"line":46,"column":12},"end":{"line":46,"column":63}},"30":{"start":{"line":48,"column":8},"end":{"line":50,"column":9}},"31":{"start":{"line":49,"column":12},"end":{"line":49,"column":60}},"32":{"start":{"line":51,"column":23},"end":{"line":51,"column":53}},"33":{"start":{"line":52,"column":8},"end":{"line":52,"column":22}},"34":{"start":{"line":55,"column":8},"end":{"line":55,"column":62}},"35":{"start":{"line":56,"column":8},"end":{"line":56,"column":18}},"36":{"start":{"line":61,"column":0},"end":{"line":88,"column":1}},"37":{"start":{"line":62,"column":4},"end":{"line":87,"column":3}},"38":{"start":{"line":63,"column":22},"end":{"line":63,"column":56}},"39":{"start":{"line":64,"column":8},"end":{"line":66,"column":9}},"40":{"start":{"line":65,"column":12},"end":{"line":65,"column":54}},"41":{"start":{"line":67,"column":8},"end":{"line":69,"column":9}},"42":{"start":{"line":68,"column":12},"end":{"line":68,"column":63}},"43":{"start":{"line":70,"column":8},"end":{"line":72,"column":9}},"44":{"start":{"line":71,"column":12},"end":{"line":71,"column":65}},"45":{"start":{"line":73,"column":29},"end":{"line":73,"column":83}},"46":{"start":{"line":74,"column":31},"end":{"line":74,"column":79}},"47":{"start":{"line":75,"column":8},"end":{"line":77,"column":9}},"48":{"start":{"line":76,"column":12},"end":{"line":76,"column":63}},"49":{"start":{"line":78,"column":8},"end":{"line":80,"column":9}},"50":{"start":{"line":79,"column":12},"end":{"line":79,"column":60}},"51":{"start":{"line":81,"column":29},"end":{"line":81,"column":75}},"52":{"start":{"line":82,"column":23},"end":{"line":82,"column":61}},"53":{"start":{"line":83,"column":8},"end":{"line":83,"column":22}},"54":{"start":{"line":86,"column":8},"end":{"line":86,"column":18}},"55":{"start":{"line":97,"column":0},"end":{"line":124,"column":1}},"56":{"start":{"line":98,"column":4},"end":{"line":123,"column":5}},"57":{"start":{"line":99,"column":22},"end":{"line":99,"column":56}},"58":{"start":{"line":100,"column":8},"end":{"line":102,"column":9}},"59":{"start":{"line":101,"column":12},"end":{"line":101,"column":54}},"60":{"start":{"line":103,"column":8},"end":{"line":105,"column":9}},"61":{"start":{"line":104,"column":12},"end":{"line":104,"column":63}},"62":{"start":{"line":106,"column":8},"end":{"line":108,"column":9}},"63":{"start":{"line":107,"column":12},"end":{"line":107,"column":58}},"64":{"start":{"line":109,"column":8},"end":{"line":111,"column":9}},"65":{"start":{"line":110,"column":12},"end":{"line":110,"column":54}},"66":{"start":{"line":112,"column":23},"end":{"line":112,"column":62}},"67":{"start":{"line":113,"column":8},"end":{"line":115,"column":9}},"68":{"start":{"line":114,"column":12},"end":{"line":114,"column":54}},"69":{"start":{"line":116,"column":24},"end":{"line":116,"column":79}},"70":{"start":{"line":117,"column":8},"end":{"line":119,"column":9}},"71":{"start":{"line":118,"column":12},"end":{"line":118,"column":54}},"72":{"start":{"line":120,"column":8},"end":{"line":120,"column":23}},"73":{"start":{"line":122,"column":8},"end":{"line":122,"column":18}},"74":{"start":{"line":131,"column":0},"end":{"line":138,"column":2}},"75":{"start":{"line":132,"column":16},"end":{"line":132,"column":50}},"76":{"start":{"line":133,"column":2},"end":{"line":135,"column":3}},"77":{"start":{"line":134,"column":4},"end":{"line":134,"column":56}},"78":{"start":{"line":136,"column":16},"end":{"line":136,"column":53}},"79":{"start":{"line":137,"column":2},"end":{"line":137,"column":15}}},"fnMap":{"0":{"name":"(anonymous_0)","decl":{"start":{"line":9,"column":22},"end":{"line":9,"column":23}},"loc":{"start":{"line":9,"column":40},"end":{"line":20,"column":1}},"line":9},"1":{"name":"(anonymous_1)","decl":{"start":{"line":22,"column":18},"end":{"line":22,"column":19}},"loc":{"start":{"line":22,"column":48},"end":{"line":36,"column":1}},"line":22},"2":{"name":"(anonymous_2)","decl":{"start":{"line":38,"column":21},"end":{"line":38,"column":22}},"loc":{"start":{"line":38,"column":37},"end":{"line":58,"column":1}},"line":38},"3":{"name":"(anonymous_3)","decl":{"start":{"line":61,"column":28},"end":{"line":61,"column":29}},"loc":{"start":{"line":61,"column":61},"end":{"line":88,"column":1}},"line":61},"4":{"name":"(anonymous_4)","decl":{"start":{"line":97,"column":25},"end":{"line":97,"column":26}},"loc":{"start":{"line":97,"column":67},"end":{"line":124,"column":1}},"line":97},"5":{"name":"(anonymous_5)","decl":{"start":{"line":131,"column":31},"end":{"line":131,"column":32}},"loc":{"start":{"line":131,"column":50},"end":{"line":138,"column":1}},"line":131}},"branchMap":{"0":{"loc":{"start":{"line":12,"column":8},"end":{"line":14,"column":9}},"type":"if","locations":[{"start":{"line":12,"column":8},"end":{"line":14,"column":9}},{"start":{},"end":{}}],"line":12},"1":{"loc":{"start":{"line":24,"column":4},"end":{"line":26,"column":5}},"type":"if","locations":[{"start":{"line":24,"column":4},"end":{"line":26,"column":5}},{"start":{},"end":{}}],"line":24},"2":{"loc":{"start":{"line":24,"column":8},"end":{"line":24,"column":30}},"type":"binary-expr","locations":[{"start":{"line":24,"column":8},"end":{"line":24,"column":17}},{"start":{"line":24,"column":21},"end":{"line":24,"column":30}}],"line":24},"3":{"loc":{"start":{"line":28,"column":4},"end":{"line":30,"column":5}},"type":"if","locations":[{"start":{"line":28,"column":4},"end":{"line":30,"column":5}},{"start":{},"end":{}}],"line":28},"4":{"loc":{"start":{"line":40,"column":8},"end":{"line":42,"column":9}},"type":"if","locations":[{"start":{"line":40,"column":8},"end":{"line":42,"column":9}},{"start":{},"end":{}}],"line":40},"5":{"loc":{"start":{"line":40,"column":12},"end":{"line":40,"column":90}},"type":"binary-expr","locations":[{"start":{"line":40,"column":12},"end":{"line":40,"column":26}},{"start":{"line":40,"column":30},"end":{"line":40,"column":41}},{"start":{"line":40,"column":45},"end":{"line":40,"column":55}},{"start":{"line":40,"column":59},"end":{"line":40,"column":72}},{"start":{"line":40,"column":76},"end":{"line":40,"column":90}}],"line":40},"6":{"loc":{"start":{"line":45,"column":8},"end":{"line":47,"column":9}},"type":"if","locations":[{"start":{"line":45,"column":8},"end":{"line":47,"column":9}},{"start":{},"end":{}}],"line":45},"7":{"loc":{"start":{"line":48,"column":8},"end":{"line":50,"column":9}},"type":"if","locations":[{"start":{"line":48,"column":8},"end":{"line":50,"column":9}},{"start":{},"end":{}}],"line":48},"8":{"loc":{"start":{"line":64,"column":8},"end":{"line":66,"column":9}},"type":"if","locations":[{"start":{"line":64,"column":8},"end":{"line":66,"column":9}},{"start":{},"end":{}}],"line":64},"9":{"loc":{"start":{"line":67,"column":8},"end":{"line":69,"column":9}},"type":"if","locations":[{"start":{"line":67,"column":8},"end":{"line":69,"column":9}},{"start":{},"end":{}}],"line":67},"10":{"loc":{"start":{"line":70,"column":8},"end":{"line":72,"column":9}},"type":"if","locations":[{"start":{"line":70,"column":8},"end":{"line":72,"column":9}},{"start":{},"end":{}}],"line":70},"11":{"loc":{"start":{"line":70,"column":12},"end":{"line":70,"column":130}},"type":"binary-expr","locations":[{"start":{"line":70,"column":12},"end":{"line":70,"column":34}},{"start":{"line":70,"column":38},"end":{"line":70,"column":57}},{"start":{"line":70,"column":61},"end":{"line":70,"column":79}},{"start":{"line":70,"column":83},"end":{"line":70,"column":104}},{"start":{"line":70,"column":108},"end":{"line":70,"column":130}}],"line":70},"12":{"loc":{"start":{"line":75,"column":8},"end":{"line":77,"column":9}},"type":"if","locations":[{"start":{"line":75,"column":8},"end":{"line":77,"column":9}},{"start":{},"end":{}}],"line":75},"13":{"loc":{"start":{"line":78,"column":8},"end":{"line":80,"column":9}},"type":"if","locations":[{"start":{"line":78,"column":8},"end":{"line":80,"column":9}},{"start":{},"end":{}}],"line":78},"14":{"loc":{"start":{"line":100,"column":8},"end":{"line":102,"column":9}},"type":"if","locations":[{"start":{"line":100,"column":8},"end":{"line":102,"column":9}},{"start":{},"end":{}}],"line":100},"15":{"loc":{"start":{"line":103,"column":8},"end":{"line":105,"column":9}},"type":"if","locations":[{"start":{"line":103,"column":8},"end":{"line":105,"column":9}},{"start":{},"end":{}}],"line":103},"16":{"loc":{"start":{"line":106,"column":8},"end":{"line":108,"column":9}},"type":"if","locations":[{"start":{"line":106,"column":8},"end":{"line":108,"column":9}},{"start":{},"end":{}}],"line":106},"17":{"loc":{"start":{"line":109,"column":8},"end":{"line":111,"column":9}},"type":"if","locations":[{"start":{"line":109,"column":8},"end":{"line":111,"column":9}},{"start":{},"end":{}}],"line":109},"18":{"loc":{"start":{"line":113,"column":8},"end":{"line":115,"column":9}},"type":"if","locations":[{"start":{"line":113,"column":8},"end":{"line":115,"column":9}},{"start":{},"end":{}}],"line":113},"19":{"loc":{"start":{"line":117,"column":8},"end":{"line":119,"column":9}},"type":"if","locations":[{"start":{"line":117,"column":8},"end":{"line":119,"column":9}},{"start":{},"end":{}}],"line":117},"20":{"loc":{"start":{"line":133,"column":2},"end":{"line":135,"column":3}},"type":"if","locations":[{"start":{"line":133,"column":2},"end":{"line":135,"column":3}},{"start":{},"end":{}}],"line":133},"21":{"loc":{"start":{"line":133,"column":6},"end":{"line":133,"column":38}},"type":"binary-expr","locations":[{"start":{"line":133,"column":6},"end":{"line":133,"column":12}},{"start":{"line":133,"column":16},"end":{"line":133,"column":38}}],"line":133}},"s":{"0":4,"1":4,"2":4,"3":4,"4":4,"5":4,"6":4,"7":2,"8":2,"9":2,"10":1,"11":1,"12":1,"13":4,"14":3,"15":3,"16":1,"17":2,"18":2,"19":1,"20":1,"21":2,"22":4,"23":5,"24":5,"25":1,"26":4,"27":4,"28":4,"29":1,"30":3,"31":1,"32":2,"33":2,"34":3,"35":3,"36":4,"37":7,"38":7,"39":7,"40":1,"41":6,"42":1,"43":5,"44":1,"45":4,"46":4,"47":4,"48":1,"49":3,"50":1,"51":2,"52":2,"53":2,"54":5,"55":4,"56":8,"57":8,"58":8,"59":1,"60":7,"61":1,"62":6,"63":1,"64":5,"65":1,"66":4,"67":4,"68":1,"69":3,"70":3,"71":1,"72":2,"73":6,"74":4,"75":4,"76":4,"77":2,"78":2,"79":2},"f":{"0":2,"1":3,"2":5,"3":7,"4":8,"5":4},"b":{"0":[1,1],"1":[1,2],"2":[3,2],"3":[1,1],"4":[1,4],"5":[5,5,4,4,4],"6":[1,3],"7":[1,2],"8":[1,6],"9":[1,5],"10":[1,4],"11":[5,5,4,4,4],"12":[1,3],"13":[1,2],"14":[1,7],"15":[1,6],"16":[1,5],"17":[1,4],"18":[1,3],"19":[1,2],"20":[2,2],"21":[4,3]},"_coverageSchema":"1a1c01bbd47fc00a2c39e90264f33305004495a9","hash":"6c41047250e327da2fa6af937dc8829c7175fa00"}
,"C:\\Users\\aleli\\OneDrive\\Desktop\\SW Eng II\\Participium\\polito-se2-participium\\server\\routes\\constantRoutes.js": {"path":"C:\\Users\\aleli\\OneDrive\\Desktop\\SW Eng II\\Participium\\polito-se2-participium\\server\\routes\\constantRoutes.js","statementMap":{"0":{"start":{"line":3,"column":16},"end":{"line":3,"column":34}},"1":{"start":{"line":4,"column":15},"end":{"line":4,"column":31}},"2":{"start":{"line":5,"column":19},"end":{"line":5,"column":59}},"3":{"start":{"line":37,"column":0},"end":{"line":39,"column":3}},"4":{"start":{"line":38,"column":2},"end":{"line":38,"column":41}},"5":{"start":{"line":41,"column":0},"end":{"line":41,"column":24}}},"fnMap":{"0":{"name":"(anonymous_0)","decl":{"start":{"line":37,"column":26},"end":{"line":37,"column":27}},"loc":{"start":{"line":37,"column":40},"end":{"line":39,"column":1}},"line":37}},"branchMap":{},"s":{"0":2,"1":2,"2":2,"3":2,"4":0,"5":2},"f":{"0":0},"b":{},"_coverageSchema":"1a1c01bbd47fc00a2c39e90264f33305004495a9","hash":"537fd60a75248f5abac1664d8a2dfc5c85602bf1"}
,"C:\\Users\\aleli\\OneDrive\\Desktop\\SW Eng II\\Participium\\polito-se2-participium\\server\\routes\\reportRoutes.js": {"path":"C:\\Users\\aleli\\OneDrive\\Desktop\\SW Eng II\\Participium\\polito-se2-participium\\server\\routes\\reportRoutes.js","statementMap":{"0":{"start":{"line":3,"column":16},"end":{"line":3,"column":34}},"1":{"start":{"line":4,"column":15},"end":{"line":4,"column":31}},"2":{"start":{"line":5,"column":25},"end":{"line":5,"column":66}},"3":{"start":{"line":6,"column":25},"end":{"line":6,"column":70}},"4":{"start":{"line":7,"column":70},"end":{"line":7,"column":110}},"5":{"start":{"line":78,"column":0},"end":{"line":78,"column":85}},"6":{"start":{"line":109,"column":0},"end":{"line":109,"column":117}},"7":{"start":{"line":150,"column":0},"end":{"line":150,"column":71}},"8":{"start":{"line":234,"column":0},"end":{"line":234,"column":115}},"9":{"start":{"line":236,"column":0},"end":{"line":236,"column":24}}},"fnMap":{},"branchMap":{},"s":{"0":2,"1":2,"2":2,"3":2,"4":2,"5":2,"6":2,"7":2,"8":2,"9":2},"f":{},"b":{},"_coverageSchema":"1a1c01bbd47fc00a2c39e90264f33305004495a9","hash":"7ce57b647907ba15440483c4c4d3beca08d45495"}
,"C:\\Users\\aleli\\OneDrive\\Desktop\\SW Eng II\\Participium\\polito-se2-participium\\server\\routes\\sessionRoutes.js": {"path":"C:\\Users\\aleli\\OneDrive\\Desktop\\SW Eng II\\Participium\\polito-se2-participium\\server\\routes\\sessionRoutes.js","statementMap":{"0":{"start":{"line":3,"column":16},"end":{"line":3,"column":34}},"1":{"start":{"line":4,"column":17},"end":{"line":4,"column":45}},"2":{"start":{"line":5,"column":15},"end":{"line":5,"column":31}},"3":{"start":{"line":6,"column":26},"end":{"line":6,"column":68}},"4":{"start":{"line":55,"column":0},"end":{"line":55,"column":50}},"5":{"start":{"line":69,"column":0},"end":{"line":69,"column":69}},"6":{"start":{"line":81,"column":0},"end":{"line":81,"column":61}},"7":{"start":{"line":83,"column":0},"end":{"line":83,"column":24}}},"fnMap":{},"branchMap":{},"s":{"0":2,"1":2,"2":2,"3":2,"4":2,"5":2,"6":2,"7":2},"f":{},"b":{},"_coverageSchema":"1a1c01bbd47fc00a2c39e90264f33305004495a9","hash":"003c70b9cf1693840ec4177e9f7e7348827abcc3"}
,"C:\\Users\\aleli\\OneDrive\\Desktop\\SW Eng II\\Participium\\polito-se2-participium\\server\\routes\\userRoutes.js": {"path":"C:\\Users\\aleli\\OneDrive\\Desktop\\SW Eng II\\Participium\\polito-se2-participium\\server\\routes\\userRoutes.js","statementMap":{"0":{"start":{"line":3,"column":16},"end":{"line":3,"column":34}},"1":{"start":{"line":4,"column":15},"end":{"line":4,"column":31}},"2":{"start":{"line":5,"column":23},"end":{"line":5,"column":62}},"3":{"start":{"line":6,"column":32},"end":{"line":6,"column":72}},"4":{"start":{"line":39,"column":0},"end":{"line":39,"column":49}},"5":{"start":{"line":76,"column":0},"end":{"line":76,"column":83}},"6":{"start":{"line":112,"column":0},"end":{"line":112,"column":82}},"7":{"start":{"line":124,"column":0},"end":{"line":124,"column":80}},"8":{"start":{"line":141,"column":0},"end":{"line":141,"column":92}},"9":{"start":{"line":143,"column":0},"end":{"line":143,"column":24}}},"fnMap":{},"branchMap":{},"s":{"0":2,"1":2,"2":2,"3":2,"4":2,"5":2,"6":2,"7":2,"8":2,"9":2},"f":{},"b":{},"_coverageSchema":"1a1c01bbd47fc00a2c39e90264f33305004495a9","hash":"d3b15394a5358d981d2240e56d0d3ae60ced4a5d"}
,"C:\\Users\\aleli\\OneDrive\\Desktop\\SW Eng II\\Participium\\polito-se2-participium\\server\\utils\\passport.js": {"path":"C:\\Users\\aleli\\OneDrive\\Desktop\\SW Eng II\\Participium\\polito-se2-participium\\server\\utils\\passport.js","statementMap":{"0":{"start":{"line":3,"column":17},"end":{"line":3,"column":36}},"1":{"start":{"line":4,"column":22},"end":{"line":4,"column":56}},"2":{"start":{"line":5,"column":16},"end":{"line":5,"column":41}},"3":{"start":{"line":8,"column":0},"end":{"line":18,"column":2}},"4":{"start":{"line":10,"column":4},"end":{"line":16,"column":31}},"5":{"start":{"line":12,"column":8},"end":{"line":13,"column":80}},"6":{"start":{"line":13,"column":10},"end":{"line":13,"column":80}},"7":{"start":{"line":14,"column":8},"end":{"line":14,"column":32}},"8":{"start":{"line":16,"column":20},"end":{"line":16,"column":29}},"9":{"start":{"line":21,"column":0},"end":{"line":23,"column":3}},"10":{"start":{"line":22,"column":2},"end":{"line":22,"column":22}},"11":{"start":{"line":26,"column":0},"end":{"line":30,"column":3}},"12":{"start":{"line":27,"column":2},"end":{"line":29,"column":35}},"13":{"start":{"line":28,"column":18},"end":{"line":28,"column":34}},"14":{"start":{"line":29,"column":18},"end":{"line":29,"column":33}},"15":{"start":{"line":32,"column":0},"end":{"line":32,"column":26}}},"fnMap":{"0":{"name":"(anonymous_0)","decl":{"start":{"line":9,"column":2},"end":{"line":9,"column":3}},"loc":{"start":{"line":9,"column":38},"end":{"line":17,"column":3}},"line":9},"1":{"name":"(anonymous_1)","decl":{"start":{"line":11,"column":12},"end":{"line":11,"column":13}},"loc":{"start":{"line":11,"column":20},"end":{"line":15,"column":7}},"line":11},"2":{"name":"(anonymous_2)","decl":{"start":{"line":16,"column":13},"end":{"line":16,"column":14}},"loc":{"start":{"line":16,"column":20},"end":{"line":16,"column":29}},"line":16},"3":{"name":"(anonymous_3)","decl":{"start":{"line":21,"column":23},"end":{"line":21,"column":24}},"loc":{"start":{"line":21,"column":39},"end":{"line":23,"column":1}},"line":21},"4":{"name":"(anonymous_4)","decl":{"start":{"line":26,"column":25},"end":{"line":26,"column":26}},"loc":{"start":{"line":26,"column":39},"end":{"line":30,"column":1}},"line":26},"5":{"name":"(anonymous_5)","decl":{"start":{"line":28,"column":10},"end":{"line":28,"column":11}},"loc":{"start":{"line":28,"column":18},"end":{"line":28,"column":34}},"line":28},"6":{"name":"(anonymous_6)","decl":{"start":{"line":29,"column":11},"end":{"line":29,"column":12}},"loc":{"start":{"line":29,"column":18},"end":{"line":29,"column":33}},"line":29}},"branchMap":{"0":{"loc":{"start":{"line":12,"column":8},"end":{"line":13,"column":80}},"type":"if","locations":[{"start":{"line":12,"column":8},"end":{"line":13,"column":80}},{"start":{},"end":{}}],"line":12}},"s":{"0":2,"1":2,"2":2,"3":2,"4":3,"5":3,"6":1,"7":2,"8":0,"9":2,"10":2,"11":2,"12":5,"13":5,"14":0,"15":2},"f":{"0":3,"1":3,"2":0,"3":2,"4":5,"5":5,"6":0},"b":{"0":[1,2]},"_coverageSchema":"1a1c01bbd47fc00a2c39e90264f33305004495a9","hash":"5298130464eefabaae4ebe9f6e8b116b08d02105"}
}
