TN:
SF:__mock__\bcrypt.js
FN:7,(anonymous_0)
FN:8,(anonymous_1)
FN:9,(anonymous_2)
FNF:3
FNH:2
FNDA:0,(anonymous_0)
FNDA:5,(anonymous_1)
FNDA:5,(anonymous_2)
DA:6,41
DA:7,0
DA:8,5
DA:9,5
LF:4
LH:3
BRF:0
BRH:0
end_of_record
TN:
SF:__mock__\sqlite3.js
FN:8,(anonymous_0)
FN:11,(anonymous_1)
FN:17,(anonymous_2)
FN:20,(anonymous_3)
FN:21,(anonymous_4)
FN:22,(anonymous_5)
FN:24,(anonymous_6)
FN:24,(anonymous_7)
FN:27,(anonymous_8)
FN:27,(anonymous_9)
FN:29,(anonymous_10)
FN:30,(anonymous_11)
FN:30,(anonymous_12)
FN:39,verbose
FNF:14
FNH:2
FNDA:10,(anonymous_0)
FNDA:5,(anonymous_1)
FNDA:0,(anonymous_2)
FNDA:0,(anonymous_3)
FNDA:0,(anonymous_4)
FNDA:0,(anonymous_5)
FNDA:0,(anonymous_6)
FNDA:0,(anonymous_7)
FNDA:0,(anonymous_8)
FNDA:0,(anonymous_9)
FNDA:0,(anonymous_10)
FNDA:0,(anonymous_11)
FNDA:0,(anonymous_12)
FNDA:0,verbose
DA:4,8
DA:5,8
DA:6,8
DA:8,8
DA:9,10
DA:11,10
DA:13,10
DA:18,0
DA:20,0
DA:21,0
DA:22,0
DA:23,0
DA:24,0
DA:27,0
DA:29,0
DA:30,0
DA:35,8
DA:36,8
DA:37,8
DA:40,0
DA:43,8
LF:21
LH:11
BRDA:9,0,0,10
BRDA:9,0,1,0
BRDA:24,1,0,0
BRDA:24,1,1,0
BRDA:27,2,0,0
BRDA:27,2,1,0
BRDA:27,3,0,0
BRDA:27,3,1,0
BRDA:29,4,0,0
BRDA:29,4,1,0
BRDA:30,5,0,0
BRDA:30,5,1,0
BRF:12
BRH:1
end_of_record
TN:
SF:client\API\API.js
FN:15,(anonymous_0)
FN:39,(anonymous_1)
FN:65,(anonymous_2)
FN:88,(anonymous_3)
FN:107,(anonymous_4)
FN:138,(anonymous_5)
FN:164,(anonymous_6)
FN:190,(anonymous_7)
FN:210,(anonymous_8)
FN:235,(anonymous_9)
FN:282,createReport
FN:289,(anonymous_11)
FN:316,createAnonymousReport
FN:324,(anonymous_13)
FN:345,(anonymous_14)
FN:366,(anonymous_15)
FN:393,(anonymous_16)
FN:423,(anonymous_17)
FN:462,(anonymous_18)
FN:495,(anonymous_19)
FN:515,(anonymous_20)
FN:538,(anonymous_21)
FN:565,(anonymous_22)
FN:589,(anonymous_23)
FN:609,getCategories
FN:629,(anonymous_25)
FN:654,(anonymous_26)
FNF:27
FNH:27
FNDA:25,(anonymous_0)
FNDA:2,(anonymous_1)
FNDA:3,(anonymous_2)
FNDA:2,(anonymous_3)
FNDA:3,(anonymous_4)
FNDA:2,(anonymous_5)
FNDA:2,(anonymous_6)
FNDA:2,(anonymous_7)
FNDA:2,(anonymous_8)
FNDA:2,(anonymous_9)
FNDA:2,createReport
FNDA:1,(anonymous_11)
FNDA:2,createAnonymousReport
FNDA:1,(anonymous_13)
FNDA:2,(anonymous_14)
FNDA:2,(anonymous_15)
FNDA:3,(anonymous_16)
FNDA:3,(anonymous_17)
FNDA:3,(anonymous_18)
FNDA:2,(anonymous_19)
FNDA:2,(anonymous_20)
FNDA:2,(anonymous_21)
FNDA:2,(anonymous_22)
FNDA:2,(anonymous_23)
FNDA:2,getCategories
FNDA:2,(anonymous_25)
FNDA:2,(anonymous_26)
DA:6,1
DA:15,1
DA:16,25
DA:17,25
DA:18,24
DA:20,25
DA:21,25
DA:23,0
DA:39,1
DA:40,2
DA:49,2
DA:50,1
DA:53,1
DA:65,1
DA:66,3
DA:75,3
DA:76,2
DA:79,1
DA:88,1
DA:89,2
DA:94,2
DA:95,1
DA:98,1
DA:107,1
DA:108,3
DA:113,3
DA:114,1
DA:117,2
DA:118,1
DA:121,1
DA:138,1
DA:139,2
DA:148,2
DA:149,1
DA:152,1
DA:164,1
DA:165,2
DA:174,2
DA:175,1
DA:178,1
DA:190,1
DA:191,2
DA:196,2
DA:197,1
DA:200,1
DA:210,1
DA:211,2
DA:216,2
DA:217,1
DA:220,1
DA:235,1
DA:236,2
DA:238,2
DA:239,2
DA:242,2
DA:243,1
DA:246,2
DA:247,1
DA:251,2
DA:252,1
DA:255,2
DA:261,2
DA:262,1
DA:265,1
DA:283,2
DA:284,2
DA:285,2
DA:286,2
DA:287,2
DA:288,2
DA:289,2
DA:291,2
DA:297,2
DA:298,1
DA:300,1
DA:317,2
DA:318,2
DA:319,2
DA:320,2
DA:321,2
DA:322,2
DA:323,2
DA:324,2
DA:326,2
DA:332,2
DA:333,1
DA:335,1
DA:345,1
DA:346,2
DA:351,2
DA:352,1
DA:355,1
DA:366,1
DA:367,2
DA:372,2
DA:373,1
DA:376,1
DA:393,1
DA:394,3
DA:403,3
DA:404,1
DA:407,2
DA:423,1
DA:424,3
DA:425,3
DA:427,3
DA:428,3
DA:429,3
DA:430,3
DA:432,3
DA:433,3
DA:437,3
DA:442,3
DA:443,1
DA:446,2
DA:462,1
DA:463,3
DA:464,3
DA:466,3
DA:467,3
DA:468,3
DA:469,3
DA:471,3
DA:472,3
DA:476,3
DA:481,3
DA:482,1
DA:485,2
DA:495,1
DA:496,2
DA:501,2
DA:502,1
DA:505,1
DA:515,1
DA:516,2
DA:521,2
DA:522,1
DA:525,1
DA:538,1
DA:539,2
DA:548,2
DA:549,1
DA:552,1
DA:565,1
DA:566,2
DA:575,2
DA:576,1
DA:579,1
DA:589,1
DA:590,2
DA:595,2
DA:596,1
DA:599,1
DA:610,2
DA:614,2
DA:615,1
DA:617,1
DA:629,1
DA:630,2
DA:639,2
DA:640,1
DA:643,1
DA:654,1
DA:655,2
DA:660,2
DA:661,1
DA:664,1
DA:668,1
LF:168
LH:167
BRDA:18,0,0,24
BRDA:18,0,1,2
BRDA:18,0,2,1
BRDA:20,1,0,25
BRDA:20,1,1,0
BRDA:49,2,0,1
BRDA:49,2,1,1
BRDA:75,3,0,2
BRDA:75,3,1,1
BRDA:94,4,0,1
BRDA:94,4,1,1
BRDA:113,5,0,1
BRDA:113,5,1,2
BRDA:117,6,0,1
BRDA:117,6,1,1
BRDA:148,7,0,1
BRDA:148,7,1,1
BRDA:174,8,0,1
BRDA:174,8,1,1
BRDA:196,9,0,1
BRDA:196,9,1,1
BRDA:216,10,0,1
BRDA:216,10,1,1
BRDA:238,11,0,2
BRDA:238,11,1,0
BRDA:242,12,0,1
BRDA:242,12,1,1
BRDA:246,13,0,1
BRDA:246,13,1,1
BRDA:251,14,0,1
BRDA:251,14,1,1
BRDA:261,15,0,1
BRDA:261,15,1,1
BRDA:282,16,0,0
BRDA:297,17,0,1
BRDA:297,17,1,1
BRDA:316,18,0,0
BRDA:332,19,0,1
BRDA:332,19,1,1
BRDA:351,20,0,1
BRDA:351,20,1,1
BRDA:372,21,0,1
BRDA:372,21,1,1
BRDA:403,22,0,1
BRDA:403,22,1,2
BRDA:423,23,0,2
BRDA:427,24,0,1
BRDA:427,24,1,2
BRDA:428,25,0,1
BRDA:428,25,1,2
BRDA:429,26,0,1
BRDA:429,26,1,2
BRDA:430,27,0,1
BRDA:430,27,1,2
BRDA:433,28,0,1
BRDA:433,28,1,2
BRDA:442,29,0,1
BRDA:442,29,1,2
BRDA:462,30,0,2
BRDA:466,31,0,1
BRDA:466,31,1,2
BRDA:467,32,0,1
BRDA:467,32,1,2
BRDA:468,33,0,1
BRDA:468,33,1,2
BRDA:469,34,0,1
BRDA:469,34,1,2
BRDA:472,35,0,1
BRDA:472,35,1,2
BRDA:481,36,0,1
BRDA:481,36,1,2
BRDA:501,37,0,1
BRDA:501,37,1,1
BRDA:521,38,0,1
BRDA:521,38,1,1
BRDA:548,39,0,1
BRDA:548,39,1,1
BRDA:575,40,0,1
BRDA:575,40,1,1
BRDA:595,41,0,1
BRDA:595,41,1,1
BRDA:614,42,0,1
BRDA:614,42,1,1
BRDA:639,43,0,1
BRDA:639,43,1,1
BRDA:660,44,0,1
BRDA:660,44,1,1
BRF:87
BRH:83
end_of_record
TN:
SF:client\models\models.js
FN:10,(anonymous_0)
FN:23,(anonymous_1)
FN:31,(anonymous_2)
FN:39,(anonymous_3)
FNF:4
FNH:4
FNDA:16,(anonymous_0)
FNDA:3,(anonymous_1)
FNDA:6,(anonymous_2)
FNDA:6,(anonymous_3)
DA:11,16
DA:12,16
DA:13,16
DA:14,16
DA:15,16
DA:16,16
DA:24,3
DA:32,6
DA:40,6
LF:9
LH:9
BRF:0
BRH:0
end_of_record
TN:
SF:client\utils\cropImage.js
FN:7,(anonymous_0)
FN:34,(anonymous_1)
FN:36,(anonymous_2)
FN:54,(anonymous_3)
FN:55,(anonymous_4)
FN:57,(anonymous_5)
FN:58,(anonymous_6)
FNF:7
FNH:7
FNDA:14,(anonymous_0)
FNDA:11,(anonymous_1)
FNDA:11,(anonymous_2)
FNDA:14,(anonymous_3)
FNDA:14,(anonymous_4)
FNDA:12,(anonymous_5)
FNDA:2,(anonymous_6)
DA:7,1
DA:8,14
DA:9,12
DA:10,12
DA:12,12
DA:13,1
DA:17,11
DA:18,11
DA:21,11
DA:34,11
DA:35,11
DA:37,11
DA:38,1
DA:39,1
DA:41,10
DA:54,1
DA:55,14
DA:56,14
DA:57,14
DA:58,14
DA:59,14
LF:21
LH:21
BRDA:12,0,0,1
BRDA:12,0,1,11
BRDA:37,1,0,1
BRDA:37,1,1,10
BRDA:58,2,0,2
BRDA:58,2,1,1
BRF:6
BRH:6
end_of_record
TN:
SF:server\index.js
FN:53,(anonymous_0)
FNF:1
FNH:0
FNDA:0,(anonymous_0)
DA:1,8
DA:2,8
DA:3,8
DA:4,8
DA:5,8
DA:6,8
DA:7,8
DA:8,8
DA:10,8
DA:11,8
DA:12,8
DA:13,8
DA:14,8
DA:15,8
DA:18,8
DA:21,8
DA:26,8
DA:28,8
DA:34,8
DA:35,8
DA:38,8
DA:41,8
DA:43,8
DA:44,8
DA:45,8
DA:46,8
DA:47,8
DA:49,8
DA:51,8
DA:52,8
DA:53,0
DA:54,0
DA:56,8
LF:33
LH:31
BRDA:51,0,0,8
BRDA:51,0,1,8
BRDA:52,1,0,0
BRDA:52,1,1,8
BRDA:52,2,0,8
BRDA:52,2,1,0
BRF:6
BRH:4
end_of_record
TN:
SF:server\swagger.js
FNF:0
FNH:0
DA:3,8
DA:4,8
DA:6,8
DA:63,8
DA:65,8
LF:5
LH:5
BRF:0
BRH:0
end_of_record
TN:
SF:server\constants\reportCategories.js
FNF:0
FNH:0
DA:1,11
DA:13,11
LF:2
LH:2
BRF:0
BRH:0
end_of_record
TN:
SF:server\constants\reportStatus.js
FNF:0
FNH:0
DA:1,5
DA:11,5
LF:2
LH:2
BRF:0
BRH:0
end_of_record
TN:
SF:server\constants\roles.js
FNF:0
FNH:0
DA:7,58
DA:29,58
DA:49,58
DA:61,58
LF:4
LH:4
BRF:0
BRH:0
end_of_record
TN:
SF:server\controller\commentController.js
FN:7,(anonymous_0)
FN:21,(anonymous_1)
FNF:2
FNH:2
FNDA:3,(anonymous_0)
FNDA:3,(anonymous_1)
DA:4,5
DA:5,5
DA:7,5
DA:8,3
DA:9,3
DA:10,3
DA:11,3
DA:13,3
DA:14,1
DA:16,2
DA:17,1
DA:21,5
DA:22,3
DA:23,3
DA:24,3
DA:25,1
DA:27,2
DA:28,1
LF:18
LH:18
BRDA:16,0,0,1
BRDA:16,0,1,1
BRDA:27,1,0,1
BRDA:27,1,1,1
BRF:4
BRH:4
end_of_record
TN:
SF:server\controller\reportController.js
FN:8,(anonymous_0)
FN:16,(anonymous_1)
FN:17,(anonymous_2)
FN:18,(anonymous_3)
FN:24,(anonymous_4)
FN:26,(anonymous_5)
FN:43,(anonymous_6)
FN:64,(anonymous_7)
FN:89,(anonymous_8)
FN:134,(anonymous_9)
FN:154,(anonymous_10)
FN:161,(anonymous_11)
FN:162,(anonymous_12)
FN:188,(anonymous_13)
FN:192,(anonymous_14)
FN:208,(anonymous_15)
FN:223,(anonymous_16)
FN:241,(anonymous_17)
FN:248,(anonymous_18)
FN:270,(anonymous_19)
FN:300,(anonymous_20)
FN:341,(anonymous_21)
FN:379,(anonymous_22)
FN:389,(anonymous_23)
FNF:24
FNH:24
FNDA:17,(anonymous_0)
FNDA:18,(anonymous_1)
FNDA:18,(anonymous_2)
FNDA:12,(anonymous_3)
FNDA:13,(anonymous_4)
FNDA:52,(anonymous_5)
FNDA:17,(anonymous_6)
FNDA:16,(anonymous_7)
FNDA:10,(anonymous_8)
FNDA:5,(anonymous_9)
FNDA:8,(anonymous_10)
FNDA:7,(anonymous_11)
FNDA:10,(anonymous_12)
FNDA:13,(anonymous_13)
FNDA:6,(anonymous_14)
FNDA:6,(anonymous_15)
FNDA:4,(anonymous_16)
FNDA:8,(anonymous_17)
FNDA:4,(anonymous_18)
FNDA:6,(anonymous_19)
FNDA:6,(anonymous_20)
FNDA:4,(anonymous_21)
FNDA:5,(anonymous_22)
FNDA:1,(anonymous_23)
DA:4,4
DA:5,4
DA:6,4
DA:8,4
DA:9,17
DA:10,17
DA:11,6
DA:14,11
DA:15,11
DA:16,18
DA:17,18
DA:19,12
DA:20,12
DA:24,4
DA:25,13
DA:26,52
DA:28,13
DA:29,6
DA:32,7
DA:33,2
DA:36,5
DA:43,17
DA:44,5
DA:45,1
DA:48,4
DA:49,1
DA:52,3
DA:53,1
DA:56,2
DA:64,4
DA:65,16
DA:74,16
DA:76,16
DA:77,2
DA:80,14
DA:81,14
DA:82,14
DA:83,1
DA:86,13
DA:88,13
DA:89,10
DA:90,5
DA:91,3
DA:92,2
DA:93,1
DA:96,13
DA:97,1
DA:100,12
DA:110,12
DA:111,7
DA:113,5
DA:114,1
DA:116,4
DA:123,3
DA:126,1
DA:127,1
DA:134,4
DA:135,5
DA:136,5
DA:137,5
DA:138,1
DA:141,4
DA:142,2
DA:144,2
DA:145,1
DA:147,1
DA:154,4
DA:155,8
DA:156,8
DA:158,6
DA:161,6
DA:162,7
DA:164,10
DA:166,10
DA:169,7
DA:175,6
DA:177,2
DA:178,1
DA:180,1
DA:181,1
DA:188,4
DA:189,13
DA:190,13
DA:191,8
DA:192,6
DA:197,6
DA:199,7
DA:200,6
DA:202,1
DA:203,1
DA:208,4
DA:209,6
DA:210,6
DA:213,6
DA:214,1
DA:222,6
DA:223,4
DA:228,4
DA:230,2
DA:231,1
DA:233,1
DA:234,1
DA:241,4
DA:242,8
DA:243,8
DA:244,2
DA:247,6
DA:248,4
DA:253,4
DA:255,2
DA:256,1
DA:258,1
DA:259,1
DA:270,4
DA:271,6
DA:272,6
DA:273,6
DA:274,1
DA:277,5
DA:279,5
DA:285,3
DA:287,2
DA:288,1
DA:290,1
DA:291,1
DA:300,4
DA:301,6
DA:302,6
DA:303,1
DA:306,5
DA:307,5
DA:308,1
DA:311,4
DA:312,4
DA:313,1
DA:316,3
DA:322,1
DA:327,1
DA:329,2
DA:330,1
DA:332,1
DA:333,1
DA:341,4
DA:342,4
DA:344,4
DA:345,1
DA:351,3
DA:352,3
DA:354,3
DA:361,1
DA:366,1
DA:369,2
DA:370,1
DA:372,1
DA:373,1
DA:379,4
DA:380,5
DA:382,5
DA:383,2
DA:387,3
DA:389,1
DA:394,1
DA:396,2
DA:397,1
DA:399,1
DA:400,1
LF:166
LH:166
BRDA:8,0,0,0
BRDA:9,1,0,15
BRDA:9,1,1,2
BRDA:10,2,0,6
BRDA:10,2,1,11
BRDA:10,3,0,17
BRDA:10,3,1,11
BRDA:16,4,0,18
BRDA:16,4,1,4
BRDA:24,5,0,0
BRDA:28,6,0,6
BRDA:28,6,1,7
BRDA:32,7,0,2
BRDA:32,7,1,5
BRDA:32,8,0,7
BRDA:32,8,1,7
BRDA:44,9,0,1
BRDA:44,9,1,4
BRDA:48,10,0,1
BRDA:48,10,1,3
BRDA:52,11,0,1
BRDA:52,11,1,2
BRDA:74,12,0,16
BRDA:74,12,1,0
BRDA:76,13,0,2
BRDA:76,13,1,14
BRDA:82,14,0,1
BRDA:82,14,1,13
BRDA:82,15,0,14
BRDA:82,15,1,13
BRDA:88,16,0,8
BRDA:88,16,1,5
BRDA:88,17,0,13
BRDA:88,17,1,9
BRDA:90,18,0,3
BRDA:90,18,1,2
BRDA:90,19,0,5
BRDA:90,19,1,3
BRDA:92,20,0,1
BRDA:92,20,1,1
BRDA:92,21,0,2
BRDA:92,21,1,1
BRDA:96,22,0,1
BRDA:96,22,1,12
BRDA:113,23,0,1
BRDA:113,23,1,4
BRDA:116,24,0,3
BRDA:116,24,1,1
BRDA:117,25,0,4
BRDA:117,25,1,4
BRDA:117,25,2,4
BRDA:117,25,3,3
BRDA:117,25,4,2
BRDA:137,26,0,1
BRDA:137,26,1,4
BRDA:144,27,0,1
BRDA:144,27,1,1
BRDA:162,28,0,7
BRDA:162,28,1,0
BRDA:177,29,0,1
BRDA:177,29,1,1
BRDA:199,30,0,6
BRDA:199,30,1,1
BRDA:213,31,0,1
BRDA:213,31,1,5
BRDA:213,32,0,6
BRDA:213,32,1,1
BRDA:213,32,2,1
BRDA:213,32,3,1
BRDA:230,33,0,1
BRDA:230,33,1,1
BRDA:243,34,0,2
BRDA:243,34,1,6
BRDA:255,35,0,1
BRDA:255,35,1,1
BRDA:273,36,0,1
BRDA:273,36,1,5
BRDA:277,37,0,5
BRDA:277,37,1,0
BRDA:287,38,0,1
BRDA:287,38,1,1
BRDA:302,39,0,1
BRDA:302,39,1,5
BRDA:307,40,0,1
BRDA:307,40,1,4
BRDA:311,41,0,4
BRDA:311,41,1,0
BRDA:312,42,0,1
BRDA:312,42,1,3
BRDA:329,43,0,1
BRDA:329,43,1,1
BRDA:344,44,0,1
BRDA:344,44,1,3
BRDA:352,45,0,3
BRDA:352,45,1,0
BRDA:369,46,0,1
BRDA:369,46,1,1
BRDA:382,47,0,2
BRDA:382,47,1,3
BRDA:396,48,0,1
BRDA:396,48,1,1
BRF:101
BRH:94
end_of_record
TN:
SF:server\controller\sessionController.js
FN:6,(anonymous_0)
FN:7,(anonymous_1)
FN:21,(anonymous_2)
FN:40,(anonymous_3)
FN:45,(anonymous_4)
FN:57,(anonymous_5)
FNF:6
FNH:6
FNDA:16,(anonymous_0)
FNDA:16,(anonymous_1)
FNDA:11,(anonymous_2)
FNDA:5,(anonymous_3)
FNDA:4,(anonymous_4)
FNDA:4,(anonymous_5)
DA:2,6
DA:3,6
DA:4,6
DA:6,6
DA:7,16
DA:8,16
DA:9,2
DA:10,1
DA:12,1
DA:15,14
DA:16,3
DA:21,11
DA:22,11
DA:23,2
DA:24,1
DA:26,1
DA:28,9
DA:40,6
DA:41,5
DA:42,5
DA:43,1
DA:45,4
DA:46,4
DA:47,2
DA:48,1
DA:50,1
DA:52,2
DA:57,6
DA:58,4
DA:59,2
DA:71,2
LF:31
LH:31
BRDA:8,0,0,2
BRDA:8,0,1,14
BRDA:9,1,0,1
BRDA:9,1,1,1
BRDA:15,2,0,3
BRDA:15,2,1,11
BRDA:17,3,0,3
BRDA:17,3,1,1
BRDA:22,4,0,2
BRDA:22,4,1,9
BRDA:23,5,0,1
BRDA:23,5,1,1
BRDA:42,6,0,1
BRDA:42,6,1,4
BRDA:46,7,0,2
BRDA:46,7,1,2
BRDA:47,8,0,1
BRDA:47,8,1,1
BRDA:58,9,0,2
BRDA:58,9,1,2
BRF:20
BRH:20
end_of_record
TN:
SF:server\controller\userController.js
FN:10,(anonymous_0)
FN:26,(anonymous_1)
FN:43,(anonymous_2)
FN:68,(anonymous_3)
FN:78,(anonymous_4)
FN:93,(anonymous_5)
FN:108,(anonymous_6)
FN:121,(anonymous_7)
FN:164,(anonymous_8)
FNF:9
FNH:9
FNDA:3,(anonymous_0)
FNDA:4,(anonymous_1)
FNDA:7,(anonymous_2)
FNDA:2,(anonymous_3)
FNDA:4,(anonymous_4)
FNDA:4,(anonymous_5)
FNDA:4,(anonymous_6)
FNDA:8,(anonymous_7)
FNDA:6,(anonymous_8)
DA:3,7
DA:4,7
DA:5,7
DA:10,7
DA:11,3
DA:12,3
DA:13,1
DA:15,2
DA:16,1
DA:18,1
DA:26,7
DA:27,4
DA:28,4
DA:29,4
DA:30,1
DA:32,3
DA:33,2
DA:35,1
DA:43,7
DA:44,7
DA:45,7
DA:46,7
DA:47,1
DA:50,6
DA:51,6
DA:52,2
DA:55,4
DA:56,2
DA:58,2
DA:59,1
DA:61,1
DA:68,7
DA:69,2
DA:78,7
DA:79,4
DA:80,4
DA:81,2
DA:83,2
DA:84,1
DA:86,1
DA:93,7
DA:94,4
DA:95,4
DA:96,2
DA:98,2
DA:99,1
DA:101,1
DA:108,7
DA:109,4
DA:110,4
DA:111,2
DA:113,2
DA:114,1
DA:116,1
DA:121,7
DA:122,8
DA:123,8
DA:125,8
DA:126,2
DA:129,6
DA:132,6
DA:134,1
DA:135,5
DA:137,1
DA:141,6
DA:142,4
DA:145,6
DA:146,3
DA:149,6
DA:150,4
DA:152,2
DA:153,2
DA:154,1
DA:156,1
DA:164,7
DA:165,6
DA:166,6
DA:167,2
DA:169,4
DA:170,2
DA:172,2
LF:81
LH:81
BRDA:15,0,0,1
BRDA:15,0,1,1
BRDA:28,1,0,4
BRDA:28,1,1,1
BRDA:32,2,0,2
BRDA:32,2,1,1
BRDA:46,3,0,1
BRDA:46,3,1,6
BRDA:50,4,0,6
BRDA:50,4,1,1
BRDA:51,5,0,2
BRDA:51,5,1,4
BRDA:58,6,0,1
BRDA:58,6,1,1
BRDA:83,7,0,1
BRDA:83,7,1,1
BRDA:98,8,0,1
BRDA:98,8,1,1
BRDA:113,9,0,1
BRDA:113,9,1,1
BRDA:125,10,0,2
BRDA:125,10,1,6
BRDA:132,11,0,1
BRDA:132,11,1,5
BRDA:132,12,0,6
BRDA:132,12,1,1
BRDA:135,13,0,1
BRDA:135,13,1,4
BRDA:141,14,0,4
BRDA:141,14,1,2
BRDA:142,15,0,3
BRDA:142,15,1,1
BRDA:142,16,0,4
BRDA:142,16,1,2
BRDA:145,17,0,3
BRDA:145,17,1,3
BRDA:146,18,0,1
BRDA:146,18,1,2
BRDA:153,19,0,1
BRDA:153,19,1,1
BRDA:169,20,0,2
BRDA:169,20,1,2
BRF:42
BRH:42
end_of_record
TN:
SF:server\dao\commentDao.js
FN:6,(anonymous_0)
FN:13,(anonymous_1)
FN:14,(anonymous_2)
FN:19,(anonymous_3)
FN:37,(anonymous_4)
FN:50,(anonymous_5)
FN:63,(anonymous_6)
FN:64,(anonymous_7)
FN:74,(anonymous_8)
FNF:9
FNH:9
FNDA:5,(anonymous_0)
FNDA:14,(anonymous_1)
FNDA:14,(anonymous_2)
FNDA:14,(anonymous_3)
FNDA:10,(anonymous_4)
FNDA:9,(anonymous_5)
FNDA:7,(anonymous_6)
FNDA:7,(anonymous_7)
FNDA:7,(anonymous_8)
DA:2,7
DA:3,7
DA:5,7
DA:6,7
DA:7,5
DA:13,7
DA:14,14
DA:17,14
DA:19,14
DA:20,14
DA:21,13
DA:25,11
DA:26,11
DA:29,11
DA:31,1
DA:35,10
DA:37,10
DA:38,10
DA:41,9
DA:50,9
DA:51,9
DA:52,8
DA:63,7
DA:64,7
DA:65,7
DA:74,7
DA:75,7
DA:76,6
LF:28
LH:28
BRDA:7,0,0,0
BRDA:7,0,1,5
BRDA:20,1,0,1
BRDA:20,1,1,13
BRDA:21,2,0,2
BRDA:21,2,1,11
BRDA:29,3,0,1
BRDA:29,3,1,10
BRDA:29,4,0,11
BRDA:29,4,1,3
BRDA:38,5,0,1
BRDA:38,5,1,9
BRDA:51,6,0,1
BRDA:51,6,1,8
BRDA:75,7,0,1
BRDA:75,7,1,6
BRDA:76,8,0,6
BRDA:76,8,1,1
BRF:18
BRH:17
end_of_record
TN:
SF:server\dao\reportDao.js
FN:8,(anonymous_0)
FN:17,(anonymous_1)
FN:18,(anonymous_2)
FN:30,(anonymous_3)
FN:38,(anonymous_4)
FN:55,(anonymous_5)
FN:56,(anonymous_6)
FN:58,(anonymous_7)
FN:74,(anonymous_8)
FN:75,(anonymous_9)
FN:88,(anonymous_10)
FN:96,(anonymous_11)
FN:111,(anonymous_12)
FN:112,(anonymous_13)
FN:159,(anonymous_14)
FN:170,(anonymous_15)
FN:171,(anonymous_16)
FN:217,(anonymous_17)
FN:230,(anonymous_18)
FN:231,(anonymous_19)
FN:277,(anonymous_20)
FN:286,(anonymous_21)
FN:287,(anonymous_22)
FN:298,(anonymous_23)
FN:314,(anonymous_24)
FN:315,(anonymous_25)
FN:323,(anonymous_26)
FN:331,(anonymous_27)
FN:348,(anonymous_28)
FN:349,(anonymous_29)
FN:357,(anonymous_30)
FN:366,(anonymous_31)
FN:375,(anonymous_32)
FN:376,(anonymous_33)
FN:385,(anonymous_34)
FN:419,(anonymous_35)
FN:431,(anonymous_36)
FN:432,(anonymous_37)
FN:477,(anonymous_38)
FNF:39
FNH:39
FNDA:59,(anonymous_0)
FNDA:11,(anonymous_1)
FNDA:11,(anonymous_2)
FNDA:11,(anonymous_3)
FNDA:10,(anonymous_4)
FNDA:5,(anonymous_5)
FNDA:5,(anonymous_6)
FNDA:5,(anonymous_7)
FNDA:7,(anonymous_8)
FNDA:7,(anonymous_9)
FNDA:7,(anonymous_10)
FNDA:5,(anonymous_11)
FNDA:13,(anonymous_12)
FNDA:13,(anonymous_13)
FNDA:13,(anonymous_14)
FNDA:7,(anonymous_15)
FNDA:7,(anonymous_16)
FNDA:7,(anonymous_17)
FNDA:5,(anonymous_18)
FNDA:5,(anonymous_19)
FNDA:5,(anonymous_20)
FNDA:4,(anonymous_21)
FNDA:4,(anonymous_22)
FNDA:4,(anonymous_23)
FNDA:9,(anonymous_24)
FNDA:9,(anonymous_25)
FNDA:9,(anonymous_26)
FNDA:5,(anonymous_27)
FNDA:8,(anonymous_28)
FNDA:8,(anonymous_29)
FNDA:8,(anonymous_30)
FNDA:4,(anonymous_31)
FNDA:4,(anonymous_32)
FNDA:4,(anonymous_33)
FNDA:4,(anonymous_34)
FNDA:2,(anonymous_35)
FNDA:3,(anonymous_36)
FNDA:3,(anonymous_37)
FNDA:3,(anonymous_38)
DA:3,62
DA:4,62
DA:7,62
DA:8,62
DA:9,59
DA:17,61
DA:18,11
DA:19,11
DA:25,11
DA:27,11
DA:31,11
DA:32,1
DA:33,1
DA:34,1
DA:37,10
DA:38,10
DA:39,10
DA:40,1
DA:41,1
DA:43,9
DA:55,61
DA:56,5
DA:57,5
DA:58,5
DA:59,5
DA:60,1
DA:61,1
DA:63,4
DA:74,61
DA:75,7
DA:77,7
DA:88,7
DA:89,7
DA:90,1
DA:92,6
DA:93,1
DA:96,5
DA:97,5
DA:98,1
DA:100,4
DA:111,61
DA:112,13
DA:113,13
DA:115,13
DA:142,13
DA:144,13
DA:145,3
DA:149,3
DA:157,13
DA:159,13
DA:160,13
DA:161,1
DA:163,12
DA:170,61
DA:171,7
DA:172,7
DA:173,7
DA:174,7
DA:202,7
DA:203,2
DA:207,2
DA:215,7
DA:217,7
DA:218,7
DA:219,1
DA:221,6
DA:230,61
DA:231,5
DA:232,5
DA:277,5
DA:278,5
DA:279,1
DA:281,4
DA:286,61
DA:287,4
DA:288,4
DA:298,4
DA:299,4
DA:300,1
DA:303,3
DA:314,61
DA:315,9
DA:316,9
DA:323,9
DA:324,9
DA:325,2
DA:327,7
DA:328,2
DA:331,5
DA:332,5
DA:333,2
DA:335,3
DA:348,61
DA:349,8
DA:350,8
DA:357,8
DA:358,8
DA:359,2
DA:361,6
DA:363,2
DA:366,4
DA:367,4
DA:368,2
DA:370,2
DA:375,61
DA:376,4
DA:378,4
DA:385,4
DA:386,4
DA:388,3
DA:390,1
DA:396,2
DA:419,2
DA:420,2
DA:421,1
DA:431,61
DA:432,3
DA:433,3
DA:477,3
DA:478,3
DA:479,1
DA:481,2
LF:122
LH:122
BRDA:9,0,0,0
BRDA:9,0,1,59
BRDA:17,1,0,1
BRDA:21,2,0,11
BRDA:21,2,1,8
BRDA:22,3,0,11
BRDA:22,3,1,10
BRDA:31,4,0,1
BRDA:31,4,1,10
BRDA:39,5,0,1
BRDA:39,5,1,9
BRDA:59,6,0,1
BRDA:59,6,1,4
BRDA:74,7,0,1
BRDA:74,8,0,0
BRDA:74,9,0,4
BRDA:89,10,0,1
BRDA:89,10,1,6
BRDA:92,11,0,1
BRDA:92,11,1,5
BRDA:97,12,0,1
BRDA:97,12,1,4
BRDA:111,13,0,3
BRDA:113,14,0,13
BRDA:113,14,1,1
BRDA:144,15,0,3
BRDA:144,15,1,10
BRDA:160,16,0,1
BRDA:160,16,1,12
BRDA:163,17,0,12
BRDA:163,17,1,2
BRDA:170,18,0,3
BRDA:172,19,0,7
BRDA:172,19,1,1
BRDA:202,20,0,2
BRDA:202,20,1,5
BRDA:218,21,0,1
BRDA:218,21,1,6
BRDA:221,22,0,6
BRDA:221,22,1,2
BRDA:278,23,0,1
BRDA:278,23,1,4
BRDA:281,24,0,4
BRDA:281,24,1,1
BRDA:299,25,0,1
BRDA:299,25,1,3
BRDA:303,26,0,2
BRDA:303,26,1,1
BRDA:324,27,0,2
BRDA:324,27,1,7
BRDA:327,28,0,2
BRDA:327,28,1,5
BRDA:332,29,0,2
BRDA:332,29,1,3
BRDA:358,30,0,2
BRDA:358,30,1,6
BRDA:361,31,0,2
BRDA:361,31,1,4
BRDA:367,32,0,2
BRDA:367,32,1,2
BRDA:386,33,0,1
BRDA:386,33,1,3
BRDA:388,34,0,1
BRDA:388,34,1,2
BRDA:420,35,0,1
BRDA:420,35,1,1
BRDA:478,36,0,1
BRDA:478,36,1,2
BRDA:481,37,0,2
BRDA:481,37,1,1
BRF:70
BRH:68
end_of_record
TN:
SF:server\dao\userDao.js
FN:10,(anonymous_0)
FN:20,(anonymous_1)
FN:21,(anonymous_2)
FN:23,(anonymous_3)
FN:35,(anonymous_4)
FN:64,(anonymous_5)
FN:65,(anonymous_6)
FN:67,(anonymous_7)
FN:82,(anonymous_8)
FN:83,(anonymous_9)
FN:85,(anonymous_10)
FN:100,(anonymous_11)
FN:101,(anonymous_12)
FN:103,(anonymous_13)
FN:118,(anonymous_14)
FN:121,(anonymous_15)
FN:125,(anonymous_16)
FN:137,(anonymous_17)
FN:166,(anonymous_18)
FN:167,(anonymous_19)
FN:173,(anonymous_20)
FN:190,(anonymous_21)
FN:191,(anonymous_22)
FN:198,(anonymous_23)
FN:209,(anonymous_24)
FN:210,(anonymous_25)
FN:217,(anonymous_26)
FN:228,shouldUpdateField
FN:236,buildUpdateFields
FN:267,buildResultObject
FN:283,(anonymous_30)
FN:284,(anonymous_31)
FN:288,(anonymous_32)
FN:315,(anonymous_33)
FNF:34
FNH:34
FNDA:7,(anonymous_0)
FNDA:13,(anonymous_1)
FNDA:13,(anonymous_2)
FNDA:13,(anonymous_3)
FNDA:10,(anonymous_4)
FNDA:43,(anonymous_5)
FNDA:43,(anonymous_6)
FNDA:43,(anonymous_7)
FNDA:5,(anonymous_8)
FNDA:5,(anonymous_9)
FNDA:5,(anonymous_10)
FNDA:5,(anonymous_11)
FNDA:5,(anonymous_12)
FNDA:5,(anonymous_13)
FNDA:20,(anonymous_14)
FNDA:20,(anonymous_15)
FNDA:20,(anonymous_16)
FNDA:20,(anonymous_17)
FNDA:5,(anonymous_18)
FNDA:5,(anonymous_19)
FNDA:4,(anonymous_20)
FNDA:4,(anonymous_21)
FNDA:4,(anonymous_22)
FNDA:4,(anonymous_23)
FNDA:5,(anonymous_24)
FNDA:5,(anonymous_25)
FNDA:5,(anonymous_26)
FNDA:18,shouldUpdateField
FNDA:7,buildUpdateFields
FNDA:4,buildResultObject
FNDA:9,(anonymous_30)
FNDA:9,(anonymous_31)
FNDA:9,(anonymous_32)
FNDA:5,(anonymous_33)
DA:3,45
DA:4,45
DA:5,45
DA:6,45
DA:9,45
DA:10,45
DA:11,7
DA:20,45
DA:21,13
DA:22,13
DA:23,13
DA:24,13
DA:25,1
DA:26,1
DA:29,12
DA:30,2
DA:31,2
DA:35,10
DA:36,10
DA:37,0
DA:38,0
DA:41,10
DA:43,9
DA:50,9
DA:52,1
DA:64,45
DA:65,43
DA:66,43
DA:67,43
DA:68,43
DA:69,1
DA:70,1
DA:72,42
DA:82,45
DA:83,5
DA:84,5
DA:85,5
DA:86,5
DA:87,1
DA:88,1
DA:90,4
DA:100,45
DA:101,5
DA:102,5
DA:103,5
DA:104,5
DA:105,1
DA:106,1
DA:108,4
DA:118,45
DA:121,20
DA:125,20
DA:126,20
DA:129,20
DA:130,20
DA:131,20
DA:133,20
DA:137,20
DA:138,20
DA:139,1
DA:140,1
DA:141,1
DA:144,19
DA:149,0
DA:166,45
DA:167,5
DA:168,5
DA:169,1
DA:170,1
DA:172,4
DA:173,4
DA:174,4
DA:175,1
DA:176,1
DA:178,3
DA:179,1
DA:180,1
DA:182,2
DA:190,45
DA:191,4
DA:192,4
DA:198,4
DA:199,4
DA:200,3
DA:209,45
DA:210,5
DA:211,5
DA:217,5
DA:218,5
DA:219,3
DA:230,18
DA:237,7
DA:238,7
DA:240,7
DA:241,6
DA:242,5
DA:243,5
DA:247,7
DA:248,2
DA:249,2
DA:250,2
DA:254,7
DA:255,2
DA:256,2
DA:257,2
DA:261,7
DA:268,4
DA:270,4
DA:271,4
DA:273,4
DA:274,2
DA:276,4
DA:277,2
DA:280,4
DA:283,45
DA:284,9
DA:286,9
DA:288,9
DA:289,9
DA:290,1
DA:291,1
DA:294,8
DA:295,1
DA:296,1
DA:300,7
DA:303,7
DA:304,2
DA:305,2
DA:309,5
DA:312,5
DA:313,5
DA:315,5
DA:316,5
DA:317,1
DA:318,1
DA:322,4
DA:323,4
LF:137
LH:134
BRDA:11,0,0,0
BRDA:11,0,1,7
BRDA:24,1,0,1
BRDA:24,1,1,12
BRDA:29,2,0,2
BRDA:29,2,1,10
BRDA:36,3,0,0
BRDA:36,3,1,10
BRDA:41,4,0,9
BRDA:41,4,1,1
BRDA:68,5,0,1
BRDA:68,5,1,42
BRDA:86,6,0,1
BRDA:86,6,1,4
BRDA:104,7,0,1
BRDA:104,7,1,4
BRDA:118,8,0,10
BRDA:138,9,0,1
BRDA:138,9,1,19
BRDA:168,10,0,1
BRDA:168,10,1,4
BRDA:174,11,0,1
BRDA:174,11,1,3
BRDA:178,12,0,1
BRDA:178,12,1,2
BRDA:199,13,0,1
BRDA:199,13,1,3
BRDA:200,14,0,3
BRDA:200,14,1,1
BRDA:218,15,0,2
BRDA:218,15,1,3
BRDA:219,16,0,3
BRDA:219,16,1,1
BRDA:230,17,0,18
BRDA:230,17,1,5
BRDA:240,18,0,6
BRDA:240,18,1,1
BRDA:241,19,0,5
BRDA:241,19,1,1
BRDA:247,20,0,2
BRDA:247,20,1,5
BRDA:248,21,0,2
BRDA:248,21,1,0
BRDA:254,22,0,2
BRDA:254,22,1,5
BRDA:255,23,0,2
BRDA:255,23,1,0
BRDA:270,24,0,4
BRDA:270,24,1,0
BRDA:270,25,0,4
BRDA:270,25,1,4
BRDA:273,26,0,2
BRDA:273,26,1,2
BRDA:273,27,0,4
BRDA:273,27,1,2
BRDA:276,28,0,2
BRDA:276,28,1,2
BRDA:276,29,0,4
BRDA:276,29,1,2
BRDA:289,30,0,1
BRDA:289,30,1,8
BRDA:294,31,0,1
BRDA:294,31,1,7
BRDA:303,32,0,2
BRDA:303,32,1,5
BRDA:316,33,0,1
BRDA:316,33,1,4
BRF:67
BRH:62
end_of_record
TN:
SF:server\db\init.js
FN:21,initializeDatabase
FN:22,(anonymous_1)
FN:26,(anonymous_2)
FN:36,(anonymous_3)
FN:58,(anonymous_4)
FN:67,(anonymous_5)
FN:85,resetDatabase
FN:86,(anonymous_7)
FN:103,(anonymous_8)
FN:104,(anonymous_9)
FN:111,checkServiceTypes
FN:112,(anonymous_11)
FN:121,(anonymous_12)
FN:133,checkCounters
FN:134,(anonymous_14)
FN:152,verifyDatabase
FN:153,(anonymous_16)
FN:156,(anonymous_17)
FN:164,(anonymous_18)
FN:172,(anonymous_19)
FN:192,(anonymous_20)
FNF:21
FNH:9
FNDA:4,initializeDatabase
FNDA:4,(anonymous_1)
FNDA:4,(anonymous_2)
FNDA:4,(anonymous_3)
FNDA:4,(anonymous_4)
FNDA:4,(anonymous_5)
FNDA:4,resetDatabase
FNDA:4,(anonymous_7)
FNDA:4,(anonymous_8)
FNDA:0,(anonymous_9)
FNDA:0,checkServiceTypes
FNDA:0,(anonymous_11)
FNDA:0,(anonymous_12)
FNDA:0,checkCounters
FNDA:0,(anonymous_14)
FNDA:0,verifyDatabase
FNDA:0,(anonymous_16)
FNDA:0,(anonymous_17)
FNDA:0,(anonymous_18)
FNDA:0,(anonymous_19)
FNDA:0,(anonymous_20)
DA:7,4
DA:8,4
DA:9,4
DA:12,4
DA:13,4
DA:22,4
DA:23,4
DA:26,4
DA:27,4
DA:28,0
DA:29,0
DA:30,0
DA:32,4
DA:36,4
DA:37,4
DA:38,0
DA:39,0
DA:40,0
DA:42,4
DA:47,4
DA:48,4
DA:49,4
DA:51,0
DA:52,0
DA:53,0
DA:54,0
DA:58,4
DA:59,4
DA:60,0
DA:61,0
DA:62,0
DA:63,0
DA:67,4
DA:68,4
DA:69,0
DA:70,0
DA:71,0
DA:73,4
DA:74,4
DA:75,4
DA:86,4
DA:87,4
DA:90,4
DA:91,0
DA:92,0
DA:93,0
DA:95,0
DA:96,0
DA:97,0
DA:102,4
DA:103,4
DA:104,0
DA:112,0
DA:113,0
DA:114,0
DA:115,0
DA:116,0
DA:117,0
DA:120,0
DA:121,0
DA:122,0
DA:126,0
DA:134,0
DA:135,0
DA:136,0
DA:137,0
DA:138,0
DA:139,0
DA:142,0
DA:143,0
DA:144,0
DA:145,0
DA:153,0
DA:154,0
DA:156,0
DA:157,0
DA:158,0
DA:159,0
DA:164,0
DA:165,0
DA:166,0
DA:167,0
DA:168,0
DA:169,0
DA:172,0
DA:175,0
DA:181,4
DA:189,4
DA:190,0
DA:192,0
DA:193,0
DA:194,0
DA:195,0
DA:196,0
DA:197,0
DA:199,0
DA:201,0
DA:203,0
DA:204,0
DA:205,0
DA:206,0
DA:208,0
DA:210,0
LF:103
LH:30
BRDA:27,0,0,0
BRDA:27,0,1,4
BRDA:37,1,0,0
BRDA:37,1,1,4
BRDA:59,2,0,0
BRDA:59,2,1,4
BRDA:68,3,0,0
BRDA:68,3,1,4
BRDA:90,4,0,0
BRDA:90,4,1,4
BRDA:113,5,0,0
BRDA:113,5,1,0
BRDA:135,6,0,0
BRDA:135,6,1,0
BRDA:157,7,0,0
BRDA:157,7,1,0
BRDA:165,8,0,0
BRDA:165,8,1,0
BRDA:189,9,0,0
BRDA:189,9,1,4
BRDA:194,10,0,0
BRDA:194,10,1,0
BRDA:196,11,0,0
BRDA:196,11,1,0
BRDA:203,12,0,0
BRDA:203,12,1,0
BRDA:205,13,0,0
BRDA:205,13,1,0
BRF:28
BRH:6
end_of_record
TN:
SF:server\errors\AppError.js
FN:2,(anonymous_0)
FNF:1
FNH:1
FNDA:158,(anonymous_0)
DA:6,158
DA:7,158
DA:8,158
DA:12,18
LF:4
LH:4
BRF:0
BRH:0
end_of_record
TN:
SF:server\errors\BadRequestError.js
FN:4,(anonymous_0)
FNF:1
FNH:1
FNDA:67,(anonymous_0)
DA:1,12
DA:5,67
DA:6,67
DA:7,67
DA:11,12
LF:5
LH:5
BRF:0
BRH:0
end_of_record
TN:
SF:server\errors\ConflictError.js
FN:4,(anonymous_0)
FNF:1
FNH:1
FNDA:7,(anonymous_0)
DA:1,10
DA:5,7
DA:6,7
DA:7,7
DA:11,10
LF:5
LH:5
BRF:0
BRH:0
end_of_record
TN:
SF:server\errors\NotFoundError.js
FN:4,(anonymous_0)
FNF:1
FNH:1
FNDA:21,(anonymous_0)
DA:1,12
DA:5,21
DA:6,21
DA:7,21
DA:11,12
LF:5
LH:5
BRF:0
BRH:0
end_of_record
TN:
SF:server\errors\UnauthorizedError.js
FN:4,(anonymous_0)
FNF:1
FNH:1
FNDA:26,(anonymous_0)
DA:1,12
DA:5,26
DA:6,26
DA:7,26
DA:11,12
LF:5
LH:5
BRF:0
BRH:0
end_of_record
TN:
SF:server\middlewares\authMiddleware.js
FN:6,(anonymous_0)
FN:14,(anonymous_1)
FN:25,(anonymous_2)
FN:37,(anonymous_3)
FN:52,(anonymous_4)
FN:67,(anonymous_5)
FNF:6
FNH:6
FNDA:29,(anonymous_0)
FNDA:10,(anonymous_1)
FNDA:11,(anonymous_2)
FNDA:6,(anonymous_3)
FNDA:3,(anonymous_4)
FNDA:5,(anonymous_5)
DA:1,4
DA:2,4
DA:3,4
DA:4,4
DA:6,4
DA:7,29
DA:8,27
DA:10,2
DA:14,4
DA:15,10
DA:16,9
DA:17,5
DA:19,4
DA:22,1
DA:25,4
DA:26,11
DA:27,10
DA:28,8
DA:30,2
DA:33,1
DA:37,4
DA:38,6
DA:39,5
DA:40,5
DA:41,3
DA:43,2
DA:46,1
DA:52,4
DA:55,3
DA:56,1
DA:60,2
DA:67,4
DA:68,5
DA:69,1
DA:72,4
DA:73,4
DA:74,4
DA:76,4
DA:77,3
DA:80,1
LF:40
LH:40
BRDA:7,0,0,27
BRDA:7,0,1,2
BRDA:15,1,0,9
BRDA:15,1,1,1
BRDA:16,2,0,5
BRDA:16,2,1,4
BRDA:26,3,0,10
BRDA:26,3,1,1
BRDA:27,4,0,8
BRDA:27,4,1,2
BRDA:38,5,0,5
BRDA:38,5,1,1
BRDA:40,6,0,3
BRDA:40,6,1,2
BRDA:55,7,0,1
BRDA:55,7,1,2
BRDA:68,8,0,1
BRDA:68,8,1,4
BRDA:76,9,0,3
BRDA:76,9,1,1
BRDA:76,10,0,4
BRDA:76,10,1,1
BRF:22
BRH:22
end_of_record
TN:
SF:server\middlewares\errorMiddleware.js
FN:3,(anonymous_0)
FNF:1
FNH:1
FNDA:8,(anonymous_0)
DA:1,9
DA:3,9
DA:4,8
DA:5,7
DA:8,1
DA:9,1
DA:10,1
LF:7
LH:7
BRDA:4,0,0,7
BRDA:4,0,1,1
BRF:2
BRH:2
end_of_record
TN:
SF:server\middlewares\uploadMiddleware.js
FN:26,(anonymous_0)
FN:30,(anonymous_1)
FN:40,(anonymous_2)
FN:44,(anonymous_3)
FN:53,(anonymous_4)
FNF:5
FNH:5
FNDA:4,(anonymous_0)
FNDA:4,(anonymous_1)
FNDA:2,(anonymous_2)
FNDA:2,(anonymous_3)
FNDA:6,(anonymous_4)
DA:3,17
DA:4,17
DA:5,17
DA:6,17
DA:10,17
DA:12,17
DA:15,17
DA:16,4
DA:19,17
DA:20,5
DA:24,17
DA:27,4
DA:32,4
DA:33,4
DA:34,4
DA:38,17
DA:41,2
DA:46,2
DA:47,2
DA:48,2
DA:53,17
DA:54,6
DA:55,5
DA:57,1
DA:62,17
DA:68,17
DA:78,17
DA:80,17
LF:28
LH:28
BRDA:15,0,0,4
BRDA:15,0,1,13
BRDA:19,1,0,5
BRDA:19,1,1,12
BRDA:54,2,0,5
BRDA:54,2,1,1
BRF:6
BRH:6
end_of_record
TN:
SF:server\repository\commentRepository.js
FN:9,(anonymous_0)
FN:23,(anonymous_1)
FNF:2
FNH:2
FNDA:14,(anonymous_0)
FNDA:7,(anonymous_1)
DA:3,5
DA:4,5
DA:5,5
DA:6,5
DA:7,5
DA:9,5
DA:10,14
DA:11,10
DA:14,4
DA:15,4
DA:19,2
DA:20,2
DA:23,5
DA:24,7
DA:27,3
DA:28,3
DA:30,1
LF:17
LH:17
BRDA:10,0,0,4
BRDA:10,0,1,10
BRDA:10,1,0,14
BRDA:10,1,1,12
BRDA:11,2,0,6
BRDA:11,2,1,4
BRDA:11,3,0,10
BRDA:11,3,1,6
BRDA:11,3,2,6
BRDA:15,4,0,2
BRDA:15,4,1,2
BRDA:24,5,0,4
BRDA:24,5,1,3
BRDA:24,6,0,7
BRDA:24,6,1,5
BRDA:28,7,0,2
BRDA:28,7,1,1
BRF:17
BRH:17
end_of_record
TN:
SF:server\repository\reportRepository.js
FN:13,(anonymous_0)
FN:69,(anonymous_1)
FN:118,(anonymous_2)
FN:155,(anonymous_3)
FN:174,(anonymous_4)
FN:208,(anonymous_5)
FN:265,(anonymous_6)
FN:289,(anonymous_7)
FN:296,(anonymous_8)
FN:304,(anonymous_9)
FN:308,(anonymous_10)
FN:317,(anonymous_11)
FN:338,(anonymous_12)
FN:393,(anonymous_13)
FN:439,(anonymous_14)
FNF:15
FNH:15
FNDA:32,(anonymous_0)
FNDA:26,(anonymous_1)
FNDA:16,(anonymous_2)
FNDA:4,(anonymous_3)
FNDA:10,(anonymous_4)
FNDA:16,(anonymous_5)
FNDA:13,(anonymous_6)
FNDA:4,(anonymous_7)
FNDA:6,(anonymous_8)
FNDA:3,(anonymous_9)
FNDA:2,(anonymous_10)
FNDA:6,(anonymous_11)
FNDA:11,(anonymous_12)
FNDA:7,(anonymous_13)
FNDA:4,(anonymous_14)
DA:1,4
DA:2,4
DA:3,4
DA:4,4
DA:5,4
DA:6,4
DA:7,4
DA:8,4
DA:13,4
DA:14,32
DA:20,32
DA:69,4
DA:70,26
DA:79,26
DA:81,26
DA:82,1
DA:84,25
DA:85,2
DA:89,23
DA:90,1
DA:94,22
DA:95,1
DA:98,21
DA:99,2
DA:102,19
DA:103,2
DA:106,17
DA:107,2
DA:110,15
DA:111,1
DA:114,14
DA:115,2
DA:118,12
DA:119,16
DA:120,2
DA:122,14
DA:125,10
DA:126,10
DA:127,1
DA:130,9
DA:139,8
DA:140,1
DA:143,7
DA:145,19
DA:146,19
DA:155,4
DA:156,4
DA:157,1
DA:159,3
DA:160,3
DA:161,1
DA:164,2
DA:174,4
DA:175,10
DA:176,4
DA:177,2
DA:179,2
DA:186,6
DA:187,2
DA:190,4
DA:191,4
DA:192,1
DA:195,3
DA:208,4
DA:209,16
DA:210,16
DA:211,1
DA:214,15
DA:216,15
DA:217,2
DA:220,13
DA:221,13
DA:222,8
DA:225,13
DA:226,1
DA:230,12
DA:231,12
DA:232,1
DA:234,11
DA:235,1
DA:238,10
DA:245,5
DA:252,5
DA:253,1
DA:256,4
DA:258,12
DA:259,12
DA:265,4
DA:266,13
DA:267,1
DA:270,12
DA:271,12
DA:278,12
DA:279,1
DA:282,11
DA:283,10
DA:289,4
DA:290,4
DA:296,4
DA:297,6
DA:304,4
DA:305,3
DA:308,4
DA:309,2
DA:310,2
DA:317,4
DA:318,6
DA:319,1
DA:322,5
DA:323,1
DA:326,4
DA:327,3
DA:328,3
DA:338,4
DA:339,11
DA:340,1
DA:342,10
DA:343,1
DA:345,9
DA:346,1
DA:348,8
DA:349,1
DA:353,7
DA:354,7
DA:355,1
DA:359,6
DA:360,1
DA:364,5
DA:365,1
DA:369,4
DA:370,4
DA:371,1
DA:373,3
DA:374,1
DA:378,2
DA:379,2
DA:380,1
DA:383,1
DA:393,4
DA:394,7
DA:395,1
DA:397,6
DA:398,1
DA:401,5
DA:402,1
DA:405,4
DA:408,4
DA:414,4
DA:415,1
DA:419,3
DA:421,3
DA:423,2
DA:424,2
DA:425,1
DA:428,1
DA:432,1
DA:439,4
DA:440,4
DA:441,1
DA:444,3
DA:445,1
DA:449,2
DA:450,1
DA:453,1
LF:164
LH:164
BRDA:29,0,0,32
BRDA:29,0,1,30
BRDA:30,1,0,32
BRDA:30,1,1,23
BRDA:45,2,0,1
BRDA:45,2,1,31
BRDA:54,3,0,4
BRDA:54,3,1,28
BRDA:79,4,0,26
BRDA:79,4,1,0
BRDA:81,5,0,1
BRDA:81,5,1,25
BRDA:81,6,0,26
BRDA:81,6,1,24
BRDA:84,7,0,2
BRDA:84,7,1,23
BRDA:84,8,0,25
BRDA:84,8,1,24
BRDA:89,9,0,1
BRDA:89,9,1,22
BRDA:89,10,0,23
BRDA:89,10,1,23
BRDA:89,10,2,23
BRDA:94,11,0,1
BRDA:94,11,1,21
BRDA:94,12,0,22
BRDA:94,12,1,22
BRDA:94,12,2,21
BRDA:98,13,0,2
BRDA:98,13,1,19
BRDA:98,14,0,21
BRDA:98,14,1,20
BRDA:102,15,0,2
BRDA:102,15,1,17
BRDA:102,16,0,19
BRDA:102,16,1,18
BRDA:106,17,0,2
BRDA:106,17,1,15
BRDA:106,18,0,17
BRDA:106,18,1,16
BRDA:110,19,0,1
BRDA:110,19,1,14
BRDA:114,20,0,2
BRDA:114,20,1,12
BRDA:114,21,0,14
BRDA:114,21,1,13
BRDA:119,22,0,2
BRDA:119,22,1,14
BRDA:119,23,0,16
BRDA:119,23,1,15
BRDA:126,24,0,1
BRDA:126,24,1,9
BRDA:131,25,0,2
BRDA:131,25,1,7
BRDA:139,26,0,1
BRDA:139,26,1,7
BRDA:156,27,0,1
BRDA:156,27,1,3
BRDA:160,28,0,1
BRDA:160,28,1,2
BRDA:175,29,0,4
BRDA:175,29,1,6
BRDA:176,30,0,2
BRDA:176,30,1,2
BRDA:176,31,0,4
BRDA:176,31,1,3
BRDA:186,32,0,2
BRDA:186,32,1,4
BRDA:186,33,0,6
BRDA:186,33,1,5
BRDA:191,34,0,1
BRDA:191,34,1,3
BRDA:208,35,0,0
BRDA:210,36,0,1
BRDA:210,36,1,15
BRDA:216,37,0,2
BRDA:216,37,1,13
BRDA:221,38,0,8
BRDA:221,38,1,5
BRDA:225,39,0,1
BRDA:225,39,1,12
BRDA:231,40,0,1
BRDA:231,40,1,11
BRDA:234,41,0,1
BRDA:234,41,1,10
BRDA:252,42,0,1
BRDA:252,42,1,4
BRDA:265,43,0,6
BRDA:266,44,0,1
BRDA:266,44,1,12
BRDA:278,45,0,1
BRDA:278,45,1,11
BRDA:289,46,0,3
BRDA:304,47,0,0
BRDA:308,48,0,0
BRDA:318,49,0,1
BRDA:318,49,1,5
BRDA:322,50,0,1
BRDA:322,50,1,4
BRDA:339,51,0,1
BRDA:339,51,1,10
BRDA:342,52,0,1
BRDA:342,52,1,9
BRDA:345,53,0,1
BRDA:345,53,1,8
BRDA:348,54,0,1
BRDA:348,54,1,7
BRDA:354,55,0,1
BRDA:354,55,1,6
BRDA:359,56,0,1
BRDA:359,56,1,5
BRDA:364,57,0,1
BRDA:364,57,1,4
BRDA:370,58,0,1
BRDA:370,58,1,3
BRDA:373,59,0,1
BRDA:373,59,1,2
BRDA:379,60,0,1
BRDA:379,60,1,1
BRDA:394,61,0,1
BRDA:394,61,1,6
BRDA:394,62,0,7
BRDA:394,62,1,7
BRDA:397,63,0,1
BRDA:397,63,1,5
BRDA:401,64,0,1
BRDA:401,64,1,4
BRDA:414,65,0,1
BRDA:414,65,1,3
BRDA:421,66,0,2
BRDA:421,66,1,1
BRDA:424,67,0,1
BRDA:424,67,1,1
BRDA:440,68,0,1
BRDA:440,68,1,3
BRDA:444,69,0,1
BRDA:444,69,1,2
BRF:137
BRH:133
end_of_record
TN:
SF:server\repository\userRepository.js
FN:10,(anonymous_0)
FN:18,(anonymous_1)
FN:29,(anonymous_2)
FN:52,(anonymous_3)
FN:83,(anonymous_4)
FN:113,(anonymous_5)
FN:122,(anonymous_6)
FN:148,(anonymous_7)
FNF:8
FNH:8
FNDA:3,(anonymous_0)
FNDA:3,(anonymous_1)
FNDA:6,(anonymous_2)
FNDA:7,(anonymous_3)
FNDA:8,(anonymous_4)
FNDA:4,(anonymous_5)
FNDA:6,(anonymous_6)
FNDA:2,(anonymous_7)
DA:1,8
DA:2,8
DA:3,8
DA:4,8
DA:5,8
DA:6,8
DA:7,8
DA:10,8
DA:11,3
DA:12,3
DA:13,1
DA:15,2
DA:18,8
DA:19,3
DA:20,1
DA:22,2
DA:23,2
DA:24,1
DA:26,1
DA:29,8
DA:30,6
DA:31,6
DA:32,1
DA:34,5
DA:35,5
DA:36,5
DA:37,1
DA:39,4
DA:40,1
DA:42,3
DA:43,2
DA:46,4
DA:47,4
DA:52,8
DA:53,7
DA:54,7
DA:55,1
DA:57,6
DA:58,1
DA:60,5
DA:61,1
DA:63,4
DA:64,4
DA:65,4
DA:66,1
DA:68,3
DA:69,1
DA:71,2
DA:72,2
DA:73,2
DA:83,8
DA:84,8
DA:85,8
DA:86,1
DA:88,7
DA:89,1
DA:91,6
DA:92,1
DA:94,5
DA:95,1
DA:97,4
DA:98,4
DA:99,1
DA:101,3
DA:102,3
DA:103,1
DA:105,2
DA:113,8
DA:114,4
DA:115,4
DA:116,2
DA:118,2
DA:119,2
DA:122,8
DA:123,6
DA:124,1
DA:127,5
DA:128,5
DA:129,1
DA:132,4
DA:133,2
DA:134,2
DA:135,2
DA:136,1
DA:140,3
DA:141,3
DA:148,8
DA:149,2
DA:150,2
LF:89
LH:89
BRDA:12,0,0,1
BRDA:12,0,1,2
BRDA:19,1,0,1
BRDA:19,1,1,2
BRDA:19,2,0,3
BRDA:19,2,1,2
BRDA:23,3,0,1
BRDA:23,3,1,1
BRDA:31,4,0,1
BRDA:31,4,1,5
BRDA:31,5,0,6
BRDA:31,5,1,6
BRDA:31,5,2,5
BRDA:31,5,3,5
BRDA:31,5,4,5
BRDA:36,6,0,1
BRDA:36,6,1,4
BRDA:39,7,0,1
BRDA:39,7,1,3
BRDA:54,8,0,1
BRDA:54,8,1,6
BRDA:57,9,0,1
BRDA:57,9,1,5
BRDA:60,10,0,1
BRDA:60,10,1,4
BRDA:60,11,0,5
BRDA:60,11,1,5
BRDA:60,11,2,4
BRDA:60,11,3,4
BRDA:60,11,4,4
BRDA:65,12,0,1
BRDA:65,12,1,3
BRDA:68,13,0,1
BRDA:68,13,1,2
BRDA:85,14,0,1
BRDA:85,14,1,7
BRDA:88,15,0,1
BRDA:88,15,1,6
BRDA:91,16,0,1
BRDA:91,16,1,5
BRDA:94,17,0,1
BRDA:94,17,1,4
BRDA:98,18,0,1
BRDA:98,18,1,3
BRDA:102,19,0,1
BRDA:102,19,1,2
BRDA:115,20,0,2
BRDA:115,20,1,2
BRDA:123,21,0,1
BRDA:123,21,1,5
BRDA:128,22,0,1
BRDA:128,22,1,4
BRDA:132,23,0,2
BRDA:132,23,1,2
BRDA:135,24,0,1
BRDA:135,24,1,1
BRF:56
BRH:56
end_of_record
TN:
SF:server\routes\commentRoutes.js
FNF:0
FNH:0
DA:3,8
DA:4,8
DA:5,8
DA:6,8
DA:7,8
DA:8,8
DA:46,8
DA:94,8
DA:101,8
LF:9
LH:9
BRF:0
BRH:0
end_of_record
TN:
SF:server\routes\constantRoutes.js
FN:37,(anonymous_0)
FNF:1
FNH:1
FNDA:2,(anonymous_0)
DA:3,9
DA:4,9
DA:5,9
DA:37,9
DA:38,2
DA:41,9
LF:6
LH:6
BRF:0
BRH:0
end_of_record
TN:
SF:server\routes\reportRoutes.js
FNF:0
FNH:0
DA:3,8
DA:4,8
DA:5,8
DA:6,8
DA:7,8
DA:75,8
DA:149,8
DA:180,8
DA:235,8
DA:288,8
DA:327,8
DA:368,8
DA:452,8
DA:524,8
DA:577,8
DA:611,8
DA:619,8
LF:17
LH:17
BRF:0
BRH:0
end_of_record
TN:
SF:server\routes\sessionRoutes.js
FNF:0
FNH:0
DA:3,8
DA:4,8
DA:5,8
DA:6,8
DA:55,8
DA:69,8
DA:81,8
DA:83,8
LF:8
LH:8
BRF:0
BRH:0
end_of_record
TN:
SF:server\routes\userRoutes.js
FNF:0
FNH:0
DA:3,8
DA:4,8
DA:5,8
DA:6,8
DA:7,8
DA:40,8
DA:77,8
DA:113,8
DA:125,8
DA:142,8
DA:188,8
DA:246,8
DA:248,8
LF:13
LH:13
BRF:0
BRH:0
end_of_record
TN:
SF:server\utils\passport.js
FN:9,(anonymous_0)
FN:11,(anonymous_1)
FN:16,(anonymous_2)
FN:21,(anonymous_3)
FN:26,(anonymous_4)
FN:28,(anonymous_5)
FN:29,(anonymous_6)
FNF:7
FNH:7
FNDA:12,(anonymous_0)
FNDA:11,(anonymous_1)
FNDA:1,(anonymous_2)
FNDA:9,(anonymous_3)
FNDA:33,(anonymous_4)
FNDA:32,(anonymous_5)
FNDA:1,(anonymous_6)
DA:3,11
DA:4,11
DA:5,11
DA:8,11
DA:10,12
DA:12,11
DA:13,2
DA:14,9
DA:16,1
DA:21,11
DA:22,9
DA:26,11
DA:27,33
DA:28,32
DA:29,1
DA:32,11
LF:16
LH:16
BRDA:12,0,0,2
BRDA:12,0,1,9
BRF:2
BRH:2
end_of_record
