TN:
SF:server\index.js
FN:60,(anonymous_0)
FNF:1
FNH:0
FNDA:0,(anonymous_0)
DA:3,1
DA:4,1
DA:6,1
DA:7,1
DA:8,1
DA:9,1
DA:10,1
DA:11,1
DA:12,1
DA:14,1
DA:15,1
DA:16,1
DA:17,1
DA:18,1
DA:19,1
DA:20,1
DA:21,1
DA:24,1
DA:27,1
DA:32,1
DA:34,1
DA:40,1
DA:41,1
DA:44,1
DA:47,1
DA:49,1
DA:50,1
DA:51,1
DA:52,1
DA:53,1
DA:54,1
DA:56,1
DA:58,1
DA:59,1
DA:60,0
DA:61,0
DA:62,0
DA:65,0
DA:66,0
DA:68,0
DA:69,0
DA:70,0
DA:72,0
DA:76,1
LF:44
LH:35
BRDA:58,0,0,1
BRDA:58,0,1,1
BRDA:59,1,0,0
BRDA:59,1,1,1
BRDA:59,2,0,1
BRDA:59,2,1,0
BRDA:68,3,0,0
BRDA:68,3,1,0
BRF:8
BRH:4
end_of_record
TN:
SF:server\swagger.js
FNF:0
FNH:0
DA:3,1
DA:4,1
DA:6,1
DA:63,1
DA:65,1
LF:5
LH:5
BRF:0
BRH:0
end_of_record
TN:
SF:server\constants\reportCategories.js
FNF:0
FNH:0
DA:1,1
DA:13,1
LF:2
LH:2
BRF:0
BRH:0
end_of_record
TN:
SF:server\constants\reportStatus.js
FNF:0
FNH:0
DA:1,1
DA:11,1
LF:2
LH:2
BRF:0
BRH:0
end_of_record
TN:
SF:server\constants\roles.js
FNF:0
FNH:0
DA:7,2
DA:29,2
DA:49,2
DA:61,2
LF:4
LH:4
BRF:0
BRH:0
end_of_record
TN:
SF:server\controller\commentController.js
FN:7,(anonymous_0)
FN:21,(anonymous_1)
FNF:2
FNH:0
FNDA:0,(anonymous_0)
FNDA:0,(anonymous_1)
DA:4,1
DA:5,1
DA:7,1
DA:8,0
DA:9,0
DA:10,0
DA:11,0
DA:13,0
DA:14,0
DA:16,0
DA:17,0
DA:21,1
DA:22,0
DA:23,0
DA:24,0
DA:25,0
DA:27,0
DA:28,0
LF:18
LH:4
BRDA:16,0,0,0
BRDA:16,0,1,0
BRDA:27,1,0,0
BRDA:27,1,1,0
BRF:4
BRH:0
end_of_record
TN:
SF:server\controller\reportController.js
FN:10,(anonymous_0)
FN:18,(anonymous_1)
FN:19,(anonymous_2)
FN:20,(anonymous_3)
FN:26,(anonymous_4)
FN:28,(anonymous_5)
FN:45,(anonymous_6)
FN:66,(anonymous_7)
FN:91,(anonymous_8)
FN:136,(anonymous_9)
FN:156,(anonymous_10)
FN:163,(anonymous_11)
FN:164,(anonymous_12)
FN:190,(anonymous_13)
FN:194,(anonymous_14)
FN:210,(anonymous_15)
FN:225,(anonymous_16)
FN:243,(anonymous_17)
FN:250,(anonymous_18)
FN:272,(anonymous_19)
FN:302,(anonymous_20)
FN:343,(anonymous_21)
FN:381,(anonymous_22)
FN:391,(anonymous_23)
FN:409,(anonymous_24)
FN:419,(anonymous_25)
FN:455,(anonymous_26)
FNF:27
FNH:7
FNDA:0,(anonymous_0)
FNDA:0,(anonymous_1)
FNDA:0,(anonymous_2)
FNDA:0,(anonymous_3)
FNDA:0,(anonymous_4)
FNDA:0,(anonymous_5)
FNDA:0,(anonymous_6)
FNDA:2,(anonymous_7)
FNDA:0,(anonymous_8)
FNDA:0,(anonymous_9)
FNDA:2,(anonymous_10)
FNDA:3,(anonymous_11)
FNDA:3,(anonymous_12)
FNDA:0,(anonymous_13)
FNDA:0,(anonymous_14)
FNDA:0,(anonymous_15)
FNDA:0,(anonymous_16)
FNDA:1,(anonymous_17)
FNDA:0,(anonymous_18)
FNDA:2,(anonymous_19)
FNDA:0,(anonymous_20)
FNDA:0,(anonymous_21)
FNDA:1,(anonymous_22)
FNDA:0,(anonymous_23)
FNDA:0,(anonymous_24)
FNDA:0,(anonymous_25)
FNDA:0,(anonymous_26)
DA:4,1
DA:5,1
DA:7,1
DA:8,1
DA:10,1
DA:11,0
DA:12,0
DA:13,0
DA:16,0
DA:17,0
DA:18,0
DA:19,0
DA:21,0
DA:22,0
DA:26,1
DA:27,0
DA:28,0
DA:30,0
DA:31,0
DA:34,0
DA:35,0
DA:38,0
DA:45,0
DA:46,0
DA:47,0
DA:50,0
DA:51,0
DA:54,0
DA:55,0
DA:58,0
DA:66,1
DA:67,2
DA:76,2
DA:78,2
DA:79,0
DA:82,2
DA:83,2
DA:84,2
DA:85,0
DA:88,2
DA:90,2
DA:91,0
DA:92,2
DA:93,2
DA:94,0
DA:95,0
DA:98,2
DA:99,0
DA:102,2
DA:112,2
DA:113,2
DA:115,0
DA:116,0
DA:118,0
DA:125,0
DA:128,0
DA:129,0
DA:136,1
DA:137,0
DA:138,0
DA:139,0
DA:140,0
DA:143,0
DA:144,0
DA:146,0
DA:147,0
DA:149,0
DA:156,1
DA:157,2
DA:158,2
DA:160,2
DA:163,2
DA:164,3
DA:166,3
DA:168,3
DA:171,3
DA:177,2
DA:179,0
DA:180,0
DA:182,0
DA:183,0
DA:190,1
DA:191,0
DA:192,0
DA:193,0
DA:194,0
DA:199,0
DA:201,0
DA:202,0
DA:204,0
DA:205,0
DA:210,1
DA:211,0
DA:212,0
DA:215,0
DA:216,0
DA:224,0
DA:225,0
DA:230,0
DA:232,0
DA:233,0
DA:235,0
DA:236,0
DA:243,1
DA:244,1
DA:245,1
DA:246,0
DA:249,1
DA:250,1
DA:255,1
DA:257,0
DA:258,0
DA:260,0
DA:261,0
DA:272,1
DA:273,2
DA:274,2
DA:275,2
DA:276,0
DA:279,2
DA:281,2
DA:287,0
DA:289,2
DA:290,2
DA:292,0
DA:293,0
DA:302,1
DA:303,0
DA:304,0
DA:305,0
DA:308,0
DA:309,0
DA:310,0
DA:313,0
DA:314,0
DA:315,0
DA:318,0
DA:324,0
DA:329,0
DA:331,0
DA:332,0
DA:334,0
DA:335,0
DA:343,1
DA:344,0
DA:346,0
DA:347,0
DA:353,0
DA:354,0
DA:356,0
DA:363,0
DA:368,0
DA:371,0
DA:372,0
DA:374,0
DA:375,0
DA:381,1
DA:382,1
DA:384,1
DA:385,0
DA:389,1
DA:391,1
DA:396,1
DA:398,0
DA:399,0
DA:401,0
DA:402,0
DA:409,1
DA:410,0
DA:411,0
DA:412,0
DA:413,0
DA:415,0
DA:419,1
DA:420,0
DA:421,0
DA:424,0
DA:427,0
DA:434,0
DA:437,0
DA:443,0
DA:455,0
DA:466,0
DA:467,0
LF:184
LH:58
BRDA:10,0,0,0
BRDA:11,1,0,0
BRDA:11,1,1,0
BRDA:12,2,0,0
BRDA:12,2,1,0
BRDA:12,3,0,0
BRDA:12,3,1,0
BRDA:18,4,0,0
BRDA:18,4,1,0
BRDA:26,5,0,0
BRDA:30,6,0,0
BRDA:30,6,1,0
BRDA:34,7,0,0
BRDA:34,7,1,0
BRDA:34,8,0,0
BRDA:34,8,1,0
BRDA:46,9,0,0
BRDA:46,9,1,0
BRDA:50,10,0,0
BRDA:50,10,1,0
BRDA:54,11,0,0
BRDA:54,11,1,0
BRDA:76,12,0,2
BRDA:76,12,1,0
BRDA:78,13,0,0
BRDA:78,13,1,2
BRDA:84,14,0,0
BRDA:84,14,1,2
BRDA:84,15,0,2
BRDA:84,15,1,2
BRDA:90,16,0,0
BRDA:90,16,1,2
BRDA:90,17,0,2
BRDA:90,17,1,0
BRDA:92,18,0,2
BRDA:92,18,1,0
BRDA:92,19,0,2
BRDA:92,19,1,2
BRDA:94,20,0,0
BRDA:94,20,1,0
BRDA:94,21,0,0
BRDA:94,21,1,0
BRDA:98,22,0,0
BRDA:98,22,1,2
BRDA:115,23,0,0
BRDA:115,23,1,0
BRDA:118,24,0,0
BRDA:118,24,1,0
BRDA:119,25,0,0
BRDA:119,25,1,0
BRDA:119,25,2,0
BRDA:119,25,3,0
BRDA:119,25,4,0
BRDA:139,26,0,0
BRDA:139,26,1,0
BRDA:146,27,0,0
BRDA:146,27,1,0
BRDA:164,28,0,3
BRDA:164,28,1,0
BRDA:179,29,0,0
BRDA:179,29,1,0
BRDA:201,30,0,0
BRDA:201,30,1,0
BRDA:215,31,0,0
BRDA:215,31,1,0
BRDA:215,32,0,0
BRDA:215,32,1,0
BRDA:215,32,2,0
BRDA:215,32,3,0
BRDA:232,33,0,0
BRDA:232,33,1,0
BRDA:245,34,0,0
BRDA:245,34,1,1
BRDA:257,35,0,0
BRDA:257,35,1,0
BRDA:275,36,0,0
BRDA:275,36,1,2
BRDA:279,37,0,2
BRDA:279,37,1,0
BRDA:289,38,0,2
BRDA:289,38,1,0
BRDA:304,39,0,0
BRDA:304,39,1,0
BRDA:309,40,0,0
BRDA:309,40,1,0
BRDA:313,41,0,0
BRDA:313,41,1,0
BRDA:314,42,0,0
BRDA:314,42,1,0
BRDA:331,43,0,0
BRDA:331,43,1,0
BRDA:346,44,0,0
BRDA:346,44,1,0
BRDA:354,45,0,0
BRDA:354,45,1,0
BRDA:371,46,0,0
BRDA:371,46,1,0
BRDA:384,47,0,0
BRDA:384,47,1,1
BRDA:398,48,0,0
BRDA:398,48,1,0
BRDA:411,49,0,0
BRDA:411,49,1,0
BRDA:453,50,0,0
BRDA:453,50,1,0
BRDA:467,51,0,0
BRDA:467,51,1,0
BRF:107
BRH:17
end_of_record
TN:
SF:server\controller\sessionController.js
FN:6,(anonymous_0)
FN:7,(anonymous_1)
FN:21,(anonymous_2)
FN:44,(anonymous_3)
FN:49,(anonymous_4)
FN:61,(anonymous_5)
FNF:6
FNH:4
FNDA:4,(anonymous_0)
FNDA:4,(anonymous_1)
FNDA:4,(anonymous_2)
FNDA:0,(anonymous_3)
FNDA:0,(anonymous_4)
FNDA:4,(anonymous_5)
DA:2,1
DA:3,1
DA:4,1
DA:6,1
DA:7,4
DA:8,4
DA:9,0
DA:10,0
DA:12,0
DA:15,4
DA:16,0
DA:21,4
DA:22,4
DA:23,0
DA:24,0
DA:26,0
DA:28,4
DA:44,1
DA:45,0
DA:46,0
DA:47,0
DA:49,0
DA:50,0
DA:51,0
DA:52,0
DA:54,0
DA:56,0
DA:61,1
DA:62,4
DA:63,4
DA:76,0
LF:31
LH:14
BRDA:8,0,0,0
BRDA:8,0,1,4
BRDA:9,1,0,0
BRDA:9,1,1,0
BRDA:15,2,0,0
BRDA:15,2,1,4
BRDA:17,3,0,0
BRDA:17,3,1,0
BRDA:22,4,0,0
BRDA:22,4,1,4
BRDA:23,5,0,0
BRDA:23,5,1,0
BRDA:46,6,0,0
BRDA:46,6,1,0
BRDA:50,7,0,0
BRDA:50,7,1,0
BRDA:51,8,0,0
BRDA:51,8,1,0
BRDA:62,9,0,4
BRDA:62,9,1,0
BRF:20
BRH:4
end_of_record
TN:
SF:server\controller\userController.js
FN:10,(anonymous_0)
FN:26,(anonymous_1)
FN:42,(anonymous_2)
FN:52,(anonymous_3)
FN:67,(anonymous_4)
FN:82,(anonymous_5)
FN:95,(anonymous_6)
FN:138,(anonymous_7)
FN:153,(anonymous_8)
FN:179,(anonymous_9)
FN:197,(anonymous_10)
FN:209,(anonymous_11)
FNF:12
FNH:0
FNDA:0,(anonymous_0)
FNDA:0,(anonymous_1)
FNDA:0,(anonymous_2)
FNDA:0,(anonymous_3)
FNDA:0,(anonymous_4)
FNDA:0,(anonymous_5)
FNDA:0,(anonymous_6)
FNDA:0,(anonymous_7)
FNDA:0,(anonymous_8)
FNDA:0,(anonymous_9)
FNDA:0,(anonymous_10)
FNDA:0,(anonymous_11)
DA:3,1
DA:4,1
DA:5,1
DA:10,1
DA:11,0
DA:12,0
DA:13,0
DA:15,0
DA:16,0
DA:18,0
DA:26,1
DA:27,0
DA:28,0
DA:29,0
DA:30,0
DA:32,0
DA:33,0
DA:35,0
DA:42,1
DA:43,0
DA:52,1
DA:53,0
DA:54,0
DA:55,0
DA:57,0
DA:58,0
DA:60,0
DA:67,1
DA:68,0
DA:69,0
DA:70,0
DA:72,0
DA:73,0
DA:75,0
DA:82,1
DA:83,0
DA:84,0
DA:85,0
DA:87,0
DA:88,0
DA:90,0
DA:95,1
DA:96,0
DA:97,0
DA:99,0
DA:100,0
DA:103,0
DA:106,0
DA:108,0
DA:109,0
DA:111,0
DA:115,0
DA:116,0
DA:119,0
DA:120,0
DA:123,0
DA:124,0
DA:126,0
DA:127,0
DA:128,0
DA:130,0
DA:138,1
DA:139,0
DA:140,0
DA:141,0
DA:143,0
DA:144,0
DA:146,0
DA:153,1
DA:154,0
DA:155,0
DA:157,0
DA:158,0
DA:161,0
DA:163,0
DA:168,0
DA:169,0
DA:170,0
DA:172,0
DA:179,1
DA:180,0
DA:181,0
DA:183,0
DA:184,0
DA:187,0
DA:188,0
DA:190,0
DA:191,0
DA:193,0
DA:197,1
DA:198,0
DA:199,0
DA:200,0
DA:202,0
DA:203,0
DA:205,0
DA:209,1
DA:210,0
DA:211,0
DA:212,0
DA:214,0
DA:215,0
DA:217,0
LF:103
LH:15
BRDA:15,0,0,0
BRDA:15,0,1,0
BRDA:28,1,0,0
BRDA:28,1,1,0
BRDA:32,2,0,0
BRDA:32,2,1,0
BRDA:57,3,0,0
BRDA:57,3,1,0
BRDA:72,4,0,0
BRDA:72,4,1,0
BRDA:87,5,0,0
BRDA:87,5,1,0
BRDA:99,6,0,0
BRDA:99,6,1,0
BRDA:106,7,0,0
BRDA:106,7,1,0
BRDA:106,8,0,0
BRDA:106,8,1,0
BRDA:109,9,0,0
BRDA:109,9,1,0
BRDA:115,10,0,0
BRDA:115,10,1,0
BRDA:116,11,0,0
BRDA:116,11,1,0
BRDA:116,12,0,0
BRDA:116,12,1,0
BRDA:119,13,0,0
BRDA:119,13,1,0
BRDA:120,14,0,0
BRDA:120,14,1,0
BRDA:127,15,0,0
BRDA:127,15,1,0
BRDA:143,16,0,0
BRDA:143,16,1,0
BRDA:155,17,0,0
BRDA:155,17,1,0
BRDA:157,18,0,0
BRDA:157,18,1,0
BRDA:157,19,0,0
BRDA:157,19,1,0
BRDA:169,20,0,0
BRDA:169,20,1,0
BRDA:181,21,0,0
BRDA:181,21,1,0
BRDA:183,22,0,0
BRDA:183,22,1,0
BRDA:190,23,0,0
BRDA:190,23,1,0
BRDA:202,24,0,0
BRDA:202,24,1,0
BRDA:214,25,0,0
BRDA:214,25,1,0
BRF:52
BRH:0
end_of_record
TN:
SF:server\dao\commentDao.js
FN:6,(anonymous_0)
FN:11,(anonymous_1)
FN:11,(anonymous_2)
FN:12,(anonymous_3)
FN:15,(anonymous_4)
FN:15,(anonymous_5)
FN:16,(anonymous_6)
FN:19,(anonymous_7)
FN:55,(anonymous_8)
FN:56,(anonymous_9)
FN:66,(anonymous_10)
FNF:11
FNH:1
FNDA:1,(anonymous_0)
FNDA:0,(anonymous_1)
FNDA:0,(anonymous_2)
FNDA:0,(anonymous_3)
FNDA:0,(anonymous_4)
FNDA:0,(anonymous_5)
FNDA:0,(anonymous_6)
FNDA:0,(anonymous_7)
FNDA:0,(anonymous_8)
FNDA:0,(anonymous_9)
FNDA:0,(anonymous_10)
DA:2,1
DA:3,1
DA:5,1
DA:6,1
DA:7,1
DA:11,1
DA:12,0
DA:15,1
DA:16,0
DA:19,1
DA:21,0
DA:22,0
DA:24,0
DA:27,0
DA:28,0
DA:30,0
DA:31,0
DA:35,0
DA:36,0
DA:39,0
DA:48,0
DA:55,1
DA:56,0
DA:57,0
DA:66,0
DA:67,0
DA:68,0
LF:27
LH:9
BRDA:7,0,0,0
BRDA:7,0,1,1
BRDA:12,1,0,0
BRDA:12,1,1,0
BRDA:16,2,0,0
BRDA:16,2,1,0
BRDA:24,3,0,0
BRDA:24,3,1,0
BRDA:30,4,0,0
BRDA:30,4,1,0
BRDA:30,5,0,0
BRDA:30,5,1,0
BRDA:67,6,0,0
BRDA:67,6,1,0
BRDA:68,7,0,0
BRDA:68,7,1,0
BRF:16
BRH:1
end_of_record
TN:
SF:server\dao\reportDao.js
FN:8,(anonymous_0)
FN:17,(anonymous_1)
FN:18,(anonymous_2)
FN:30,(anonymous_3)
FN:38,(anonymous_4)
FN:55,(anonymous_5)
FN:56,(anonymous_6)
FN:58,(anonymous_7)
FN:74,(anonymous_8)
FN:75,(anonymous_9)
FN:88,(anonymous_10)
FN:96,(anonymous_11)
FN:111,(anonymous_12)
FN:112,(anonymous_13)
FN:159,(anonymous_14)
FN:170,(anonymous_15)
FN:171,(anonymous_16)
FN:217,(anonymous_17)
FN:230,(anonymous_18)
FN:231,(anonymous_19)
FN:277,(anonymous_20)
FN:286,(anonymous_21)
FN:287,(anonymous_22)
FN:298,(anonymous_23)
FN:313,(anonymous_24)
FN:314,(anonymous_25)
FN:322,(anonymous_26)
FN:330,(anonymous_27)
FN:347,(anonymous_28)
FN:348,(anonymous_29)
FN:356,(anonymous_30)
FN:365,(anonymous_31)
FN:374,(anonymous_32)
FN:375,(anonymous_33)
FN:384,(anonymous_34)
FN:418,(anonymous_35)
FN:430,(anonymous_36)
FN:431,(anonymous_37)
FN:476,(anonymous_38)
FN:490,(anonymous_39)
FN:491,(anonymous_40)
FN:519,(anonymous_41)
FNF:42
FNH:17
FNDA:1,(anonymous_0)
FNDA:2,(anonymous_1)
FNDA:2,(anonymous_2)
FNDA:2,(anonymous_3)
FNDA:2,(anonymous_4)
FNDA:2,(anonymous_5)
FNDA:2,(anonymous_6)
FNDA:2,(anonymous_7)
FNDA:0,(anonymous_8)
FNDA:0,(anonymous_9)
FNDA:0,(anonymous_10)
FNDA:0,(anonymous_11)
FNDA:2,(anonymous_12)
FNDA:2,(anonymous_13)
FNDA:2,(anonymous_14)
FNDA:0,(anonymous_15)
FNDA:0,(anonymous_16)
FNDA:0,(anonymous_17)
FNDA:1,(anonymous_18)
FNDA:1,(anonymous_19)
FNDA:1,(anonymous_20)
FNDA:0,(anonymous_21)
FNDA:0,(anonymous_22)
FNDA:0,(anonymous_23)
FNDA:0,(anonymous_24)
FNDA:0,(anonymous_25)
FNDA:0,(anonymous_26)
FNDA:0,(anonymous_27)
FNDA:0,(anonymous_28)
FNDA:0,(anonymous_29)
FNDA:0,(anonymous_30)
FNDA:0,(anonymous_31)
FNDA:0,(anonymous_32)
FNDA:0,(anonymous_33)
FNDA:0,(anonymous_34)
FNDA:0,(anonymous_35)
FNDA:1,(anonymous_36)
FNDA:1,(anonymous_37)
FNDA:1,(anonymous_38)
FNDA:0,(anonymous_39)
FNDA:0,(anonymous_40)
FNDA:0,(anonymous_41)
DA:3,1
DA:4,1
DA:7,1
DA:8,1
DA:9,1
DA:17,1
DA:18,2
DA:19,2
DA:25,2
DA:27,2
DA:31,2
DA:32,0
DA:33,0
DA:34,0
DA:37,2
DA:38,2
DA:39,2
DA:40,0
DA:41,0
DA:43,2
DA:55,1
DA:56,2
DA:57,2
DA:58,2
DA:59,2
DA:60,0
DA:61,0
DA:63,2
DA:74,1
DA:75,0
DA:77,0
DA:88,0
DA:89,0
DA:90,0
DA:92,0
DA:93,0
DA:96,0
DA:97,0
DA:98,0
DA:100,0
DA:111,1
DA:112,2
DA:113,2
DA:115,2
DA:142,2
DA:144,2
DA:145,0
DA:149,0
DA:157,2
DA:159,2
DA:160,2
DA:161,0
DA:163,2
DA:170,1
DA:171,0
DA:172,0
DA:173,0
DA:174,0
DA:202,0
DA:203,0
DA:207,0
DA:215,0
DA:217,0
DA:218,0
DA:219,0
DA:221,0
DA:230,1
DA:231,1
DA:232,1
DA:277,1
DA:278,1
DA:279,0
DA:281,1
DA:286,1
DA:287,0
DA:288,0
DA:298,0
DA:299,0
DA:300,0
DA:302,0
DA:313,1
DA:314,0
DA:315,0
DA:322,0
DA:323,0
DA:324,0
DA:326,0
DA:327,0
DA:330,0
DA:331,0
DA:332,0
DA:334,0
DA:347,1
DA:348,0
DA:349,0
DA:356,0
DA:357,0
DA:358,0
DA:360,0
DA:362,0
DA:365,0
DA:366,0
DA:367,0
DA:369,0
DA:374,1
DA:375,0
DA:377,0
DA:384,0
DA:385,0
DA:387,0
DA:389,0
DA:395,0
DA:418,0
DA:419,0
DA:420,0
DA:430,1
DA:431,1
DA:432,1
DA:476,1
DA:477,1
DA:478,0
DA:480,1
DA:490,1
DA:491,0
DA:492,0
DA:519,0
DA:520,0
DA:521,0
DA:523,0
LF:129
LH:50
BRDA:9,0,0,0
BRDA:9,0,1,1
BRDA:17,1,0,0
BRDA:21,2,0,2
BRDA:21,2,1,2
BRDA:22,3,0,2
BRDA:22,3,1,2
BRDA:31,4,0,0
BRDA:31,4,1,2
BRDA:39,5,0,0
BRDA:39,5,1,2
BRDA:59,6,0,0
BRDA:59,6,1,2
BRDA:74,7,0,0
BRDA:74,8,0,0
BRDA:74,9,0,0
BRDA:89,10,0,0
BRDA:89,10,1,0
BRDA:92,11,0,0
BRDA:92,11,1,0
BRDA:97,12,0,0
BRDA:97,12,1,0
BRDA:111,13,0,0
BRDA:113,14,0,2
BRDA:113,14,1,0
BRDA:144,15,0,0
BRDA:144,15,1,2
BRDA:160,16,0,0
BRDA:160,16,1,2
BRDA:163,17,0,2
BRDA:163,17,1,0
BRDA:170,18,0,0
BRDA:172,19,0,0
BRDA:172,19,1,0
BRDA:202,20,0,0
BRDA:202,20,1,0
BRDA:218,21,0,0
BRDA:218,21,1,0
BRDA:221,22,0,0
BRDA:221,22,1,0
BRDA:278,23,0,0
BRDA:278,23,1,1
BRDA:281,24,0,1
BRDA:281,24,1,0
BRDA:299,25,0,0
BRDA:299,25,1,0
BRDA:302,26,0,0
BRDA:302,26,1,0
BRDA:323,27,0,0
BRDA:323,27,1,0
BRDA:326,28,0,0
BRDA:326,28,1,0
BRDA:331,29,0,0
BRDA:331,29,1,0
BRDA:357,30,0,0
BRDA:357,30,1,0
BRDA:360,31,0,0
BRDA:360,31,1,0
BRDA:366,32,0,0
BRDA:366,32,1,0
BRDA:385,33,0,0
BRDA:385,33,1,0
BRDA:387,34,0,0
BRDA:387,34,1,0
BRDA:419,35,0,0
BRDA:419,35,1,0
BRDA:477,36,0,0
BRDA:477,36,1,1
BRDA:480,37,0,1
BRDA:480,37,1,0
BRDA:520,38,0,0
BRDA:520,38,1,0
BRDA:523,39,0,0
BRDA:523,39,1,0
BRF:74
BRH:16
end_of_record
TN:
SF:server\dao\streetDao.js
FN:11,(anonymous_0)
FN:12,(anonymous_1)
FN:16,(anonymous_2)
FN:27,(anonymous_3)
FN:28,(anonymous_4)
FN:49,(anonymous_5)
FN:60,(anonymous_6)
FN:61,(anonymous_7)
FN:69,(anonymous_8)
FNF:9
FNH:0
FNDA:0,(anonymous_0)
FNDA:0,(anonymous_1)
FNDA:0,(anonymous_2)
FNDA:0,(anonymous_3)
FNDA:0,(anonymous_4)
FNDA:0,(anonymous_5)
FNDA:0,(anonymous_6)
FNDA:0,(anonymous_7)
FNDA:0,(anonymous_8)
DA:2,1
DA:3,1
DA:5,1
DA:6,1
DA:11,1
DA:12,0
DA:13,0
DA:17,0
DA:18,0
DA:27,1
DA:28,0
DA:29,0
DA:50,0
DA:51,0
DA:60,1
DA:61,0
DA:62,0
DA:70,0
DA:71,0
LF:19
LH:7
BRDA:17,0,0,0
BRDA:17,0,1,0
BRDA:46,1,0,0
BRDA:46,1,1,0
BRDA:50,2,0,0
BRDA:50,2,1,0
BRDA:60,3,0,0
BRDA:70,4,0,0
BRDA:70,4,1,0
BRF:9
BRH:0
end_of_record
TN:
SF:server\dao\userDao.js
FN:11,(anonymous_0)
FN:21,(anonymous_1)
FN:22,(anonymous_2)
FN:24,(anonymous_3)
FN:36,(anonymous_4)
FN:77,(anonymous_5)
FN:78,(anonymous_6)
FN:83,(anonymous_7)
FN:98,(anonymous_8)
FN:98,(anonymous_9)
FN:124,(anonymous_10)
FN:125,(anonymous_11)
FN:127,(anonymous_12)
FN:137,(anonymous_13)
FN:138,(anonymous_14)
FN:140,(anonymous_15)
FN:145,(anonymous_16)
FN:156,(anonymous_17)
FN:157,(anonymous_18)
FN:159,(anonymous_19)
FN:175,(anonymous_20)
FN:176,(anonymous_21)
FN:183,(anonymous_22)
FN:188,(anonymous_23)
FN:201,generateConfirmationCode
FN:216,(anonymous_25)
FN:219,(anonymous_26)
FN:223,(anonymous_27)
FN:247,(anonymous_28)
FN:287,(anonymous_29)
FN:288,(anonymous_30)
FN:297,(anonymous_31)
FN:300,(anonymous_32)
FN:315,(anonymous_33)
FN:316,(anonymous_34)
FN:325,(anonymous_35)
FN:328,(anonymous_36)
FN:341,shouldUpdateField
FN:349,buildUpdateFields
FN:380,buildResultObject
FN:396,(anonymous_40)
FN:397,(anonymous_41)
FN:401,(anonymous_42)
FN:428,(anonymous_43)
FN:448,(anonymous_44)
FN:449,(anonymous_45)
FN:457,(anonymous_46)
FN:509,(anonymous_47)
FN:532,(anonymous_48)
FN:533,(anonymous_49)
FN:540,(anonymous_50)
FN:569,(anonymous_51)
FN:587,(anonymous_52)
FN:588,(anonymous_53)
FN:590,(anonymous_54)
FN:600,(anonymous_55)
FN:601,(anonymous_56)
FN:603,(anonymous_57)
FNF:58
FNH:20
FNDA:1,(anonymous_0)
FNDA:0,(anonymous_1)
FNDA:0,(anonymous_2)
FNDA:0,(anonymous_3)
FNDA:0,(anonymous_4)
FNDA:14,(anonymous_5)
FNDA:14,(anonymous_6)
FNDA:14,(anonymous_7)
FNDA:14,(anonymous_8)
FNDA:14,(anonymous_9)
FNDA:1,(anonymous_10)
FNDA:1,(anonymous_11)
FNDA:1,(anonymous_12)
FNDA:4,(anonymous_13)
FNDA:4,(anonymous_14)
FNDA:4,(anonymous_15)
FNDA:3,(anonymous_16)
FNDA:0,(anonymous_17)
FNDA:0,(anonymous_18)
FNDA:0,(anonymous_19)
FNDA:0,(anonymous_20)
FNDA:0,(anonymous_21)
FNDA:0,(anonymous_22)
FNDA:0,(anonymous_23)
FNDA:0,generateConfirmationCode
FNDA:4,(anonymous_25)
FNDA:4,(anonymous_26)
FNDA:4,(anonymous_27)
FNDA:4,(anonymous_28)
FNDA:0,(anonymous_29)
FNDA:0,(anonymous_30)
FNDA:0,(anonymous_31)
FNDA:0,(anonymous_32)
FNDA:0,(anonymous_33)
FNDA:0,(anonymous_34)
FNDA:0,(anonymous_35)
FNDA:0,(anonymous_36)
FNDA:0,shouldUpdateField
FNDA:0,buildUpdateFields
FNDA:0,buildResultObject
FNDA:0,(anonymous_40)
FNDA:0,(anonymous_41)
FNDA:0,(anonymous_42)
FNDA:0,(anonymous_43)
FNDA:0,(anonymous_44)
FNDA:0,(anonymous_45)
FNDA:0,(anonymous_46)
FNDA:0,(anonymous_47)
FNDA:0,(anonymous_48)
FNDA:0,(anonymous_49)
FNDA:0,(anonymous_50)
FNDA:0,(anonymous_51)
FNDA:0,(anonymous_52)
FNDA:0,(anonymous_53)
FNDA:0,(anonymous_54)
FNDA:3,(anonymous_55)
FNDA:3,(anonymous_56)
FNDA:3,(anonymous_57)
DA:3,1
DA:4,1
DA:5,1
DA:6,1
DA:7,1
DA:10,1
DA:11,1
DA:12,1
DA:21,1
DA:22,0
DA:23,0
DA:24,0
DA:25,0
DA:26,0
DA:27,0
DA:30,0
DA:31,0
DA:32,0
DA:36,0
DA:37,0
DA:38,0
DA:39,0
DA:42,0
DA:44,0
DA:45,0
DA:46,0
DA:47,0
DA:51,0
DA:63,0
DA:65,0
DA:77,1
DA:78,14
DA:79,14
DA:83,14
DA:84,14
DA:85,0
DA:86,0
DA:89,14
DA:90,0
DA:91,0
DA:95,14
DA:98,14
DA:101,14
DA:114,14
DA:124,1
DA:125,1
DA:126,1
DA:127,1
DA:128,1
DA:129,0
DA:130,0
DA:132,1
DA:137,1
DA:138,4
DA:139,4
DA:140,4
DA:141,4
DA:142,0
DA:143,0
DA:145,4
DA:146,4
DA:156,1
DA:157,0
DA:158,0
DA:159,0
DA:160,0
DA:161,0
DA:162,0
DA:164,0
DA:175,1
DA:176,0
DA:177,0
DA:178,0
DA:183,0
DA:184,0
DA:185,0
DA:186,0
DA:188,0
DA:192,0
DA:202,0
DA:203,0
DA:204,0
DA:206,0
DA:208,0
DA:216,1
DA:219,4
DA:223,4
DA:224,4
DA:227,4
DA:228,4
DA:229,4
DA:232,4
DA:233,4
DA:234,4
DA:236,4
DA:237,0
DA:239,0
DA:240,0
DA:241,0
DA:244,4
DA:247,4
DA:248,4
DA:249,0
DA:250,0
DA:251,0
DA:253,4
DA:255,4
DA:256,4
DA:257,0
DA:259,4
DA:264,0
DA:287,1
DA:288,0
DA:289,0
DA:297,0
DA:298,0
DA:300,0
DA:304,0
DA:315,1
DA:316,0
DA:317,0
DA:325,0
DA:326,0
DA:328,0
DA:332,0
DA:343,0
DA:350,0
DA:351,0
DA:353,0
DA:354,0
DA:355,0
DA:356,0
DA:360,0
DA:361,0
DA:362,0
DA:363,0
DA:367,0
DA:368,0
DA:369,0
DA:370,0
DA:374,0
DA:381,0
DA:383,0
DA:384,0
DA:386,0
DA:387,0
DA:389,0
DA:390,0
DA:393,0
DA:396,1
DA:397,0
DA:399,0
DA:401,0
DA:402,0
DA:403,0
DA:404,0
DA:407,0
DA:408,0
DA:409,0
DA:413,0
DA:416,0
DA:417,0
DA:418,0
DA:422,0
DA:425,0
DA:426,0
DA:428,0
DA:429,0
DA:430,0
DA:431,0
DA:435,0
DA:436,0
DA:448,1
DA:449,0
DA:451,0
DA:457,0
DA:458,0
DA:459,0
DA:460,0
DA:461,0
DA:464,0
DA:465,0
DA:466,0
DA:469,0
DA:470,0
DA:471,0
DA:474,0
DA:475,0
DA:476,0
DA:480,0
DA:481,0
DA:483,0
DA:485,0
DA:486,0
DA:487,0
DA:491,0
DA:492,0
DA:494,0
DA:495,0
DA:496,0
DA:500,0
DA:509,0
DA:510,0
DA:511,0
DA:512,0
DA:513,0
DA:516,0
DA:517,0
DA:532,1
DA:533,0
DA:534,0
DA:540,0
DA:541,0
DA:542,0
DA:543,0
DA:546,0
DA:547,0
DA:548,0
DA:551,0
DA:552,0
DA:553,0
DA:557,0
DA:558,0
DA:559,0
DA:561,0
DA:569,0
DA:570,0
DA:571,0
DA:572,0
DA:575,0
DA:587,1
DA:588,0
DA:589,0
DA:590,0
DA:591,0
DA:592,0
DA:593,0
DA:595,0
DA:600,1
DA:601,3
DA:602,3
DA:603,3
DA:604,3
DA:605,0
DA:606,0
DA:608,3
LF:246
LH:64
BRDA:12,0,0,0
BRDA:12,0,1,1
BRDA:25,1,0,0
BRDA:25,1,1,0
BRDA:30,2,0,0
BRDA:30,2,1,0
BRDA:37,3,0,0
BRDA:37,3,1,0
BRDA:42,4,0,0
BRDA:42,4,1,0
BRDA:45,5,0,0
BRDA:45,5,1,0
BRDA:45,6,0,0
BRDA:45,6,1,0
BRDA:84,7,0,0
BRDA:84,7,1,14
BRDA:89,8,0,0
BRDA:89,8,1,14
BRDA:89,9,0,14
BRDA:89,9,1,14
BRDA:128,10,0,0
BRDA:128,10,1,1
BRDA:141,11,0,0
BRDA:141,11,1,4
BRDA:160,12,0,0
BRDA:160,12,1,0
BRDA:184,13,0,0
BRDA:184,13,1,0
BRDA:190,14,0,0
BRDA:190,14,1,0
BRDA:192,15,0,0
BRDA:192,15,1,0
BRDA:216,16,0,0
BRDA:216,17,0,0
BRDA:236,18,0,0
BRDA:236,18,1,4
BRDA:236,19,0,4
BRDA:236,19,1,1
BRDA:248,20,0,0
BRDA:248,20,1,4
BRDA:256,21,0,0
BRDA:256,21,1,4
BRDA:298,22,0,0
BRDA:298,22,1,0
BRDA:302,23,0,0
BRDA:302,23,1,0
BRDA:326,24,0,0
BRDA:326,24,1,0
BRDA:330,25,0,0
BRDA:330,25,1,0
BRDA:343,26,0,0
BRDA:343,26,1,0
BRDA:353,27,0,0
BRDA:353,27,1,0
BRDA:354,28,0,0
BRDA:354,28,1,0
BRDA:360,29,0,0
BRDA:360,29,1,0
BRDA:361,30,0,0
BRDA:361,30,1,0
BRDA:367,31,0,0
BRDA:367,31,1,0
BRDA:368,32,0,0
BRDA:368,32,1,0
BRDA:383,33,0,0
BRDA:383,33,1,0
BRDA:383,34,0,0
BRDA:383,34,1,0
BRDA:386,35,0,0
BRDA:386,35,1,0
BRDA:386,36,0,0
BRDA:386,36,1,0
BRDA:389,37,0,0
BRDA:389,37,1,0
BRDA:389,38,0,0
BRDA:389,38,1,0
BRDA:402,39,0,0
BRDA:402,39,1,0
BRDA:407,40,0,0
BRDA:407,40,1,0
BRDA:416,41,0,0
BRDA:416,41,1,0
BRDA:429,42,0,0
BRDA:429,42,1,0
BRDA:458,43,0,0
BRDA:458,43,1,0
BRDA:464,44,0,0
BRDA:464,44,1,0
BRDA:469,45,0,0
BRDA:469,45,1,0
BRDA:474,46,0,0
BRDA:474,46,1,0
BRDA:485,47,0,0
BRDA:485,47,1,0
BRDA:494,48,0,0
BRDA:494,48,1,0
BRDA:510,49,0,0
BRDA:510,49,1,0
BRDA:541,50,0,0
BRDA:541,50,1,0
BRDA:546,51,0,0
BRDA:546,51,1,0
BRDA:551,52,0,0
BRDA:551,52,1,0
BRDA:570,53,0,0
BRDA:570,53,1,0
BRDA:591,54,0,0
BRDA:591,54,1,0
BRDA:604,55,0,0
BRDA:604,55,1,3
BRF:110
BRH:13
end_of_record
TN:
SF:server\db\init.js
FN:21,initializeDatabase
FN:22,(anonymous_1)
FN:26,(anonymous_2)
FN:36,(anonymous_3)
FN:58,(anonymous_4)
FN:67,(anonymous_5)
FN:85,resetDatabase
FN:86,(anonymous_7)
FN:103,(anonymous_8)
FN:104,(anonymous_9)
FN:111,checkServiceTypes
FN:112,(anonymous_11)
FN:121,(anonymous_12)
FN:133,checkCounters
FN:134,(anonymous_14)
FN:152,verifyDatabase
FN:153,(anonymous_16)
FN:156,(anonymous_17)
FN:164,(anonymous_18)
FN:172,(anonymous_19)
FN:192,(anonymous_20)
FNF:21
FNH:9
FNDA:1,initializeDatabase
FNDA:1,(anonymous_1)
FNDA:1,(anonymous_2)
FNDA:1,(anonymous_3)
FNDA:1,(anonymous_4)
FNDA:1,(anonymous_5)
FNDA:1,resetDatabase
FNDA:1,(anonymous_7)
FNDA:1,(anonymous_8)
FNDA:0,(anonymous_9)
FNDA:0,checkServiceTypes
FNDA:0,(anonymous_11)
FNDA:0,(anonymous_12)
FNDA:0,checkCounters
FNDA:0,(anonymous_14)
FNDA:0,verifyDatabase
FNDA:0,(anonymous_16)
FNDA:0,(anonymous_17)
FNDA:0,(anonymous_18)
FNDA:0,(anonymous_19)
FNDA:0,(anonymous_20)
DA:7,1
DA:8,1
DA:9,1
DA:12,1
DA:13,1
DA:22,1
DA:23,1
DA:26,1
DA:27,1
DA:28,0
DA:29,0
DA:30,0
DA:32,1
DA:36,1
DA:37,1
DA:38,0
DA:39,0
DA:40,0
DA:42,1
DA:47,1
DA:48,1
DA:49,1
DA:51,0
DA:52,0
DA:53,0
DA:54,0
DA:58,1
DA:59,1
DA:60,0
DA:61,0
DA:62,0
DA:63,0
DA:67,1
DA:68,1
DA:69,0
DA:70,0
DA:71,0
DA:73,1
DA:74,1
DA:75,1
DA:86,1
DA:87,1
DA:90,1
DA:91,0
DA:92,0
DA:93,0
DA:95,0
DA:96,0
DA:97,0
DA:102,1
DA:103,1
DA:104,0
DA:112,0
DA:113,0
DA:114,0
DA:115,0
DA:116,0
DA:117,0
DA:120,0
DA:121,0
DA:122,0
DA:126,0
DA:134,0
DA:135,0
DA:136,0
DA:137,0
DA:138,0
DA:139,0
DA:142,0
DA:143,0
DA:144,0
DA:145,0
DA:153,0
DA:154,0
DA:156,0
DA:157,0
DA:158,0
DA:159,0
DA:164,0
DA:165,0
DA:166,0
DA:167,0
DA:168,0
DA:169,0
DA:172,0
DA:175,0
DA:181,1
DA:189,1
DA:190,0
DA:192,0
DA:193,0
DA:194,0
DA:195,0
DA:196,0
DA:197,0
DA:199,0
DA:201,0
DA:203,0
DA:204,0
DA:205,0
DA:206,0
DA:208,0
DA:210,0
LF:103
LH:30
BRDA:27,0,0,0
BRDA:27,0,1,1
BRDA:37,1,0,0
BRDA:37,1,1,1
BRDA:59,2,0,0
BRDA:59,2,1,1
BRDA:68,3,0,0
BRDA:68,3,1,1
BRDA:90,4,0,0
BRDA:90,4,1,1
BRDA:113,5,0,0
BRDA:113,5,1,0
BRDA:135,6,0,0
BRDA:135,6,1,0
BRDA:157,7,0,0
BRDA:157,7,1,0
BRDA:165,8,0,0
BRDA:165,8,1,0
BRDA:189,9,0,0
BRDA:189,9,1,1
BRDA:194,10,0,0
BRDA:194,10,1,0
BRDA:196,11,0,0
BRDA:196,11,1,0
BRDA:203,12,0,0
BRDA:203,12,1,0
BRDA:205,13,0,0
BRDA:205,13,1,0
BRF:28
BRH:6
end_of_record
TN:
SF:server\errors\AppError.js
FN:2,(anonymous_0)
FNF:1
FNH:1
FNDA:2,(anonymous_0)
DA:6,2
DA:7,2
DA:8,2
DA:12,1
LF:4
LH:4
BRF:0
BRH:0
end_of_record
TN:
SF:server\errors\BadRequestError.js
FN:4,(anonymous_0)
FNF:1
FNH:1
FNDA:2,(anonymous_0)
DA:1,1
DA:5,2
DA:6,2
DA:7,2
DA:11,1
LF:5
LH:5
BRF:0
BRH:0
end_of_record
TN:
SF:server\errors\ConflictError.js
FN:4,(anonymous_0)
FNF:1
FNH:0
FNDA:0,(anonymous_0)
DA:1,1
DA:5,0
DA:6,0
DA:7,0
DA:11,1
LF:5
LH:2
BRF:0
BRH:0
end_of_record
TN:
SF:server\errors\NotFoundError.js
FN:4,(anonymous_0)
FNF:1
FNH:0
FNDA:0,(anonymous_0)
DA:1,1
DA:5,0
DA:6,0
DA:7,0
DA:11,1
LF:5
LH:2
BRF:0
BRH:0
end_of_record
TN:
SF:server\errors\UnauthorizedError.js
FN:4,(anonymous_0)
FNF:1
FNH:0
FNDA:0,(anonymous_0)
DA:1,1
DA:5,0
DA:6,0
DA:7,0
DA:11,1
LF:5
LH:2
BRF:0
BRH:0
end_of_record
TN:
SF:server\middlewares\authMiddleware.js
FN:6,(anonymous_0)
FN:14,(anonymous_1)
FN:25,(anonymous_2)
FN:37,(anonymous_3)
FN:40,(anonymous_4)
FN:53,(anonymous_5)
FN:68,(anonymous_6)
FNF:7
FNH:5
FNDA:8,(anonymous_0)
FNDA:0,(anonymous_1)
FNDA:4,(anonymous_2)
FNDA:1,(anonymous_3)
FNDA:1,(anonymous_4)
FNDA:1,(anonymous_5)
FNDA:0,(anonymous_6)
DA:1,1
DA:2,1
DA:3,1
DA:4,1
DA:6,1
DA:7,8
DA:8,8
DA:10,0
DA:14,1
DA:15,0
DA:16,0
DA:17,0
DA:19,0
DA:22,0
DA:25,1
DA:26,4
DA:27,4
DA:28,4
DA:30,0
DA:33,0
DA:37,1
DA:38,1
DA:39,1
DA:40,1
DA:41,1
DA:42,1
DA:44,0
DA:47,0
DA:53,1
DA:56,1
DA:57,1
DA:61,0
DA:68,1
DA:69,0
DA:70,0
DA:73,0
DA:74,0
DA:75,0
DA:77,0
DA:78,0
DA:81,0
LF:41
LH:22
BRDA:7,0,0,8
BRDA:7,0,1,0
BRDA:15,1,0,0
BRDA:15,1,1,0
BRDA:16,2,0,0
BRDA:16,2,1,0
BRDA:26,3,0,4
BRDA:26,3,1,0
BRDA:27,4,0,4
BRDA:27,4,1,0
BRDA:38,5,0,1
BRDA:38,5,1,0
BRDA:41,6,0,1
BRDA:41,6,1,0
BRDA:56,7,0,1
BRDA:56,7,1,0
BRDA:69,8,0,0
BRDA:69,8,1,0
BRDA:77,9,0,0
BRDA:77,9,1,0
BRDA:77,10,0,0
BRDA:77,10,1,0
BRF:22
BRH:6
end_of_record
TN:
SF:server\middlewares\errorMiddleware.js
FN:3,(anonymous_0)
FNF:1
FNH:0
FNDA:0,(anonymous_0)
DA:1,1
DA:3,1
DA:4,0
DA:5,0
DA:8,0
DA:9,0
DA:10,0
LF:7
LH:2
BRDA:4,0,0,0
BRDA:4,0,1,0
BRF:2
BRH:0
end_of_record
TN:
SF:server\middlewares\uploadMiddleware.js
FN:26,(anonymous_0)
FN:30,(anonymous_1)
FN:40,(anonymous_2)
FN:44,(anonymous_3)
FN:53,(anonymous_4)
FNF:5
FNH:0
FNDA:0,(anonymous_0)
FNDA:0,(anonymous_1)
FNDA:0,(anonymous_2)
FNDA:0,(anonymous_3)
FNDA:0,(anonymous_4)
DA:3,1
DA:4,1
DA:5,1
DA:6,1
DA:10,1
DA:12,1
DA:15,1
DA:16,1
DA:19,1
DA:20,1
DA:24,1
DA:27,0
DA:32,0
DA:33,0
DA:34,0
DA:38,1
DA:41,0
DA:46,0
DA:47,0
DA:48,0
DA:53,1
DA:54,0
DA:55,0
DA:57,0
DA:62,1
DA:68,1
DA:78,1
DA:80,1
LF:28
LH:17
BRDA:15,0,0,1
BRDA:15,0,1,0
BRDA:19,1,0,1
BRDA:19,1,1,0
BRDA:54,2,0,0
BRDA:54,2,1,0
BRF:6
BRH:2
end_of_record
TN:
SF:server\repository\commentRepository.js
FN:9,(anonymous_0)
FN:23,(anonymous_1)
FNF:2
FNH:0
FNDA:0,(anonymous_0)
FNDA:0,(anonymous_1)
DA:3,1
DA:4,1
DA:5,1
DA:6,1
DA:7,1
DA:9,1
DA:10,0
DA:11,0
DA:14,0
DA:15,0
DA:19,0
DA:20,0
DA:23,1
DA:24,0
DA:27,0
DA:28,0
DA:30,0
LF:17
LH:7
BRDA:10,0,0,0
BRDA:10,0,1,0
BRDA:10,1,0,0
BRDA:10,1,1,0
BRDA:11,2,0,0
BRDA:11,2,1,0
BRDA:11,3,0,0
BRDA:11,3,1,0
BRDA:11,3,2,0
BRDA:15,4,0,0
BRDA:15,4,1,0
BRDA:24,5,0,0
BRDA:24,5,1,0
BRDA:24,6,0,0
BRDA:24,6,1,0
BRDA:28,7,0,0
BRDA:28,7,1,0
BRF:17
BRH:0
end_of_record
TN:
SF:server\repository\reportRepository.js
FN:13,(anonymous_0)
FN:69,(anonymous_1)
FN:120,(anonymous_2)
FN:176,(anonymous_3)
FN:206,(anonymous_4)
FN:240,(anonymous_5)
FN:297,(anonymous_6)
FN:321,(anonymous_7)
FN:328,(anonymous_8)
FN:336,(anonymous_9)
FN:340,(anonymous_10)
FN:349,(anonymous_11)
FN:370,(anonymous_12)
FN:425,(anonymous_13)
FN:471,(anonymous_14)
FN:493,(anonymous_15)
FNF:16
FNH:9
FNDA:5,(anonymous_0)
FNDA:2,(anonymous_1)
FNDA:2,(anonymous_2)
FNDA:0,(anonymous_3)
FNDA:2,(anonymous_4)
FNDA:2,(anonymous_5)
FNDA:2,(anonymous_6)
FNDA:0,(anonymous_7)
FNDA:2,(anonymous_8)
FNDA:0,(anonymous_9)
FNDA:0,(anonymous_10)
FNDA:1,(anonymous_11)
FNDA:0,(anonymous_12)
FNDA:0,(anonymous_13)
FNDA:1,(anonymous_14)
FNDA:0,(anonymous_15)
DA:1,1
DA:2,1
DA:3,1
DA:4,1
DA:5,1
DA:6,1
DA:7,1
DA:8,1
DA:13,1
DA:14,5
DA:20,5
DA:69,1
DA:70,2
DA:79,2
DA:82,2
DA:83,0
DA:86,2
DA:87,0
DA:91,2
DA:92,0
DA:96,2
DA:97,0
DA:100,2
DA:101,0
DA:104,2
DA:105,0
DA:108,2
DA:109,0
DA:112,2
DA:113,0
DA:116,2
DA:117,0
DA:120,2
DA:121,2
DA:122,0
DA:124,2
DA:128,2
DA:129,2
DA:130,2
DA:131,0
DA:133,2
DA:134,0
DA:138,2
DA:147,2
DA:148,0
DA:153,2
DA:164,2
DA:166,0
DA:167,0
DA:176,1
DA:177,0
DA:178,0
DA:180,0
DA:181,0
DA:182,0
DA:186,0
DA:196,0
DA:206,1
DA:207,2
DA:208,0
DA:209,0
DA:211,0
DA:218,2
DA:219,0
DA:222,2
DA:223,2
DA:224,2
DA:227,0
DA:240,1
DA:241,2
DA:242,2
DA:243,0
DA:246,2
DA:248,2
DA:249,0
DA:252,2
DA:253,2
DA:254,2
DA:257,2
DA:258,0
DA:262,2
DA:263,2
DA:264,0
DA:266,2
DA:267,0
DA:270,2
DA:277,0
DA:284,0
DA:285,0
DA:288,0
DA:290,2
DA:291,2
DA:297,1
DA:298,2
DA:299,0
DA:302,2
DA:303,2
DA:310,2
DA:311,0
DA:314,2
DA:315,2
DA:321,1
DA:322,0
DA:328,1
DA:329,2
DA:336,1
DA:337,0
DA:340,1
DA:341,0
DA:342,0
DA:349,1
DA:350,1
DA:351,0
DA:354,1
DA:355,0
DA:358,1
DA:359,1
DA:360,1
DA:370,1
DA:371,0
DA:372,0
DA:374,0
DA:375,0
DA:377,0
DA:378,0
DA:380,0
DA:381,0
DA:385,0
DA:386,0
DA:387,0
DA:391,0
DA:392,0
DA:396,0
DA:397,0
DA:401,0
DA:402,0
DA:403,0
DA:405,0
DA:406,0
DA:410,0
DA:411,0
DA:412,0
DA:415,0
DA:425,1
DA:426,0
DA:427,0
DA:429,0
DA:430,0
DA:433,0
DA:434,0
DA:437,0
DA:440,0
DA:446,0
DA:447,0
DA:451,0
DA:453,0
DA:455,0
DA:456,0
DA:457,0
DA:460,0
DA:464,0
DA:471,1
DA:472,1
DA:473,0
DA:476,1
DA:477,0
DA:481,1
DA:482,1
DA:485,1
DA:493,1
DA:494,0
DA:495,0
DA:498,0
DA:499,0
DA:502,0
DA:503,0
LF:176
LH:83
BRDA:29,0,0,5
BRDA:29,0,1,5
BRDA:30,1,0,5
BRDA:30,1,1,5
BRDA:45,2,0,0
BRDA:45,2,1,5
BRDA:54,3,0,0
BRDA:54,3,1,5
BRDA:79,4,0,2
BRDA:79,4,1,0
BRDA:82,5,0,0
BRDA:82,5,1,2
BRDA:82,6,0,2
BRDA:82,6,1,2
BRDA:86,7,0,0
BRDA:86,7,1,2
BRDA:86,8,0,2
BRDA:86,8,1,2
BRDA:91,9,0,0
BRDA:91,9,1,2
BRDA:91,10,0,2
BRDA:91,10,1,2
BRDA:91,10,2,2
BRDA:96,11,0,0
BRDA:96,11,1,2
BRDA:96,12,0,2
BRDA:96,12,1,2
BRDA:96,12,2,2
BRDA:100,13,0,0
BRDA:100,13,1,2
BRDA:100,14,0,2
BRDA:100,14,1,2
BRDA:104,15,0,0
BRDA:104,15,1,2
BRDA:104,16,0,2
BRDA:104,16,1,2
BRDA:108,17,0,0
BRDA:108,17,1,2
BRDA:108,18,0,2
BRDA:108,18,1,2
BRDA:112,19,0,0
BRDA:112,19,1,2
BRDA:116,20,0,0
BRDA:116,20,1,2
BRDA:116,21,0,2
BRDA:116,21,1,2
BRDA:121,22,0,0
BRDA:121,22,1,2
BRDA:121,23,0,2
BRDA:121,23,1,2
BRDA:128,24,0,2
BRDA:128,24,1,0
BRDA:128,25,0,2
BRDA:128,25,1,2
BRDA:130,26,0,0
BRDA:130,26,1,2
BRDA:133,27,0,0
BRDA:133,27,1,2
BRDA:139,28,0,0
BRDA:139,28,1,2
BRDA:147,29,0,0
BRDA:147,29,1,2
BRDA:177,30,0,0
BRDA:177,30,1,0
BRDA:181,31,0,0
BRDA:181,31,1,0
BRDA:207,32,0,0
BRDA:207,32,1,2
BRDA:208,33,0,0
BRDA:208,33,1,0
BRDA:208,34,0,0
BRDA:208,34,1,0
BRDA:218,35,0,0
BRDA:218,35,1,2
BRDA:218,36,0,2
BRDA:218,36,1,2
BRDA:223,37,0,2
BRDA:223,37,1,0
BRDA:240,38,0,0
BRDA:242,39,0,0
BRDA:242,39,1,2
BRDA:248,40,0,0
BRDA:248,40,1,2
BRDA:253,41,0,2
BRDA:253,41,1,0
BRDA:257,42,0,0
BRDA:257,42,1,2
BRDA:263,43,0,0
BRDA:263,43,1,2
BRDA:266,44,0,0
BRDA:266,44,1,2
BRDA:284,45,0,0
BRDA:284,45,1,0
BRDA:297,46,0,2
BRDA:298,47,0,0
BRDA:298,47,1,2
BRDA:310,48,0,0
BRDA:310,48,1,2
BRDA:321,49,0,0
BRDA:336,50,0,0
BRDA:340,51,0,0
BRDA:350,52,0,0
BRDA:350,52,1,1
BRDA:354,53,0,0
BRDA:354,53,1,1
BRDA:371,54,0,0
BRDA:371,54,1,0
BRDA:374,55,0,0
BRDA:374,55,1,0
BRDA:377,56,0,0
BRDA:377,56,1,0
BRDA:380,57,0,0
BRDA:380,57,1,0
BRDA:386,58,0,0
BRDA:386,58,1,0
BRDA:391,59,0,0
BRDA:391,59,1,0
BRDA:396,60,0,0
BRDA:396,60,1,0
BRDA:402,61,0,0
BRDA:402,61,1,0
BRDA:405,62,0,0
BRDA:405,62,1,0
BRDA:411,63,0,0
BRDA:411,63,1,0
BRDA:426,64,0,0
BRDA:426,64,1,0
BRDA:426,65,0,0
BRDA:426,65,1,0
BRDA:429,66,0,0
BRDA:429,66,1,0
BRDA:433,67,0,0
BRDA:433,67,1,0
BRDA:446,68,0,0
BRDA:446,68,1,0
BRDA:453,69,0,0
BRDA:453,69,1,0
BRDA:456,70,0,0
BRDA:456,70,1,0
BRDA:472,71,0,0
BRDA:472,71,1,1
BRDA:476,72,0,0
BRDA:476,72,1,1
BRDA:494,73,0,0
BRDA:494,73,1,0
BRDA:498,74,0,0
BRDA:498,74,1,0
BRDA:498,75,0,0
BRDA:498,75,1,0
BRF:149
BRH:62
end_of_record
TN:
SF:server\repository\streetRepository.js
FN:4,(anonymous_0)
FN:8,fetchStreetGeometry
FN:36,(anonymous_2)
FN:38,(anonymous_3)
FN:68,(anonymous_4)
FN:72,(anonymous_5)
FN:73,(anonymous_6)
FN:95,(anonymous_7)
FN:113,fetchStreetFromNominatim
FN:173,createLineBuffer
FN:212,isPointInPolygon
FN:219,(anonymous_11)
FN:238,raycastCheck
FN:240,(anonymous_13)
FN:270,(anonymous_14)
FN:290,(anonymous_15)
FN:296,(anonymous_16)
FN:323,(anonymous_17)
FNF:18
FNH:0
FNDA:0,(anonymous_0)
FNDA:0,fetchStreetGeometry
FNDA:0,(anonymous_2)
FNDA:0,(anonymous_3)
FNDA:0,(anonymous_4)
FNDA:0,(anonymous_5)
FNDA:0,(anonymous_6)
FNDA:0,(anonymous_7)
FNDA:0,fetchStreetFromNominatim
FNDA:0,createLineBuffer
FNDA:0,isPointInPolygon
FNDA:0,(anonymous_11)
FNDA:0,raycastCheck
FNDA:0,(anonymous_13)
FNDA:0,(anonymous_14)
FNDA:0,(anonymous_15)
FNDA:0,(anonymous_16)
FNDA:0,(anonymous_17)
DA:1,1
DA:2,1
DA:4,1
DA:5,0
DA:10,0
DA:19,0
DA:20,0
DA:29,0
DA:30,0
DA:31,0
DA:35,0
DA:36,0
DA:37,0
DA:38,0
DA:40,0
DA:41,0
DA:43,0
DA:44,0
DA:45,0
DA:48,0
DA:53,0
DA:54,0
DA:55,0
DA:56,0
DA:59,0
DA:62,0
DA:63,0
DA:64,0
DA:68,0
DA:71,0
DA:72,0
DA:73,0
DA:75,0
DA:82,0
DA:88,0
DA:90,0
DA:95,0
DA:100,0
DA:101,0
DA:103,0
DA:106,0
DA:114,0
DA:115,0
DA:126,0
DA:127,0
DA:130,0
DA:131,0
DA:134,0
DA:136,0
DA:146,0
DA:157,0
DA:158,0
DA:159,0
DA:162,0
DA:163,0
DA:174,0
DA:175,0
DA:177,0
DA:178,0
DA:179,0
DA:182,0
DA:183,0
DA:184,0
DA:185,0
DA:186,0
DA:189,0
DA:190,0
DA:194,0
DA:195,0
DA:196,0
DA:197,0
DA:198,0
DA:199,0
DA:200,0
DA:202,0
DA:203,0
DA:206,0
DA:213,0
DA:214,0
DA:217,0
DA:219,0
DA:220,0
DA:221,0
DA:223,0
DA:224,0
DA:225,0
DA:228,0
DA:230,0
DA:231,0
DA:240,0
DA:241,0
DA:248,0
DA:249,0
DA:250,0
DA:253,0
DA:254,0
DA:255,0
DA:256,0
DA:258,0
DA:261,0
DA:264,0
DA:270,1
DA:271,0
DA:273,0
DA:274,0
DA:278,0
DA:279,0
DA:280,0
DA:281,0
DA:284,0
DA:290,1
DA:291,0
DA:292,0
DA:293,0
DA:296,0
DA:297,0
DA:302,0
DA:303,0
DA:305,0
DA:307,0
DA:310,0
DA:313,0
DA:314,0
DA:315,0
DA:318,0
DA:319,0
DA:320,0
DA:323,0
DA:324,0
DA:325,0
DA:326,0
DA:329,0
DA:330,0
DA:333,0
DA:334,0
LF:135
LH:5
BRDA:29,0,0,0
BRDA:29,0,1,0
BRDA:29,1,0,0
BRDA:29,1,1,0
BRDA:29,1,2,0
BRDA:37,2,0,0
BRDA:37,2,1,0
BRDA:53,3,0,0
BRDA:53,3,1,0
BRDA:59,4,0,0
BRDA:59,4,1,0
BRDA:62,5,0,0
BRDA:62,5,1,0
BRDA:100,6,0,0
BRDA:100,6,1,0
BRDA:100,7,0,0
BRDA:100,7,1,0
BRDA:126,8,0,0
BRDA:126,8,1,0
BRDA:131,9,0,0
BRDA:131,9,1,0
BRDA:139,10,0,0
BRDA:139,10,1,0
BRDA:140,11,0,0
BRDA:140,11,1,0
BRDA:141,12,0,0
BRDA:141,12,1,0
BRDA:142,13,0,0
BRDA:142,13,1,0
BRDA:217,14,0,0
BRDA:217,14,1,0
BRDA:223,15,0,0
BRDA:223,15,1,0
BRDA:241,16,0,0
BRDA:241,16,1,0
BRDA:241,16,2,0
BRDA:241,16,3,0
BRDA:241,16,4,0
BRDA:248,17,0,0
BRDA:248,17,1,0
BRDA:258,18,0,0
BRDA:258,18,1,0
BRDA:261,19,0,0
BRDA:261,19,1,0
BRDA:273,20,0,0
BRDA:273,20,1,0
BRDA:278,21,0,0
BRDA:278,21,1,0
BRDA:278,22,0,0
BRDA:278,22,1,0
BRDA:297,23,0,0
BRDA:297,23,1,0
BRDA:297,23,2,0
BRDA:297,23,3,0
BRDA:302,24,0,0
BRDA:302,24,1,0
BRDA:313,25,0,0
BRDA:313,25,1,0
BRDA:325,26,0,0
BRDA:325,26,1,0
BRDA:325,27,0,0
BRDA:325,27,1,0
BRF:62
BRH:0
end_of_record
TN:
SF:server\repository\userRepository.js
FN:11,(anonymous_0)
FN:23,(anonymous_1)
FN:29,(anonymous_2)
FN:44,(anonymous_3)
FN:84,(anonymous_4)
FN:130,(anonymous_5)
FN:139,(anonymous_6)
FN:165,(anonymous_7)
FN:176,(anonymous_8)
FN:205,(anonymous_9)
FN:237,(anonymous_10)
FN:267,(anonymous_11)
FNF:12
FNH:0
FNDA:0,(anonymous_0)
FNDA:0,(anonymous_1)
FNDA:0,(anonymous_2)
FNDA:0,(anonymous_3)
FNDA:0,(anonymous_4)
FNDA:0,(anonymous_5)
FNDA:0,(anonymous_6)
FNDA:0,(anonymous_7)
FNDA:0,(anonymous_8)
FNDA:0,(anonymous_9)
FNDA:0,(anonymous_10)
FNDA:0,(anonymous_11)
DA:1,1
DA:2,1
DA:3,1
DA:4,1
DA:5,1
DA:6,1
DA:7,1
DA:8,1
DA:11,1
DA:12,0
DA:13,0
DA:14,0
DA:16,0
DA:17,0
DA:23,0
DA:26,0
DA:29,1
DA:30,0
DA:31,0
DA:33,0
DA:34,0
DA:35,0
DA:38,0
DA:39,0
DA:41,0
DA:44,1
DA:45,0
DA:46,0
DA:47,0
DA:49,0
DA:50,0
DA:51,0
DA:52,0
DA:54,0
DA:55,0
DA:57,0
DA:60,0
DA:61,0
DA:62,0
DA:68,0
DA:74,0
DA:75,0
DA:78,0
DA:79,0
DA:84,1
DA:85,0
DA:87,0
DA:89,0
DA:90,0
DA:91,0
DA:93,0
DA:94,0
DA:95,0
DA:98,0
DA:99,0
DA:100,0
DA:103,0
DA:104,0
DA:105,0
DA:108,0
DA:110,0
DA:111,0
DA:113,0
DA:114,0
DA:115,0
DA:116,0
DA:118,0
DA:119,0
DA:121,0
DA:122,0
DA:123,0
DA:130,1
DA:131,0
DA:132,0
DA:133,0
DA:135,0
DA:136,0
DA:139,1
DA:140,0
DA:141,0
DA:144,0
DA:145,0
DA:146,0
DA:149,0
DA:150,0
DA:151,0
DA:152,0
DA:153,0
DA:157,0
DA:158,0
DA:165,1
DA:166,0
DA:167,0
DA:176,1
DA:177,0
DA:178,0
DA:181,0
DA:183,0
DA:184,0
DA:185,0
DA:186,0
DA:187,0
DA:188,0
DA:189,0
DA:190,0
DA:191,0
DA:193,0
DA:197,0
DA:205,1
DA:206,0
DA:207,0
DA:210,0
DA:212,0
DA:213,0
DA:214,0
DA:215,0
DA:216,0
DA:218,0
DA:223,0
DA:224,0
DA:230,0
DA:231,0
DA:234,0
DA:237,1
DA:238,0
DA:239,0
DA:240,0
DA:241,0
DA:243,0
DA:244,0
DA:246,0
DA:247,0
DA:248,0
DA:249,0
DA:251,0
DA:252,0
DA:254,0
DA:255,0
DA:257,0
DA:258,0
DA:260,0
DA:261,0
DA:263,0
DA:264,0
DA:267,1
DA:268,0
DA:269,0
DA:270,0
DA:272,0
DA:273,0
DA:275,0
DA:276,0
DA:277,0
DA:279,0
DA:280,0
DA:282,0
DA:283,0
DA:285,0
DA:286,0
DA:288,0
DA:289,0
DA:290,0
DA:292,0
DA:293,0
LF:164
LH:19
BRDA:13,0,0,0
BRDA:13,0,1,0
BRDA:13,1,0,0
BRDA:13,1,1,0
BRDA:30,2,0,0
BRDA:30,2,1,0
BRDA:30,3,0,0
BRDA:30,3,1,0
BRDA:34,4,0,0
BRDA:34,4,1,0
BRDA:38,5,0,0
BRDA:38,5,1,0
BRDA:46,6,0,0
BRDA:46,6,1,0
BRDA:46,7,0,0
BRDA:46,7,1,0
BRDA:46,7,2,0
BRDA:46,7,3,0
BRDA:46,7,4,0
BRDA:51,8,0,0
BRDA:51,8,1,0
BRDA:54,9,0,0
BRDA:54,9,1,0
BRDA:60,10,0,0
BRDA:60,10,1,0
BRDA:93,11,0,0
BRDA:93,11,1,0
BRDA:98,12,0,0
BRDA:98,12,1,0
BRDA:103,13,0,0
BRDA:103,13,1,0
BRDA:110,14,0,0
BRDA:110,14,1,0
BRDA:110,15,0,0
BRDA:110,15,1,0
BRDA:110,15,2,0
BRDA:110,15,3,0
BRDA:110,15,4,0
BRDA:115,16,0,0
BRDA:115,16,1,0
BRDA:118,17,0,0
BRDA:118,17,1,0
BRDA:132,18,0,0
BRDA:132,18,1,0
BRDA:140,19,0,0
BRDA:140,19,1,0
BRDA:145,20,0,0
BRDA:145,20,1,0
BRDA:149,21,0,0
BRDA:149,21,1,0
BRDA:152,22,0,0
BRDA:152,22,1,0
BRDA:177,23,0,0
BRDA:177,23,1,0
BRDA:177,24,0,0
BRDA:177,24,1,0
BRDA:183,25,0,0
BRDA:183,25,1,0
BRDA:184,26,0,0
BRDA:184,26,1,0
BRDA:186,27,0,0
BRDA:186,27,1,0
BRDA:188,28,0,0
BRDA:188,28,1,0
BRDA:190,29,0,0
BRDA:190,29,1,0
BRDA:206,30,0,0
BRDA:206,30,1,0
BRDA:212,31,0,0
BRDA:212,31,1,0
BRDA:213,32,0,0
BRDA:213,32,1,0
BRDA:215,33,0,0
BRDA:215,33,1,0
BRDA:240,34,0,0
BRDA:240,34,1,0
BRDA:243,35,0,0
BRDA:243,35,1,0
BRDA:248,36,0,0
BRDA:248,36,1,0
BRDA:251,37,0,0
BRDA:251,37,1,0
BRDA:254,38,0,0
BRDA:254,38,1,0
BRDA:257,39,0,0
BRDA:257,39,1,0
BRDA:260,40,0,0
BRDA:260,40,1,0
BRDA:269,41,0,0
BRDA:269,41,1,0
BRDA:272,42,0,0
BRDA:272,42,1,0
BRDA:276,43,0,0
BRDA:276,43,1,0
BRDA:279,44,0,0
BRDA:279,44,1,0
BRDA:282,45,0,0
BRDA:282,45,1,0
BRDA:285,46,0,0
BRDA:285,46,1,0
BRDA:289,47,0,0
BRDA:289,47,1,0
BRF:102
BRH:0
end_of_record
TN:
SF:server\routes\commentRoutes.js
FNF:0
FNH:0
DA:3,1
DA:4,1
DA:5,1
DA:6,1
DA:7,1
DA:8,1
DA:46,1
DA:94,1
DA:101,1
LF:9
LH:9
BRF:0
BRH:0
end_of_record
TN:
SF:server\routes\constantRoutes.js
FN:37,(anonymous_0)
FNF:1
FNH:0
FNDA:0,(anonymous_0)
DA:3,1
DA:4,1
DA:5,1
DA:37,1
DA:38,0
DA:41,1
LF:6
LH:5
BRF:0
BRH:0
end_of_record
TN:
SF:server\routes\reportRoutes.js
FNF:0
FNH:0
DA:3,1
DA:4,1
DA:5,1
DA:6,1
DA:7,1
DA:75,1
DA:149,1
DA:180,1
DA:235,1
DA:288,1
DA:327,1
DA:368,1
DA:452,1
DA:524,1
DA:577,1
DA:611,1
DA:651,1
DA:709,1
DA:711,1
LF:19
LH:19
BRF:0
BRH:0
end_of_record
TN:
SF:server\routes\sessionRoutes.js
FNF:0
FNH:0
DA:3,1
DA:4,1
DA:5,1
DA:6,1
DA:60,1
DA:74,1
DA:86,1
DA:88,1
LF:8
LH:8
BRF:0
BRH:0
end_of_record
TN:
SF:server\routes\telegramRoutes.js
FNF:0
FNH:0
DA:3,1
DA:4,1
DA:5,1
DA:33,1
DA:66,1
DA:68,1
LF:6
LH:6
BRF:0
BRH:0
end_of_record
TN:
SF:server\routes\userRoutes.js
FNF:0
FNH:0
DA:3,1
DA:4,1
DA:5,1
DA:6,1
DA:7,1
DA:53,1
DA:99,1
DA:135,1
DA:172,1
DA:185,1
DA:202,1
DA:248,1
DA:306,1
DA:429,1
DA:523,1
DA:525,1
LF:16
LH:16
BRF:0
BRH:0
end_of_record
TN:
SF:server\services\emailService.js
FN:60,initializeEmailProvider
FN:134,logEmailToConsole
FN:152,(anonymous_2)
FN:390,(anonymous_3)
FNF:4
FNH:1
FNDA:1,initializeEmailProvider
FNDA:0,logEmailToConsole
FNDA:0,(anonymous_2)
FNDA:0,(anonymous_3)
DA:3,1
DA:4,1
DA:61,1
DA:64,1
DA:65,0
DA:66,0
DA:67,0
DA:68,0
DA:71,0
DA:72,0
DA:73,0
DA:74,0
DA:76,0
DA:77,0
DA:82,1
DA:83,1
DA:84,1
DA:85,1
DA:86,1
DA:91,0
DA:92,0
DA:99,0
DA:100,0
DA:110,0
DA:111,0
DA:114,0
DA:115,0
DA:116,0
DA:117,0
DA:119,0
DA:120,0
DA:124,0
DA:125,0
DA:129,1
DA:135,0
DA:136,0
DA:137,0
DA:138,0
DA:139,0
DA:140,0
DA:141,0
DA:142,0
DA:152,1
DA:153,0
DA:155,0
DA:325,0
DA:341,0
DA:343,0
DA:344,0
DA:352,0
DA:353,0
DA:354,0
DA:358,0
DA:359,0
DA:367,0
DA:368,0
DA:369,0
DA:373,0
DA:374,0
DA:376,0
DA:378,0
DA:379,0
DA:390,1
DA:391,0
DA:392,0
DA:395,0
DA:396,0
DA:404,0
DA:405,0
DA:406,0
DA:410,0
DA:411,0
DA:419,0
DA:420,0
DA:421,0
DA:425,0
DA:426,0
DA:428,0
DA:429,0
DA:430,0
LF:80
LH:12
BRDA:64,0,0,0
BRDA:64,0,1,1
BRDA:65,1,0,0
BRDA:65,1,1,0
BRDA:82,2,0,1
BRDA:82,2,1,0
BRDA:82,3,0,1
BRDA:82,3,1,1
BRDA:82,3,2,1
BRDA:83,4,0,1
BRDA:83,4,1,0
BRDA:83,5,0,1
BRDA:83,5,1,0
BRDA:91,6,0,0
BRDA:91,6,1,0
BRDA:99,7,0,0
BRDA:99,7,1,0
BRDA:102,8,0,0
BRDA:102,8,1,0
BRDA:343,9,0,0
BRDA:343,9,1,0
BRDA:346,10,0,0
BRDA:346,10,1,0
BRDA:358,11,0,0
BRDA:358,11,1,0
BRDA:360,12,0,0
BRDA:360,12,1,0
BRDA:395,13,0,0
BRDA:395,13,1,0
BRDA:398,14,0,0
BRDA:398,14,1,0
BRDA:410,15,0,0
BRDA:410,15,1,0
BRDA:412,16,0,0
BRDA:412,16,1,0
BRF:35
BRH:7
end_of_record
TN:
SF:server\utils\passport.js
FN:9,(anonymous_0)
FN:11,(anonymous_1)
FN:21,(anonymous_2)
FN:26,(anonymous_3)
FN:31,(anonymous_4)
FN:33,(anonymous_5)
FN:34,(anonymous_6)
FNF:7
FNH:5
FNDA:4,(anonymous_0)
FNDA:4,(anonymous_1)
FNDA:0,(anonymous_2)
FNDA:4,(anonymous_3)
FNDA:12,(anonymous_4)
FNDA:12,(anonymous_5)
FNDA:0,(anonymous_6)
DA:3,1
DA:4,1
DA:5,1
DA:8,1
DA:10,4
DA:12,4
DA:13,0
DA:16,4
DA:17,0
DA:19,4
DA:21,0
DA:26,1
DA:27,4
DA:31,1
DA:32,12
DA:33,12
DA:34,0
DA:37,1
LF:18
LH:14
BRDA:12,0,0,0
BRDA:12,0,1,4
BRDA:16,1,0,0
BRDA:16,1,1,4
BRF:4
BRH:2
end_of_record
